[ 2019-04-09T13:59:09+08:00 ] 127.0.0.1 /favicon.ico
INFO: [ app_init ] --START--
INFO: Run Behavior\BuildLiteBehavior [ RunTime:0.000006s ]
INFO: [ app_init ] --END-- [ RunTime:0.000306s ]

[ 2019-04-09T15:55:44+08:00 ] 127.0.0.1 /index.php/Admin/User/index/p/Public/Uploads/20190409/5cac4ea26321c.jpg
INFO: [ app_init ] --START--
INFO: Run Behavior\BuildLiteBehavior [ RunTime:0.000028s ]
INFO: [ app_init ] --END-- [ RunTime:0.000916s ]

[ 2019-04-09T15:55:44+08:00 ] 127.0.0.1 /index.php/Admin/User/index/p/Public/Uploads/20190409/5cac4ea26321c.jpg
INFO: [ app_init ] --START--
INFO: Run Behavior\BuildLiteBehavior [ RunTime:0.000006s ]
INFO: [ app_init ] --END-- [ RunTime:0.000367s ]

[ 2019-04-09T15:55:45+08:00 ] 127.0.0.1 /index.php/Admin/User/index/p/Public/Uploads/20190409/5cac4ea26321c.jpg
INFO: [ app_init ] --START--
INFO: Run Behavior\BuildLiteBehavior [ RunTime:0.000033s ]
INFO: [ app_init ] --END-- [ RunTime:0.000458s ]

[ 2019-04-09T16:04:47+08:00 ] 127.0.0.1 /index.php/Admin/User/index/p/Public/Uploads/20190409/sm_5cac4ea26321c.jpg
INFO: [ app_init ] --START--
INFO: Run Behavior\BuildLiteBehavior [ RunTime:0.000007s ]
INFO: [ app_init ] --END-- [ RunTime:0.000341s ]

[ 2019-04-09T16:05:06+08:00 ] 127.0.0.1 /index.php/Admin/User/index/p/Public/Uploads/20190409/sm_5cac4b4eb2023.jpg
INFO: [ app_init ] --START--
INFO: Run Behavior\BuildLiteBehavior [ RunTime:0.000005s ]
INFO: [ app_init ] --END-- [ RunTime:0.000332s ]

[ 2019-04-09T16:05:06+08:00 ] 127.0.0.1 /index.php/Admin/User/index/p/Public/Uploads/20190409/sm_5cac4bbe4118f.jpg
INFO: [ app_init ] --START--
INFO: Run Behavior\BuildLiteBehavior [ RunTime:0.000009s ]
INFO: [ app_init ] --END-- [ RunTime:0.000412s ]

[ 2019-04-09T16:05:06+08:00 ] 127.0.0.1 /index.php/Admin/User/index/p/Public/Uploads/20190409/sm_5cac4e8f29b93.jpg
INFO: [ app_init ] --START--
INFO: Run Behavior\BuildLiteBehavior [ RunTime:0.000009s ]
INFO: [ app_init ] --END-- [ RunTime:0.000446s ]

[ 2019-04-09T16:05:08+08:00 ] 127.0.0.1 /sm_
INFO: [ app_init ] --START--
INFO: Run Behavior\BuildLiteBehavior [ RunTime:0.000006s ]
INFO: [ app_init ] --END-- [ RunTime:0.000333s ]
ERR: 无法加载模块:Sm_

[ 2019-04-09T16:05:09+08:00 ] 127.0.0.1 /sm_
INFO: [ app_init ] --START--
INFO: Run Behavior\BuildLiteBehavior [ RunTime:0.000006s ]
INFO: [ app_init ] --END-- [ RunTime:0.000300s ]
ERR: 无法加载模块:Sm_

[ 2019-04-09T16:05:10+08:00 ] 127.0.0.1 /sm_
INFO: [ app_init ] --START--
INFO: Run Behavior\BuildLiteBehavior [ RunTime:0.000008s ]
INFO: [ app_init ] --END-- [ RunTime:0.000422s ]
ERR: 无法加载模块:Sm_

[ 2019-04-09T16:05:10+08:00 ] 127.0.0.1 /sm_
INFO: [ app_init ] --START--
INFO: Run Behavior\BuildLiteBehavior [ RunTime:0.000006s ]
INFO: [ app_init ] --END-- [ RunTime:0.000309s ]
ERR: 无法加载模块:Sm_

[ 2019-04-09T16:05:11+08:00 ] 127.0.0.1 /index.php/Admin/User/index/p/Public/Uploads/20190409/sm_5cac4b4eb2023.jpg
INFO: [ app_init ] --START--
INFO: Run Behavior\BuildLiteBehavior [ RunTime:0.000009s ]
INFO: [ app_init ] --END-- [ RunTime:0.003896s ]

[ 2019-04-09T16:05:11+08:00 ] 127.0.0.1 /index.php/Admin/User/index/p/Public/Uploads/20190409/sm_5cac4bbe4118f.jpg
INFO: [ app_init ] --START--
INFO: Run Behavior\BuildLiteBehavior [ RunTime:0.000006s ]
INFO: [ app_init ] --END-- [ RunTime:0.000336s ]

[ 2019-04-09T16:05:11+08:00 ] 127.0.0.1 /index.php/Admin/User/index/p/Public/Uploads/20190409/sm_5cac4e8f29b93.jpg
INFO: [ app_init ] --START--
INFO: Run Behavior\BuildLiteBehavior [ RunTime:0.000006s ]
INFO: [ app_init ] --END-- [ RunTime:0.000736s ]

[ 2019-04-09T16:05:36+08:00 ] 127.0.0.1 /index.php/Admin/User/index/p/Public/Uploads/20190409/sm_5cac4b4eb2023.jpg
INFO: [ app_init ] --START--
INFO: Run Behavior\BuildLiteBehavior [ RunTime:0.000009s ]
INFO: [ app_init ] --END-- [ RunTime:0.000398s ]

[ 2019-04-09T16:05:36+08:00 ] 127.0.0.1 /index.php/Admin/User/index/p/Public/Uploads/20190409/sm_5cac4bbe4118f.jpg
INFO: [ app_init ] --START--
INFO: Run Behavior\BuildLiteBehavior [ RunTime:0.000006s ]
INFO: [ app_init ] --END-- [ RunTime:0.000299s ]

[ 2019-04-09T16:05:36+08:00 ] 127.0.0.1 /index.php/Admin/User/index/p/Public/Uploads/20190409/sm_5cac4e8f29b93.jpg
INFO: [ app_init ] --START--
INFO: Run Behavior\BuildLiteBehavior [ RunTime:0.000007s ]
INFO: [ app_init ] --END-- [ RunTime:0.000381s ]

[ 2019-04-09T16:05:37+08:00 ] 127.0.0.1 /index.php/Admin/User/index/p/Public/Uploads/20190409/sm_5cac4b4eb2023.jpg
INFO: [ app_init ] --START--
INFO: Run Behavior\BuildLiteBehavior [ RunTime:0.000007s ]
INFO: [ app_init ] --END-- [ RunTime:0.000578s ]

[ 2019-04-09T16:05:37+08:00 ] 127.0.0.1 /index.php/Admin/User/index/p/Public/Uploads/20190409/sm_5cac4bbe4118f.jpg
INFO: [ app_init ] --START--
INFO: Run Behavior\BuildLiteBehavior [ RunTime:0.000106s ]
INFO: [ app_init ] --END-- [ RunTime:0.001375s ]

[ 2019-04-09T16:05:37+08:00 ] 127.0.0.1 /index.php/Admin/User/index/p/Public/Uploads/20190409/sm_5cac4e8f29b93.jpg
INFO: [ app_init ] --START--
INFO: Run Behavior\BuildLiteBehavior [ RunTime:0.000121s ]
INFO: [ app_init ] --END-- [ RunTime:0.000627s ]

[ 2019-04-09T16:05:38+08:00 ] 127.0.0.1 /index.php/Admin/User/index/p/Public/Uploads/20190409/sm_5cac4ea26321c.jpg
INFO: [ app_init ] --START--
INFO: Run Behavior\BuildLiteBehavior [ RunTime:0.000006s ]
INFO: [ app_init ] --END-- [ RunTime:0.000312s ]

[ 2019-04-09T16:06:36+08:00 ] 127.0.0.1 /index.php/Admin/User/index/p/Public/Uploads/20190409/sm_5cac4ea26321c.jpg
INFO: [ app_init ] --START--
INFO: Run Behavior\BuildLiteBehavior [ RunTime:0.000006s ]
INFO: [ app_init ] --END-- [ RunTime:0.000372s ]

[ 2019-04-09T16:25:32+08:00 ] 127.0.0.1 /index.php/Admin/User/index/p/Public/Uploads/20190409/sm_5cac4ea26321c.jpg
INFO: [ app_init ] --START--
INFO: Run Behavior\BuildLiteBehavior [ RunTime:0.000014s ]
INFO: [ app_init ] --END-- [ RunTime:0.000605s ]

[ 2019-04-09T16:25:50+08:00 ] 127.0.0.1 /sm_
INFO: [ app_init ] --START--
INFO: Run Behavior\BuildLiteBehavior [ RunTime:0.000006s ]
INFO: [ app_init ] --END-- [ RunTime:0.000331s ]
ERR: 无法加载模块:Sm_

[ 2019-04-09T16:26:08+08:00 ] 127.0.0.1 /sm_
INFO: [ app_init ] --START--
INFO: Run Behavior\BuildLiteBehavior [ RunTime:0.000012s ]
INFO: [ app_init ] --END-- [ RunTime:0.001418s ]
ERR: 无法加载模块:Sm_

[ 2019-04-09T16:26:10+08:00 ] 127.0.0.1 /index.php/Admin/User/index/p/Public/Uploads/20190409/sm_5cac571812959.jpg
INFO: [ app_init ] --START--
INFO: Run Behavior\BuildLiteBehavior [ RunTime:0.000006s ]
INFO: [ app_init ] --END-- [ RunTime:0.000423s ]

[ 2019-04-09T16:26:10+08:00 ] 127.0.0.1 /index.php/Admin/User/index/p/Public/Uploads/20190409/sm_5cac4ea26321c.jpg
INFO: [ app_init ] --START--
INFO: Run Behavior\BuildLiteBehavior [ RunTime:0.000005s ]
INFO: [ app_init ] --END-- [ RunTime:0.000836s ]

[ 2019-04-09T16:28:45+08:00 ] 127.0.0.1 /index.php/Admin/User/index/p/Public/Uploads/20190409/sm_5cac4ea26321c.jpg
INFO: [ app_init ] --START--
INFO: Run Behavior\BuildLiteBehavior [ RunTime:0.000008s ]
INFO: [ app_init ] --END-- [ RunTime:0.000341s ]

[ 2019-04-09T16:28:45+08:00 ] 127.0.0.1 /index.php/Admin/User/index/p/Public/Uploads/20190409/sm_5cac571812959.jpg
INFO: [ app_init ] --START--
INFO: Run Behavior\BuildLiteBehavior [ RunTime:0.000011s ]
INFO: [ app_init ] --END-- [ RunTime:0.004370s ]

[ 2019-04-09T16:29:32+08:00 ] 127.0.0.1 /index.php/Admin/User/index/p/Public/Uploads/20190409/sm_sm_5cac4ea26321c.jpg
INFO: [ app_init ] --START--
INFO: Run Behavior\BuildLiteBehavior [ RunTime:0.000027s ]
INFO: [ app_init ] --END-- [ RunTime:0.001954s ]

[ 2019-04-09T16:29:32+08:00 ] 127.0.0.1 /index.php/Admin/User/index/p/Public/Uploads/20190409/sm_sm_5cac571812959.jpg
INFO: [ app_init ] --START--
INFO: Run Behavior\BuildLiteBehavior [ RunTime:0.000007s ]
INFO: [ app_init ] --END-- [ RunTime:0.000325s ]

[ 2019-04-09T16:29:33+08:00 ] 127.0.0.1 /index.php/Admin/User/index/p/Public/Uploads/20190409/sm_sm_5cac571812959.jpg
INFO: [ app_init ] --START--
INFO: Run Behavior\BuildLiteBehavior [ RunTime:0.000006s ]
INFO: [ app_init ] --END-- [ RunTime:0.000321s ]

[ 2019-04-09T16:29:33+08:00 ] 127.0.0.1 /index.php/Admin/User/index/p/Public/Uploads/20190409/sm_sm_5cac4ea26321c.jpg
INFO: [ app_init ] --START--
INFO: Run Behavior\BuildLiteBehavior [ RunTime:0.000010s ]
INFO: [ app_init ] --END-- [ RunTime:0.000912s ]

[ 2019-04-09T16:29:33+08:00 ] 127.0.0.1 /index.php/Admin/User/index/p/Public/Uploads/20190409/sm_sm_5cac4ea26321c.jpg
INFO: [ app_init ] --START--
INFO: Run Behavior\BuildLiteBehavior [ RunTime:0.000008s ]
INFO: [ app_init ] --END-- [ RunTime:0.000352s ]

[ 2019-04-09T16:29:33+08:00 ] 127.0.0.1 /index.php/Admin/User/index/p/Public/Uploads/20190409/sm_sm_5cac571812959.jpg
INFO: [ app_init ] --START--
INFO: Run Behavior\BuildLiteBehavior [ RunTime:0.000009s ]
INFO: [ app_init ] --END-- [ RunTime:0.000420s ]

[ 2019-04-09T16:29:34+08:00 ] 127.0.0.1 /index.php/Admin/User/index/p/Public/Uploads/20190409/sm_sm_5cac571812959.jpg
INFO: [ app_init ] --START--
INFO: Run Behavior\BuildLiteBehavior [ RunTime:0.000007s ]
INFO: [ app_init ] --END-- [ RunTime:0.000316s ]

[ 2019-04-09T16:29:34+08:00 ] 127.0.0.1 /index.php/Admin/User/index/p/Public/Uploads/20190409/sm_sm_5cac4ea26321c.jpg
INFO: [ app_init ] --START--
INFO: Run Behavior\BuildLiteBehavior [ RunTime:0.000011s ]
INFO: [ app_init ] --END-- [ RunTime:0.000862s ]

[ 2019-04-09T16:29:34+08:00 ] 127.0.0.1 /index.php/Admin/User/index/p/Public/Uploads/20190409/sm_sm_5cac571812959.jpg
INFO: [ app_init ] --START--
INFO: Run Behavior\BuildLiteBehavior [ RunTime:0.000009s ]
INFO: [ app_init ] --END-- [ RunTime:0.000605s ]

[ 2019-04-09T16:29:34+08:00 ] 127.0.0.1 /index.php/Admin/User/index/p/Public/Uploads/20190409/sm_sm_5cac4ea26321c.jpg
INFO: [ app_init ] --START--
INFO: Run Behavior\BuildLiteBehavior [ RunTime:0.000005s ]
INFO: [ app_init ] --END-- [ RunTime:0.000310s ]

[ 2019-04-09T16:29:38+08:00 ] 127.0.0.1 /Public/Uploads/20190409/5cac4ea26321c.jpg
INFO: [ app_init ] --START--
INFO: Run Behavior\BuildLiteBehavior [ RunTime:0.000008s ]
INFO: [ app_init ] --END-- [ RunTime:0.000392s ]

[ 2019-04-09T16:30:22+08:00 ] 127.0.0.1 /Public/Uploads/20190409/5cac4ea26321c.jpg
INFO: [ app_init ] --START--
INFO: Run Behavior\BuildLiteBehavior [ RunTime:0.000008s ]
INFO: [ app_init ] --END-- [ RunTime:0.000334s ]

[ 2019-04-09T16:30:22+08:00 ] 127.0.0.1 /Public/Uploads/20190409/5cac4ea26321c.jpg
INFO: [ app_init ] --START--
INFO: Run Behavior\BuildLiteBehavior [ RunTime:0.000007s ]
INFO: [ app_init ] --END-- [ RunTime:0.000384s ]

[ 2019-04-09T16:30:29+08:00 ] 127.0.0.1 /sm_
INFO: [ app_init ] --START--
INFO: Run Behavior\BuildLiteBehavior [ RunTime:0.000011s ]
INFO: [ app_init ] --END-- [ RunTime:0.000673s ]
ERR: 无法加载模块:Sm_

[ 2019-04-09T16:30:32+08:00 ] 127.0.0.1 /index.php/Admin/User/index/p/Public/Uploads/20190409/sm_5cac4ea26321c.jpg
INFO: [ app_init ] --START--
INFO: Run Behavior\BuildLiteBehavior [ RunTime:0.000007s ]
INFO: [ app_init ] --END-- [ RunTime:0.000534s ]

[ 2019-04-09T16:30:32+08:00 ] 127.0.0.1 /index.php/Admin/User/index/p/Public/Uploads/20190409/sm_5cac571812959.jpg
INFO: [ app_init ] --START--
INFO: Run Behavior\BuildLiteBehavior [ RunTime:0.000005s ]
INFO: [ app_init ] --END-- [ RunTime:0.000301s ]

[ 2019-04-09T16:36:49+08:00 ] 127.0.0.1 /Public/Uploads/20190409/sm_5cac4b4eb2023.jpg
INFO: [ app_init ] --START--
INFO: Run Behavior\BuildLiteBehavior [ RunTime:0.000005s ]
INFO: [ app_init ] --END-- [ RunTime:0.000303s ]

[ 2019-04-09T16:36:49+08:00 ] 127.0.0.1 /Public/Uploads/20190409/sm_5cac4bbe4118f.jpg
INFO: [ app_init ] --START--
INFO: Run Behavior\BuildLiteBehavior [ RunTime:0.000023s ]
INFO: [ app_init ] --END-- [ RunTime:0.000768s ]

[ 2019-04-09T16:36:49+08:00 ] 127.0.0.1 /Public/Uploads/20190409/sm_5cac4e8f29b93.jpg
INFO: [ app_init ] --START--
INFO: Run Behavior\BuildLiteBehavior [ RunTime:0.000006s ]
INFO: [ app_init ] --END-- [ RunTime:0.000386s ]

[ 2019-04-09T16:59:45+08:00 ] 127.0.0.1 /Public/Uploads/20190409/sm_5cac4b4eb2023.jpg
INFO: [ app_init ] --START--
INFO: Run Behavior\BuildLiteBehavior [ RunTime:0.000005s ]
INFO: [ app_init ] --END-- [ RunTime:0.000304s ]

[ 2019-04-09T16:59:45+08:00 ] 127.0.0.1 /Public/Uploads/20190409/sm_5cac4e8f29b93.jpg
INFO: [ app_init ] --START--
INFO: Run Behavior\BuildLiteBehavior [ RunTime:0.000007s ]
INFO: [ app_init ] --END-- [ RunTime:0.000306s ]

[ 2019-04-09T16:59:45+08:00 ] 127.0.0.1 /Public/Uploads/20190409/sm_5cac4bbe4118f.jpg
INFO: [ app_init ] --START--
INFO: Run Behavior\BuildLiteBehavior [ RunTime:0.000006s ]
INFO: [ app_init ] --END-- [ RunTime:0.000393s ]

[ 2019-04-09T19:10:29+08:00 ] 127.0.0.1 /Public/Uploads/20190409/sm_5cac4e8f29b93.jpg
INFO: [ app_init ] --START--
INFO: Run Behavior\BuildLiteBehavior [ RunTime:0.000008s ]
INFO: [ app_init ] --END-- [ RunTime:0.000336s ]

[ 2019-04-09T19:10:29+08:00 ] 127.0.0.1 /Public/Uploads/20190409/sm_5cac4bbe4118f.jpg
INFO: [ app_init ] --START--
INFO: Run Behavior\BuildLiteBehavior [ RunTime:0.000007s ]
INFO: [ app_init ] --END-- [ RunTime:0.000455s ]

[ 2019-04-09T19:10:33+08:00 ] 127.0.0.1 /Public/Uploads/20190409/sm_5cac4bbe4118f.jpg
INFO: [ app_init ] --START--
INFO: Run Behavior\BuildLiteBehavior [ RunTime:0.000015s ]
INFO: [ app_init ] --END-- [ RunTime:0.000563s ]

[ 2019-04-09T19:10:36+08:00 ] 127.0.0.1 /Public/Uploads/20190409/sm_5cac4b4eb2023.jpg
INFO: [ app_init ] --START--
INFO: Run Behavior\BuildLiteBehavior [ RunTime:0.000008s ]
INFO: [ app_init ] --END-- [ RunTime:0.000392s ]

