[ 2019-04-12T08:37:38+08:00 ] 127.0.0.1 /favicon.ico
INFO: [ app_init ] --START--
INFO: Run Behavior\BuildLiteBehavior [ RunTime:0.000005s ]
INFO: [ app_init ] --END-- [ RunTime:0.000303s ]

[ 2019-04-12T08:39:21+08:00 ] 127.0.0.1 /css/layout.css
INFO: [ app_init ] --START--
INFO: Run Behavior\BuildLiteBehavior [ RunTime:0.000007s ]
INFO: [ app_init ] --END-- [ RunTime:0.002107s ]
ERR: 无法加载模块:Css

[ 2019-04-12T08:39:21+08:00 ] 127.0.0.1 /images/forum_new.gif
INFO: [ app_init ] --START--
INFO: Run Behavior\BuildLiteBehavior [ RunTime:0.000007s ]
INFO: [ app_init ] --END-- [ RunTime:0.000364s ]

[ 2019-04-12T08:39:21+08:00 ] 127.0.0.1 /css/css.css
INFO: [ app_init ] --START--
INFO: Run Behavior\BuildLiteBehavior [ RunTime:0.000008s ]
INFO: [ app_init ] --END-- [ RunTime:0.000404s ]
ERR: 无法加载模块:Css

[ 2019-04-12T08:39:21+08:00 ] 127.0.0.1 /images/20080926_9b2baec56b95a9ae46ab8ir8uBrEJQjx.gif
INFO: [ app_init ] --START--
INFO: Run Behavior\BuildLiteBehavior [ RunTime:0.000010s ]
INFO: [ app_init ] --END-- [ RunTime:0.000500s ]

[ 2019-04-12T08:40:19+08:00 ] 127.0.0.1 /images/forum_new.gif
INFO: [ app_init ] --START--
INFO: Run Behavior\BuildLiteBehavior [ RunTime:0.000023s ]
INFO: [ app_init ] --END-- [ RunTime:0.000688s ]

[ 2019-04-12T08:40:19+08:00 ] 127.0.0.1 /images/20080926_9b2baec56b95a9ae46ab8ir8uBrEJQjx.gif
INFO: [ app_init ] --START--
INFO: Run Behavior\BuildLiteBehavior [ RunTime:0.000007s ]
INFO: [ app_init ] --END-- [ RunTime:0.000401s ]

[ 2019-04-12T08:40:19+08:00 ] 127.0.0.1 /css/layout.css
INFO: [ app_init ] --START--
INFO: Run Behavior\BuildLiteBehavior [ RunTime:0.000007s ]
INFO: [ app_init ] --END-- [ RunTime:0.000353s ]
ERR: 无法加载模块:Css

[ 2019-04-12T08:40:19+08:00 ] 127.0.0.1 /css/css.css
INFO: [ app_init ] --START--
INFO: Run Behavior\BuildLiteBehavior [ RunTime:0.000023s ]
INFO: [ app_init ] --END-- [ RunTime:0.000420s ]
ERR: 无法加载模块:Css

[ 2019-04-12T08:40:19+08:00 ] 127.0.0.1 /images/forum_new.gif
INFO: [ app_init ] --START--
INFO: Run Behavior\BuildLiteBehavior [ RunTime:0.000005s ]
INFO: [ app_init ] --END-- [ RunTime:0.000293s ]

[ 2019-04-12T08:40:19+08:00 ] 127.0.0.1 /css/css.css
INFO: [ app_init ] --START--
INFO: Run Behavior\BuildLiteBehavior [ RunTime:0.000006s ]
INFO: [ app_init ] --END-- [ RunTime:0.000301s ]
ERR: 无法加载模块:Css

[ 2019-04-12T08:40:19+08:00 ] 127.0.0.1 /css/layout.css
INFO: [ app_init ] --START--
INFO: Run Behavior\BuildLiteBehavior [ RunTime:0.000005s ]
INFO: [ app_init ] --END-- [ RunTime:0.000350s ]
ERR: 无法加载模块:Css

[ 2019-04-12T08:40:19+08:00 ] 127.0.0.1 /images/20080926_9b2baec56b95a9ae46ab8ir8uBrEJQjx.gif
INFO: [ app_init ] --START--
INFO: Run Behavior\BuildLiteBehavior [ RunTime:0.000009s ]
INFO: [ app_init ] --END-- [ RunTime:0.000390s ]

[ 2019-04-12T08:40:20+08:00 ] 127.0.0.1 /css/css.css
INFO: [ app_init ] --START--
INFO: Run Behavior\BuildLiteBehavior [ RunTime:0.000023s ]
INFO: [ app_init ] --END-- [ RunTime:0.000517s ]
ERR: 无法加载模块:Css

[ 2019-04-12T08:40:20+08:00 ] 127.0.0.1 /css/layout.css
INFO: [ app_init ] --START--
INFO: Run Behavior\BuildLiteBehavior [ RunTime:0.000007s ]
INFO: [ app_init ] --END-- [ RunTime:0.000448s ]
ERR: 无法加载模块:Css

[ 2019-04-12T08:40:20+08:00 ] 127.0.0.1 /images/forum_new.gif
INFO: [ app_init ] --START--
INFO: Run Behavior\BuildLiteBehavior [ RunTime:0.000019s ]
INFO: [ app_init ] --END-- [ RunTime:0.000769s ]

[ 2019-04-12T08:40:20+08:00 ] 127.0.0.1 /images/20080926_9b2baec56b95a9ae46ab8ir8uBrEJQjx.gif
INFO: [ app_init ] --START--
INFO: Run Behavior\BuildLiteBehavior [ RunTime:0.000024s ]
INFO: [ app_init ] --END-- [ RunTime:0.000353s ]

[ 2019-04-12T08:40:20+08:00 ] 127.0.0.1 /images/forum_new.gif
INFO: [ app_init ] --START--
INFO: Run Behavior\BuildLiteBehavior [ RunTime:0.000006s ]
INFO: [ app_init ] --END-- [ RunTime:0.000314s ]

[ 2019-04-12T08:40:20+08:00 ] 127.0.0.1 /images/20080926_9b2baec56b95a9ae46ab8ir8uBrEJQjx.gif
INFO: [ app_init ] --START--
INFO: Run Behavior\BuildLiteBehavior [ RunTime:0.000006s ]
INFO: [ app_init ] --END-- [ RunTime:0.000322s ]

[ 2019-04-12T08:40:20+08:00 ] 127.0.0.1 /css/css.css
INFO: [ app_init ] --START--
INFO: Run Behavior\BuildLiteBehavior [ RunTime:0.000005s ]
INFO: [ app_init ] --END-- [ RunTime:0.000341s ]
ERR: 无法加载模块:Css

[ 2019-04-12T08:40:20+08:00 ] 127.0.0.1 /css/layout.css
INFO: [ app_init ] --START--
INFO: Run Behavior\BuildLiteBehavior [ RunTime:0.000006s ]
INFO: [ app_init ] --END-- [ RunTime:0.000301s ]
ERR: 无法加载模块:Css

[ 2019-04-12T08:40:20+08:00 ] 127.0.0.1 /images/20080926_9b2baec56b95a9ae46ab8ir8uBrEJQjx.gif
INFO: [ app_init ] --START--
INFO: Run Behavior\BuildLiteBehavior [ RunTime:0.000005s ]
INFO: [ app_init ] --END-- [ RunTime:0.000293s ]

[ 2019-04-12T08:40:20+08:00 ] 127.0.0.1 /css/layout.css
INFO: [ app_init ] --START--
INFO: Run Behavior\BuildLiteBehavior [ RunTime:0.000006s ]
INFO: [ app_init ] --END-- [ RunTime:0.000307s ]
ERR: 无法加载模块:Css

[ 2019-04-12T08:40:20+08:00 ] 127.0.0.1 /css/css.css
INFO: [ app_init ] --START--
INFO: Run Behavior\BuildLiteBehavior [ RunTime:0.000006s ]
INFO: [ app_init ] --END-- [ RunTime:0.000341s ]
ERR: 无法加载模块:Css

[ 2019-04-12T08:40:20+08:00 ] 127.0.0.1 /images/forum_new.gif
INFO: [ app_init ] --START--
INFO: Run Behavior\BuildLiteBehavior [ RunTime:0.000006s ]
INFO: [ app_init ] --END-- [ RunTime:0.000308s ]

[ 2019-04-12T08:40:20+08:00 ] 127.0.0.1 /images/forum_new.gif
INFO: [ app_init ] --START--
INFO: Run Behavior\BuildLiteBehavior [ RunTime:0.000004s ]
INFO: [ app_init ] --END-- [ RunTime:0.000316s ]

[ 2019-04-12T08:40:21+08:00 ] 127.0.0.1 /images/20080926_9b2baec56b95a9ae46ab8ir8uBrEJQjx.gif
INFO: [ app_init ] --START--
INFO: Run Behavior\BuildLiteBehavior [ RunTime:0.000008s ]
INFO: [ app_init ] --END-- [ RunTime:0.000352s ]

[ 2019-04-12T08:40:21+08:00 ] 127.0.0.1 /css/layout.css
INFO: [ app_init ] --START--
INFO: Run Behavior\BuildLiteBehavior [ RunTime:0.000005s ]
INFO: [ app_init ] --END-- [ RunTime:0.000303s ]
ERR: 无法加载模块:Css

[ 2019-04-12T08:40:21+08:00 ] 127.0.0.1 /css/layout.css
INFO: [ app_init ] --START--
INFO: Run Behavior\BuildLiteBehavior [ RunTime:0.000005s ]
INFO: [ app_init ] --END-- [ RunTime:0.000306s ]
ERR: 无法加载模块:Css

[ 2019-04-12T08:40:21+08:00 ] 127.0.0.1 /images/20080926_9b2baec56b95a9ae46ab8ir8uBrEJQjx.gif
INFO: [ app_init ] --START--
INFO: Run Behavior\BuildLiteBehavior [ RunTime:0.000007s ]
INFO: [ app_init ] --END-- [ RunTime:0.000313s ]

[ 2019-04-12T08:40:21+08:00 ] 127.0.0.1 /css/css.css
INFO: [ app_init ] --START--
INFO: Run Behavior\BuildLiteBehavior [ RunTime:0.000012s ]
INFO: [ app_init ] --END-- [ RunTime:0.001496s ]
ERR: 无法加载模块:Css

[ 2019-04-12T08:40:21+08:00 ] 127.0.0.1 /images/forum_new.gif
INFO: [ app_init ] --START--
INFO: Run Behavior\BuildLiteBehavior [ RunTime:0.000006s ]
INFO: [ app_init ] --END-- [ RunTime:0.000379s ]

[ 2019-04-12T08:40:21+08:00 ] 127.0.0.1 /images/20080926_9b2baec56b95a9ae46ab8ir8uBrEJQjx.gif
INFO: [ app_init ] --START--
INFO: Run Behavior\BuildLiteBehavior [ RunTime:0.000006s ]
INFO: [ app_init ] --END-- [ RunTime:0.000484s ]

[ 2019-04-12T08:40:21+08:00 ] 127.0.0.1 /images/forum_new.gif
INFO: [ app_init ] --START--
INFO: Run Behavior\BuildLiteBehavior [ RunTime:0.000006s ]
INFO: [ app_init ] --END-- [ RunTime:0.000318s ]

[ 2019-04-12T08:40:21+08:00 ] 127.0.0.1 /css/layout.css
INFO: [ app_init ] --START--
INFO: Run Behavior\BuildLiteBehavior [ RunTime:0.000009s ]
INFO: [ app_init ] --END-- [ RunTime:0.000368s ]
ERR: 无法加载模块:Css

[ 2019-04-12T08:40:21+08:00 ] 127.0.0.1 /css/css.css
INFO: [ app_init ] --START--
INFO: Run Behavior\BuildLiteBehavior [ RunTime:0.000006s ]
INFO: [ app_init ] --END-- [ RunTime:0.000306s ]
ERR: 无法加载模块:Css

[ 2019-04-12T08:40:21+08:00 ] 127.0.0.1 /css/layout.css
INFO: [ app_init ] --START--
INFO: Run Behavior\BuildLiteBehavior [ RunTime:0.000006s ]
INFO: [ app_init ] --END-- [ RunTime:0.000304s ]
ERR: 无法加载模块:Css

[ 2019-04-12T08:40:21+08:00 ] 127.0.0.1 /css/css.css
INFO: [ app_init ] --START--
INFO: Run Behavior\BuildLiteBehavior [ RunTime:0.000026s ]
INFO: [ app_init ] --END-- [ RunTime:0.000478s ]
ERR: 无法加载模块:Css

[ 2019-04-12T08:40:21+08:00 ] 127.0.0.1 /images/20080926_9b2baec56b95a9ae46ab8ir8uBrEJQjx.gif
INFO: [ app_init ] --START--
INFO: Run Behavior\BuildLiteBehavior [ RunTime:0.000006s ]
INFO: [ app_init ] --END-- [ RunTime:0.000314s ]

[ 2019-04-12T08:40:21+08:00 ] 127.0.0.1 /images/forum_new.gif
INFO: [ app_init ] --START--
INFO: Run Behavior\BuildLiteBehavior [ RunTime:0.000007s ]
INFO: [ app_init ] --END-- [ RunTime:0.000328s ]

[ 2019-04-12T08:40:21+08:00 ] 127.0.0.1 /css/css.css
INFO: [ app_init ] --START--
INFO: Run Behavior\BuildLiteBehavior [ RunTime:0.000006s ]
INFO: [ app_init ] --END-- [ RunTime:0.000343s ]
ERR: 无法加载模块:Css

[ 2019-04-12T08:40:21+08:00 ] 127.0.0.1 /images/20080926_9b2baec56b95a9ae46ab8ir8uBrEJQjx.gif
INFO: [ app_init ] --START--
INFO: Run Behavior\BuildLiteBehavior [ RunTime:0.000005s ]
INFO: [ app_init ] --END-- [ RunTime:0.000300s ]

[ 2019-04-12T08:40:21+08:00 ] 127.0.0.1 /css/layout.css
INFO: [ app_init ] --START--
INFO: Run Behavior\BuildLiteBehavior [ RunTime:0.000007s ]
INFO: [ app_init ] --END-- [ RunTime:0.000361s ]
ERR: 无法加载模块:Css

[ 2019-04-12T08:40:21+08:00 ] 127.0.0.1 /images/forum_new.gif
INFO: [ app_init ] --START--
INFO: Run Behavior\BuildLiteBehavior [ RunTime:0.000014s ]
INFO: [ app_init ] --END-- [ RunTime:0.000630s ]

[ 2019-04-12T08:40:21+08:00 ] 127.0.0.1 /css/css.css
INFO: [ app_init ] --START--
INFO: Run Behavior\BuildLiteBehavior [ RunTime:0.000005s ]
INFO: [ app_init ] --END-- [ RunTime:0.000314s ]
ERR: 无法加载模块:Css

[ 2019-04-12T08:40:21+08:00 ] 127.0.0.1 /css/layout.css
INFO: [ app_init ] --START--
INFO: Run Behavior\BuildLiteBehavior [ RunTime:0.000011s ]
INFO: [ app_init ] --END-- [ RunTime:0.000583s ]
ERR: 无法加载模块:Css

23s ]

[ 2019-04-12T08:40:21+08:00 ] 127.0.0.1 /images/forum_new.gif
INFO: [ app_init ] --START--
INFO: Run Behavior\BuildLiteBehavior [ RunTime:0.000005s ]
INFO: [ app_init ] --END-- [ RunTime:0.000333s ]

[ 2019-04-12T08:40:22+08:00 ] 127.0.0.1 /images/forum_new.gif
INFO: [ app_init ] --START--
INFO: Run Behavior\BuildLiteBehavior [ RunTime:0.000005s ]
INFO: [ app_init ] --END-- [ RunTime:0.000336s ]

[ 2019-04-12T08:40:22+08:00 ] 127.0.0.1 /images/20080926_9b2baec56b95a9ae46ab8ir8uBrEJQjx.gif
INFO: [ app_init ] --START--
INFO: Run Behavior\BuildLiteBehavior [ RunTime:0.000004s ]
INFO: [ app_init ] --END-- [ RunTime:0.000304s ]

[ 2019-04-12T08:40:22+08:00 ] 127.0.0.1 /css/layout.css
INFO: [ app_init ] --START--
INFO: Run Behavior\BuildLiteBehavior [ RunTime:0.000005s ]
INFO: [ app_init ] --END-- [ RunTime:0.000350s ]
ERR: 无法加载模块:Css

[ 2019-04-12T08:40:22+08:00 ] 127.0.0.1 /css/css.css
INFO: [ app_init ] --START--
INFO: Run Behavior\BuildLiteBehavior [ RunTime:0.000008s ]
INFO: [ app_init ] --END-- [ RunTime:0.000374s ]
ERR: 无法加载模块:Css

[ 2019-04-12T08:40:22+08:00 ] 127.0.0.1 /images/forum_new.gif
INFO: [ app_init ] --START--
INFO: Run Behavior\BuildLiteBehavior [ RunTime:0.000005s ]
INFO: [ app_init ] --END-- [ RunTime:0.000321s ]

[ 2019-04-12T08:40:22+08:00 ] 127.0.0.1 /css/css.css
INFO: [ app_init ] --START--
INFO: Run Behavior\BuildLiteBehavior [ RunTime:0.000005s ]
INFO: [ app_init ] --END-- [ RunTime:0.000307s ]
ERR: 无法加载模块:Css

[ 2019-04-12T08:40:22+08:00 ] 127.0.0.1 /css/layout.css
INFO: [ app_init ] --START--
INFO: Run Behavior\BuildLiteBehavior [ RunTime:0.000007s ]
INFO: [ app_init ] --END-- [ RunTime:0.000312s ]
ERR: 无法加载模块:Css

[ 2019-04-12T08:40:22+08:00 ] 127.0.0.1 /images/20080926_9b2baec56b95a9ae46ab8ir8uBrEJQjx.gif
INFO: [ app_init ] --START--
INFO: Run Behavior\BuildLiteBehavior [ RunTime:0.000006s ]
INFO: [ app_init ] --END-- [ RunTime:0.000348s ]

[ 2019-04-12T08:40:44+08:00 ] 127.0.0.1 /images/20080926_9b2baec56b95a9ae46ab8ir8uBrEJQjx.gif
INFO: [ app_init ] --START--
INFO: Run Behavior\BuildLiteBehavior [ RunTime:0.000007s ]
INFO: [ app_init ] --END-- [ RunTime:0.000422s ]

[ 2019-04-12T08:40:44+08:00 ] 127.0.0.1 /css/layout.css
INFO: [ app_init ] --START--
INFO: Run Behavior\BuildLiteBehavior [ RunTime:0.000006s ]
INFO: [ app_init ] --END-- [ RunTime:0.000495s ]
ERR: 无法加载模块:Css

[ 2019-04-12T08:40:44+08:00 ] 127.0.0.1 /css/css.css
INFO: [ app_init ] --START--
INFO: Run Behavior\BuildLiteBehavior [ RunTime:0.000008s ]
INFO: [ app_init ] --END-- [ RunTime:0.000399s ]
ERR: 无法加载模块:Css

[ 2019-04-12T08:40:44+08:00 ] 127.0.0.1 /images/forum_new.gif
INFO: [ app_init ] --START--
INFO: Run Behavior\BuildLiteBehavior [ RunTime:0.000006s ]
INFO: [ app_init ] --END-- [ RunTime:0.000330s ]

[ 2019-04-12T08:46:04+08:00 ] 192.168.215.15 /css/layout.css
INFO: [ app_init ] --START--
INFO: Run Behavior\BuildLiteBehavior [ RunTime:0.000005s ]
INFO: [ app_init ] --END-- [ RunTime:0.000298s ]
ERR: 无法加载模块:Css

[ 2019-04-12T08:46:04+08:00 ] 192.168.215.15 /css/css.css
INFO: [ app_init ] --START--
INFO: Run Behavior\BuildLiteBehavior [ RunTime:0.000008s ]
INFO: [ app_init ] --END-- [ RunTime:0.000760s ]
ERR: 无法加载模块:Css

[ 2019-04-12T08:46:04+08:00 ] 192.168.215.15 /images/forum_new.gif
INFO: [ app_init ] --START--
INFO: Run Behavior\BuildLiteBehavior [ RunTime:0.000006s ]
INFO: [ app_init ] --END-- [ RunTime:0.000386s ]

[ 2019-04-12T08:46:04+08:00 ] 192.168.215.15 /images/20080926_9b2baec56b95a9ae46ab8ir8uBrEJQjx.gif
INFO: [ app_init ] --START--
INFO: Run Behavior\BuildLiteBehavior [ RunTime:0.000005s ]
INFO: [ app_init ] --END-- [ RunTime:0.000294s ]

[ 2019-04-12T08:46:04+08:00 ] 192.168.215.15 /favicon.ico
INFO: [ app_init ] --START--
INFO: Run Behavior\BuildLiteBehavior [ RunTime:0.000005s ]
INFO: [ app_init ] --END-- [ RunTime:0.000285s ]

[ 2019-04-12T08:49:46+08:00 ] 127.0.0.1 /images/20080926_9b2baec56b95a9ae46ab8ir8uBrEJQjx.gif
INFO: [ app_init ] --START--
INFO: Run Behavior\BuildLiteBehavior [ RunTime:0.000006s ]
INFO: [ app_init ] --END-- [ RunTime:0.000398s ]

[ 2019-04-12T08:49:46+08:00 ] 127.0.0.1 /css/layout.css
INFO: [ app_init ] --START--
INFO: Run Behavior\BuildLiteBehavior [ RunTime:0.000007s ]
INFO: [ app_init ] --END-- [ RunTime:0.000363s ]
ERR: 无法加载模块:Css

[ 2019-04-12T08:49:46+08:00 ] 127.0.0.1 /css/css.css
INFO: [ app_init ] --START--
INFO: Run Behavior\BuildLiteBehavior [ RunTime:0.000007s ]
INFO: [ app_init ] --END-- [ RunTime:0.000400s ]
ERR: 无法加载模块:Css

[ 2019-04-12T08:49:46+08:00 ] 127.0.0.1 /images/forum_new.gif
INFO: [ app_init ] --START--
INFO: Run Behavior\BuildLiteBehavior [ RunTime:0.000005s ]
INFO: [ app_init ] --END-- [ RunTime:0.000424s ]

[ 2019-04-12T08:49:46+08:00 ] 127.0.0.1 /images/20080926_9b2baec56b95a9ae46ab8ir8uBrEJQjx.gif
INFO: [ app_init ] --START--
INFO: Run Behavior\BuildLiteBehavior [ RunTime:0.000017s ]
INFO: [ app_init ] --END-- [ RunTime:0.000497s ]

[ 2019-04-12T08:49:46+08:00 ] 127.0.0.1 /images/forum_new.gif
INFO: [ app_init ] --START--
INFO: Run Behavior\BuildLiteBehavior [ RunTime:0.000009s ]
INFO: [ app_init ] --END-- [ RunTime:0.000652s ]

[ 2019-04-12T08:49:46+08:00 ] 127.0.0.1 /css/css.css
INFO: [ app_init ] --START--
INFO: Run Behavior\BuildLiteBehavior [ RunTime:0.000006s ]
INFO: [ app_init ] --END-- [ RunTime:0.000323s ]
ERR: 无法加载模块:Css

[ 2019-04-12T08:49:46+08:00 ] 127.0.0.1 /css/layout.css
INFO: [ app_init ] --START--
INFO: Run Behavior\BuildLiteBehavior [ RunTime:0.000007s ]
INFO: [ app_init ] --END-- [ RunTime:0.000482s ]
ERR: 无法加载模块:Css

[ 2019-04-12T08:49:46+08:00 ] 127.0.0.1 /css/layout.css
INFO: [ app_init ] --START--
INFO: Run Behavior\BuildLiteBehavior [ RunTime:0.000007s ]
INFO: [ app_init ] --END-- [ RunTime:0.000316s ]
ERR: 无法加载模块:Css

[ 2019-04-12T08:49:46+08:00 ] 127.0.0.1 /images/20080926_9b2baec56b95a9ae46ab8ir8uBrEJQjx.gif
INFO: [ app_init ] --START--
INFO: Run Behavior\BuildLiteBehavior [ RunTime:0.000011s ]
INFO: [ app_init ] --END-- [ RunTime:0.001157s ]

[ 2019-04-12T08:49:46+08:00 ] 127.0.0.1 /css/css.css
INFO: [ app_init ] --START--
INFO: Run Behavior\BuildLiteBehavior [ RunTime:0.000008s ]
INFO: [ app_init ] --END-- [ RunTime:0.001314s ]
ERR: 无法加载模块:Css

[ 2019-04-12T08:49:46+08:00 ] 127.0.0.1 /images/forum_new.gif
INFO: [ app_init ] --START--
INFO: Run Behavior\BuildLiteBehavior [ RunTime:0.000006s ]
INFO: [ app_init ] --END-- [ RunTime:0.000321s ]

[ 2019-04-12T08:49:46+08:00 ] 127.0.0.1 /css/layout.css
INFO: [ app_init ] --START--
INFO: Run Behavior\BuildLiteBehavior [ RunTime:0.000012s ]
INFO: [ app_init ] --END-- [ RunTime:0.000343s ]
ERR: 无法加载模块:Css

[ 2019-04-12T08:49:46+08:00 ] 127.0.0.1 /css/css.css
INFO: [ app_init ] --START--
INFO: Run Behavior\BuildLiteBehavior [ RunTime:0.000007s ]
INFO: [ app_init ] --END-- [ RunTime:0.000323s ]
ERR: 无法加载模块:Css

[ 2019-04-12T08:49:46+08:00 ] 127.0.0.1 /images/20080926_9b2baec56b95a9ae46ab8ir8uBrEJQjx.gif
INFO: [ app_init ] --START--
INFO: Run Behavior\BuildLiteBehavior [ RunTime:0.000019s ]
INFO: [ app_init ] --END-- [ RunTime:0.002634s ]

[ 2019-04-12T08:49:46+08:00 ] 127.0.0.1 /images/forum_new.gif
INFO: [ app_init ] --START--
INFO: Run Behavior\BuildLiteBehavior [ RunTime:0.000007s ]
INFO: [ app_init ] --END-- [ RunTime:0.000336s ]

[ 2019-04-12T08:53:56+08:00 ] 127.0.0.1 /images/forum_new.gif
INFO: [ app_init ] --START--
INFO: Run Behavior\BuildLiteBehavior [ RunTime:0.000006s ]
INFO: [ app_init ] --END-- [ RunTime:0.000432s ]

[ 2019-04-12T08:53:56+08:00 ] 127.0.0.1 /images/20080926_9b2baec56b95a9ae46ab8ir8uBrEJQjx.gif
INFO: [ app_init ] --START--
INFO: Run Behavior\BuildLiteBehavior [ RunTime:0.000021s ]
INFO: [ app_init ] --END-- [ RunTime:0.000604s ]

[ 2019-04-12T08:53:56+08:00 ] 127.0.0.1 /css/css.css
INFO: [ app_init ] --START--
INFO: Run Behavior\BuildLiteBehavior [ RunTime:0.000024s ]
INFO: [ app_init ] --END-- [ RunTime:0.000589s ]
ERR: 无法加载模块:Css

[ 2019-04-12T08:53:56+08:00 ] 127.0.0.1 /css/layout.css
INFO: [ app_init ] --START--
INFO: Run Behavior\BuildLiteBehavior [ RunTime:0.000006s ]
INFO: [ app_init ] --END-- [ RunTime:0.000315s ]
ERR: 无法加载模块:Css

[ 2019-04-12T08:55:06+08:00 ] 127.0.0.1 /images/forum_new.gif
INFO: [ app_init ] --START--
INFO: Run Behavior\BuildLiteBehavior [ RunTime:0.000007s ]
INFO: [ app_init ] --END-- [ RunTime:0.000401s ]

[ 2019-04-12T08:55:06+08:00 ] 127.0.0.1 /images/20080926_9b2baec56b95a9ae46ab8ir8uBrEJQjx.gif
INFO: [ app_init ] --START--
INFO: Run Behavior\BuildLiteBehavior [ RunTime:0.000007s ]
INFO: [ app_init ] --END-- [ RunTime:0.000405s ]

[ 2019-04-12T08:56:59+08:00 ] 127.0.0.1 /images/forum_new.gif
INFO: [ app_init ] --START--
INFO: Run Behavior\BuildLiteBehavior [ RunTime:0.000005s ]
INFO: [ app_init ] --END-- [ RunTime:0.000295s ]

[ 2019-04-12T08:56:59+08:00 ] 127.0.0.1 /images/20080926_9b2baec56b95a9ae46ab8ir8uBrEJQjx.gif
INFO: [ app_init ] --START--
INFO: Run Behavior\BuildLiteBehavior [ RunTime:0.000010s ]
INFO: [ app_init ] --END-- [ RunTime:0.000484s ]

[ 2019-04-12T08:57:18+08:00 ] 127.0.0.1 /images/forum_new.gif
INFO: [ app_init ] --START--
INFO: Run Behavior\BuildLiteBehavior [ RunTime:0.000007s ]
INFO: [ app_init ] --END-- [ RunTime:0.000315s ]

[ 2019-04-12T08:57:18+08:00 ] 127.0.0.1 /images/20080926_9b2baec56b95a9ae46ab8ir8uBrEJQjx.gif
INFO: [ app_init ] --START--
INFO: Run Behavior\BuildLiteBehavior [ RunTime:0.000010s ]
INFO: [ app_init ] --END-- [ RunTime:0.000449s ]

[ 2019-04-12T08:59:16+08:00 ] 127.0.0.1 /images/20080926_9b2baec56b95a9ae46ab8ir8uBrEJQjx.gif
INFO: [ app_init ] --START--
INFO: Run Behavior\BuildLiteBehavior [ RunTime:0.000014s ]
INFO: [ app_init ] --END-- [ RunTime:0.006129s ]

[ 2019-04-12T14:02:58+08:00 ] 127.0.0.1 /images/20080926_9b2baec56b95a9ae46ab8ir8uBrEJQjx.gif
INFO: [ app_init ] --START--
INFO: Run Behavior\BuildLiteBehavior [ RunTime:0.000010s ]
INFO: [ app_init ] --END-- [ RunTime:0.000359s ]

[ 2019-04-12T14:02:58+08:00 ] 127.0.0.1 /css/css.css
INFO: [ app_init ] --START--
INFO: Run Behavior\BuildLiteBehavior [ RunTime:0.000012s ]
INFO: [ app_init ] --END-- [ RunTime:0.000999s ]
ERR: 无法加载模块:Css

[ 2019-04-12T14:02:58+08:00 ] 127.0.0.1 /css/style_1_forum_viewthread.css?gQK
INFO: [ app_init ] --START--
INFO: Run Behavior\BuildLiteBehavior [ RunTime:0.000009s ]
INFO: [ app_init ] --END-- [ RunTime:0.000434s ]
ERR: 无法加载模块:Css

[ 2019-04-12T14:02:58+08:00 ] 127.0.0.1 /css/style_1_common.css?gQK
INFO: [ app_init ] --START--
INFO: Run Behavior\BuildLiteBehavior [ RunTime:0.000007s ]
INFO: [ app_init ] --END-- [ RunTime:0.000659s ]
ERR: 无法加载模块:Css

[ 2019-04-12T14:02:58+08:00 ] 127.0.0.1 /images/forum_new.gif
INFO: [ app_init ] --START--
INFO: Run Behavior\BuildLiteBehavior [ RunTime:0.000011s ]
INFO: [ app_init ] --END-- [ RunTime:0.000419s ]

[ 2019-04-12T14:02:58+08:00 ] 127.0.0.1 /css/layout.css
INFO: [ app_init ] --START--
INFO: Run Behavior\BuildLiteBehavior [ RunTime:0.000016s ]
INFO: [ app_init ] --END-- [ RunTime:0.001296s ]
ERR: 无法加载模块:Css

[ 2019-04-12T17:01:26+08:00 ] 127.0.0.1 /Public/static/image/common/px.png
INFO: [ app_init ] --START--
INFO: Run Behavior\BuildLiteBehavior [ RunTime:0.000030s ]
INFO: [ app_init ] --END-- [ RunTime:0.001192s ]

[ 2019-04-12T17:02:17+08:00 ] 127.0.0.1 /Public/static/image/common/px.png
INFO: [ app_init ] --START--
INFO: Run Behavior\BuildLiteBehavior [ RunTime:0.000009s ]
INFO: [ app_init ] --END-- [ RunTime:0.000398s ]

[ 2019-04-12T17:13:09+08:00 ] 127.0.0.1 /Public/static/image/common/px.png
INFO: [ app_init ] --START--
INFO: Run Behavior\BuildLiteBehavior [ RunTime:0.000006s ]
INFO: [ app_init ] --END-- [ RunTime:0.000325s ]

[ 2019-04-12T19:51:30+08:00 ] 127.0.0.1 /Public/static/image/common/px.png
INFO: [ app_init ] --START--
INFO: Run Behavior\BuildLiteBehavior [ RunTime:0.000008s ]
INFO: [ app_init ] --END-- [ RunTime:0.000355s ]

[ 2019-04-12T19:51:36+08:00 ] 127.0.0.1 /Public/static/image/common/px.png
INFO: [ app_init ] --START--
INFO: Run Behavior\BuildLiteBehavior [ RunTime:0.000006s ]
INFO: [ app_init ] --END-- [ RunTime:0.000331s ]

[ 2019-04-12T19:52:37+08:00 ] 127.0.0.1 /images/pn_post.png
INFO: [ app_init ] --START--
INFO: Run Behavior\BuildLiteBehavior [ RunTime:0.000009s ]
INFO: [ app_init ] --END-- [ RunTime:0.000392s ]

[ 2019-04-12T20:04:10+08:00 ] 127.0.0.1 /images/pn_post.png
INFO: [ app_init ] --START--
INFO: Run Behavior\BuildLiteBehavior [ RunTime:0.000005s ]
INFO: [ app_init ] --END-- [ RunTime:0.000314s ]

[ 2019-04-12T20:08:19+08:00 ] 127.0.0.1 /Public/static/image/common/px.png
INFO: [ app_init ] --START--
INFO: Run Behavior\BuildLiteBehavior [ RunTime:0.000022s ]
INFO: [ app_init ] --END-- [ RunTime:0.000757s ]

[ 2019-04-12T20:08:35+08:00 ] 127.0.0.1 /Public/static/image/common/px.png
INFO: [ app_init ] --START--
INFO: Run Behavior\BuildLiteBehavior [ RunTime:0.000007s ]
INFO: [ app_init ] --END-- [ RunTime:0.000364s ]

[ 2019-04-12T20:08:50+08:00 ] 127.0.0.1 /images/pn_post.png
INFO: [ app_init ] --START--
INFO: Run Behavior\BuildLiteBehavior [ RunTime:0.000007s ]
INFO: [ app_init ] --END-- [ RunTime:0.000386s ]

[ 2019-04-12T20:08:54+08:00 ] 127.0.0.1 /images/pn_post.png
INFO: [ app_init ] --START--
INFO: Run Behavior\BuildLiteBehavior [ RunTime:0.000006s ]
INFO: [ app_init ] --END-- [ RunTime:0.000395s ]

[ 2019-04-12T20:08:54+08:00 ] 127.0.0.1 /images/pn_post.png
INFO: [ app_init ] --START--
INFO: Run Behavior\BuildLiteBehavior [ RunTime:0.000007s ]
INFO: [ app_init ] --END-- [ RunTime:0.000375s ]

[ 2019-04-12T20:08:55+08:00 ] 127.0.0.1 /images/pn_post.png
INFO: [ app_init ] --START--
INFO: Run Behavior\BuildLiteBehavior [ RunTime:0.000007s ]
INFO: [ app_init ] --END-- [ RunTime:0.000463s ]

[ 2019-04-12T20:08:55+08:00 ] 127.0.0.1 /images/pn_post.png
INFO: [ app_init ] --START--
INFO: Run Behavior\BuildLiteBehavior [ RunTime:0.000006s ]
INFO: [ app_init ] --END-- [ RunTime:0.000313s ]

[ 2019-04-12T20:08:55+08:00 ] 127.0.0.1 /images/pn_post.png
INFO: [ app_init ] --START--
INFO: Run Behavior\BuildLiteBehavior [ RunTime:0.000006s ]
INFO: [ app_init ] --END-- [ RunTime:0.000362s ]

[ 2019-04-12T20:10:02+08:00 ] 127.0.0.1 /images/pn_post.png
INFO: [ app_init ] --START--
INFO: Run Behavior\BuildLiteBehavior [ RunTime:0.000008s ]
INFO: [ app_init ] --END-- [ RunTime:0.000432s ]

[ 2019-04-12T20:10:03+08:00 ] 127.0.0.1 /images/pn_post.png
INFO: [ app_init ] --START--
INFO: Run Behavior\BuildLiteBehavior [ RunTime:0.000008s ]
INFO: [ app_init ] --END-- [ RunTime:0.000349s ]

[ 2019-04-12T20:10:03+08:00 ] 127.0.0.1 /images/pn_post.png
INFO: [ app_init ] --START--
INFO: Run Behavior\BuildLiteBehavior [ RunTime:0.000007s ]
INFO: [ app_init ] --END-- [ RunTime:0.000320s ]

[ 2019-04-12T20:10:03+08:00 ] 127.0.0.1 /images/pn_post.png
INFO: [ app_init ] --START--
INFO: Run Behavior\BuildLiteBehavior [ RunTime:0.000007s ]
INFO: [ app_init ] --END-- [ RunTime:0.000318s ]

[ 2019-04-12T20:10:03+08:00 ] 127.0.0.1 /images/pn_post.png
INFO: [ app_init ] --START--
INFO: Run Behavior\BuildLiteBehavior [ RunTime:0.000006s ]
INFO: [ app_init ] --END-- [ RunTime:0.000306s ]

[ 2019-04-12T20:10:08+08:00 ] 127.0.0.1 /images/pn_post.png
INFO: [ app_init ] --START--
INFO: Run Behavior\BuildLiteBehavior [ RunTime:0.000013s ]
INFO: [ app_init ] --END-- [ RunTime:0.000451s ]

[ 2019-04-12T20:10:08+08:00 ] 127.0.0.1 /images/pn_post.png
INFO: [ app_init ] --START--
INFO: Run Behavior\BuildLiteBehavior [ RunTime:0.000007s ]
INFO: [ app_init ] --END-- [ RunTime:0.000341s ]

[ 2019-04-12T20:10:09+08:00 ] 127.0.0.1 /images/pn_post.png
INFO: [ app_init ] --START--
INFO: Run Behavior\BuildLiteBehavior [ RunTime:0.000006s ]
INFO: [ app_init ] --END-- [ RunTime:0.000331s ]

[ 2019-04-12T20:10:09+08:00 ] 127.0.0.1 /images/pn_post.png
INFO: [ app_init ] --START--
INFO: Run Behavior\BuildLiteBehavior [ RunTime:0.000006s ]
INFO: [ app_init ] --END-- [ RunTime:0.000329s ]

[ 2019-04-12T20:10:09+08:00 ] 127.0.0.1 /images/pn_post.png
INFO: [ app_init ] --START--
INFO: Run Behavior\BuildLiteBehavior [ RunTime:0.000008s ]
INFO: [ app_init ] --END-- [ RunTime:0.000624s ]

[ 2019-04-12T20:11:22+08:00 ] 127.0.0.1 /images/pn_post.png
INFO: [ app_init ] --START--
INFO: Run Behavior\BuildLiteBehavior [ RunTime:0.000009s ]
INFO: [ app_init ] --END-- [ RunTime:0.000345s ]

[ 2019-04-12T20:11:23+08:00 ] 127.0.0.1 /images/pn_post.png
INFO: [ app_init ] --START--
INFO: Run Behavior\BuildLiteBehavior [ RunTime:0.000006s ]
INFO: [ app_init ] --END-- [ RunTime:0.000304s ]

[ 2019-04-12T20:11:23+08:00 ] 127.0.0.1 /images/pn_post.png
INFO: [ app_init ] --START--
INFO: Run Behavior\BuildLiteBehavior [ RunTime:0.000007s ]
INFO: [ app_init ] --END-- [ RunTime:0.000361s ]

[ 2019-04-12T20:11:23+08:00 ] 127.0.0.1 /images/pn_post.png
INFO: [ app_init ] --START--
INFO: Run Behavior\BuildLiteBehavior [ RunTime:0.000006s ]
INFO: [ app_init ] --END-- [ RunTime:0.000331s ]

[ 2019-04-12T20:11:23+08:00 ] 127.0.0.1 /images/pn_post.png
INFO: [ app_init ] --START--
INFO: Run Behavior\BuildLiteBehavior [ RunTime:0.000014s ]
INFO: [ app_init ] --END-- [ RunTime:0.001154s ]

[ 2019-04-12T20:11:24+08:00 ] 127.0.0.1 /images/pn_post.png
INFO: [ app_init ] --START--
INFO: Run Behavior\BuildLiteBehavior [ RunTime:0.000007s ]
INFO: [ app_init ] --END-- [ RunTime:0.000335s ]

[ 2019-04-12T20:11:24+08:00 ] 127.0.0.1 /images/pn_post.png
INFO: [ app_init ] --START--
INFO: Run Behavior\BuildLiteBehavior [ RunTime:0.000007s ]
INFO: [ app_init ] --END-- [ RunTime:0.000344s ]

[ 2019-04-12T20:11:24+08:00 ] 127.0.0.1 /images/pn_post.png
INFO: [ app_init ] --START--
INFO: Run Behavior\BuildLiteBehavior [ RunTime:0.000008s ]
INFO: [ app_init ] --END-- [ RunTime:0.000384s ]

[ 2019-04-12T20:11:24+08:00 ] 127.0.0.1 /images/pn_post.png
INFO: [ app_init ] --START--
INFO: Run Behavior\BuildLiteBehavior [ RunTime:0.000006s ]
INFO: [ app_init ] --END-- [ RunTime:0.000322s ]

[ 2019-04-12T20:11:24+08:00 ] 127.0.0.1 /images/pn_post.png
INFO: [ app_init ] --START--
INFO: Run Behavior\BuildLiteBehavior [ RunTime:0.000008s ]
INFO: [ app_init ] --END-- [ RunTime:0.000438s ]

[ 2019-04-12T20:11:24+08:00 ] 127.0.0.1 /images/pn_post.png
INFO: [ app_init ] --START--
INFO: Run Behavior\BuildLiteBehavior [ RunTime:0.000005s ]
INFO: [ app_init ] --END-- [ RunTime:0.000316s ]

[ 2019-04-12T20:11:25+08:00 ] 127.0.0.1 /images/pn_post.png
INFO: [ app_init ] --START--
INFO: Run Behavior\BuildLiteBehavior [ RunTime:0.000009s ]
INFO: [ app_init ] --END-- [ RunTime:0.000389s ]

[ 2019-04-12T20:11:25+08:00 ] 127.0.0.1 /images/pn_post.png
INFO: [ app_init ] --START--
INFO: Run Behavior\BuildLiteBehavior [ RunTime:0.000007s ]
INFO: [ app_init ] --END-- [ RunTime:0.000337s ]

[ 2019-04-12T20:11:25+08:00 ] 127.0.0.1 /images/pn_post.png
INFO: [ app_init ] --START--
INFO: Run Behavior\BuildLiteBehavior [ RunTime:0.000032s ]
INFO: [ app_init ] --END-- [ RunTime:0.001215s ]

[ 2019-04-12T20:11:25+08:00 ] 127.0.0.1 /images/pn_post.png
INFO: [ app_init ] --START--
INFO: Run Behavior\BuildLiteBehavior [ RunTime:0.000006s ]
INFO: [ app_init ] --END-- [ RunTime:0.000353s ]

[ 2019-04-12T20:11:25+08:00 ] 127.0.0.1 /images/pn_post.png
INFO: [ app_init ] --START--
INFO: Run Behavior\BuildLiteBehavior [ RunTime:0.000018s ]
INFO: [ app_init ] --END-- [ RunTime:0.000697s ]

[ 2019-04-12T20:11:25+08:00 ] 127.0.0.1 /images/pn_post.png
INFO: [ app_init ] --START--
INFO: Run Behavior\BuildLiteBehavior [ RunTime:0.000007s ]
INFO: [ app_init ] --END-- [ RunTime:0.000351s ]

[ 2019-04-12T20:11:26+08:00 ] 127.0.0.1 /images/pn_post.png
INFO: [ app_init ] --START--
INFO: Run Behavior\BuildLiteBehavior [ RunTime:0.000011s ]
INFO: [ app_init ] --END-- [ RunTime:0.000544s ]

[ 2019-04-12T20:13:13+08:00 ] 127.0.0.1 /images/pn_post.png
INFO: [ app_init ] --START--
INFO: Run Behavior\BuildLiteBehavior [ RunTime:0.000007s ]
INFO: [ app_init ] --END-- [ RunTime:0.000370s ]

[ 2019-04-12T20:14:04+08:00 ] 127.0.0.1 /images/pn_post.png
INFO: [ app_init ] --START--
INFO: Run Behavior\BuildLiteBehavior [ RunTime:0.000008s ]
INFO: [ app_init ] --END-- [ RunTime:0.000350s ]

[ 2019-04-12T20:31:19+08:00 ] 127.0.0.1 /favicon.ico
INFO: [ app_init ] --START--
INFO: Run Behavior\BuildLiteBehavior [ RunTime:0.000009s ]
INFO: [ app_init ] --END-- [ RunTime:0.000426s ]

[ 2019-04-12T20:31:20+08:00 ] 127.0.0.1 /favicon.ico
INFO: [ app_init ] --START--
INFO: Run Behavior\BuildLiteBehavior [ RunTime:0.000006s ]
INFO: [ app_init ] --END-- [ RunTime:0.000336s ]

[ 2019-04-12T20:31:21+08:00 ] 127.0.0.1 /favicon.ico
INFO: [ app_init ] --START--
INFO: Run Behavior\BuildLiteBehavior [ RunTime:0.000013s ]
INFO: [ app_init ] --END-- [ RunTime:0.000442s ]

[ 2019-04-12T20:31:21+08:00 ] 127.0.0.1 /favicon.ico
INFO: [ app_init ] --START--
INFO: Run Behavior\BuildLiteBehavior [ RunTime:0.000006s ]
INFO: [ app_init ] --END-- [ RunTime:0.000339s ]

[ 2019-04-12T20:31:21+08:00 ] 127.0.0.1 /favicon.ico
INFO: [ app_init ] --START--
INFO: Run Behavior\BuildLiteBehavior [ RunTime:0.000006s ]
INFO: [ app_init ] --END-- [ RunTime:0.000423s ]

[ 2019-04-12T20:31:22+08:00 ] 127.0.0.1 /favicon.ico
INFO: [ app_init ] --START--
INFO: Run Behavior\BuildLiteBehavior [ RunTime:0.000007s ]
INFO: [ app_init ] --END-- [ RunTime:0.000367s ]

[ 2019-04-12T20:33:49+08:00 ] 127.0.0.1 /post.html
INFO: [ app_init ] --START--
INFO: Run Behavior\BuildLiteBehavior [ RunTime:0.000006s ]
INFO: [ app_init ] --END-- [ RunTime:0.000425s ]
ERR: 无法加载模块:Post

[ 2019-04-12T20:33:52+08:00 ] 127.0.0.1 /post.html
INFO: [ app_init ] --START--
INFO: Run Behavior\BuildLiteBehavior [ RunTime:0.000006s ]
INFO: [ app_init ] --END-- [ RunTime:0.000327s ]
ERR: 无法加载模块:Post

[ 2019-04-12T20:33:54+08:00 ] 127.0.0.1 /post.html
INFO: [ app_init ] --START--
INFO: Run Behavior\BuildLiteBehavior [ RunTime:0.000005s ]
INFO: [ app_init ] --END-- [ RunTime:0.000301s ]
ERR: 无法加载模块:Post

[ 2019-04-12T20:34:03+08:00 ] 127.0.0.1 /favicon.ico
INFO: [ app_init ] --START--
INFO: Run Behavior\BuildLiteBehavior [ RunTime:0.000008s ]
INFO: [ app_init ] --END-- [ RunTime:0.000438s ]

[ 2019-04-12T20:34:04+08:00 ] 127.0.0.1 /favicon.ico
INFO: [ app_init ] --START--
INFO: Run Behavior\BuildLiteBehavior [ RunTime:0.000006s ]
INFO: [ app_init ] --END-- [ RunTime:0.000317s ]

[ 2019-04-12T20:34:04+08:00 ] 127.0.0.1 /favicon.ico
INFO: [ app_init ] --START--
INFO: Run Behavior\BuildLiteBehavior [ RunTime:0.000007s ]
INFO: [ app_init ] --END-- [ RunTime:0.000410s ]

[ 2019-04-12T20:34:05+08:00 ] 127.0.0.1 /favicon.ico
INFO: [ app_init ] --START--
INFO: Run Behavior\BuildLiteBehavior [ RunTime:0.000008s ]
INFO: [ app_init ] --END-- [ RunTime:0.000488s ]

[ 2019-04-12T20:34:08+08:00 ] 127.0.0.1 /Public/static/image/common/px.png
INFO: [ app_init ] --START--
INFO: Run Behavior\BuildLiteBehavior [ RunTime:0.000007s ]
INFO: [ app_init ] --END-- [ RunTime:0.000380s ]

[ 2019-04-12T20:35:08+08:00 ] 127.0.0.1 /Public/static/image/common/px.png
INFO: [ app_init ] --START--
INFO: Run Behavior\BuildLiteBehavior [ RunTime:0.000022s ]
INFO: [ app_init ] --END-- [ RunTime:0.001016s ]

[ 2019-04-12T20:35:25+08:00 ] 127.0.0.1 /Public/static/image/common/px.png
INFO: [ app_init ] --START--
INFO: Run Behavior\BuildLiteBehavior [ RunTime:0.000011s ]
INFO: [ app_init ] --END-- [ RunTime:0.000439s ]

[ 2019-04-12T20:36:24+08:00 ] 127.0.0.1 /Public/static/image/common/px.png
INFO: [ app_init ] --START--
INFO: Run Behavior\BuildLiteBehavior [ RunTime:0.000010s ]
INFO: [ app_init ] --END-- [ RunTime:0.000962s ]

[ 2019-04-12T20:36:47+08:00 ] 127.0.0.1 /Public/static/image/common/px.png
INFO: [ app_init ] --START--
INFO: Run Behavior\BuildLiteBehavior [ RunTime:0.000011s ]
INFO: [ app_init ] --END-- [ RunTime:0.000424s ]

[ 2019-04-12T20:41:31+08:00 ] 127.0.0.1 /post.html
INFO: [ app_init ] --START--
INFO: Run Behavior\BuildLiteBehavior [ RunTime:0.000006s ]
INFO: [ app_init ] --END-- [ RunTime:0.000320s ]
ERR: 无法加载模块:Post

[ 2019-04-12T20:41:35+08:00 ] 127.0.0.1 /post.html
INFO: [ app_init ] --START--
INFO: Run Behavior\BuildLiteBehavior [ RunTime:0.000007s ]
INFO: [ app_init ] --END-- [ RunTime:0.000319s ]
ERR: 无法加载模块:Post

[ 2019-04-12T20:43:21+08:00 ] 127.0.0.1 /index.php?m=homec=post&a=create
INFO: [ app_init ] --START--
INFO: Run Behavior\BuildLiteBehavior [ RunTime:0.000006s ]
INFO: [ app_init ] --END-- [ RunTime:0.000300s ]
ERR: 无法加载模块:Homec=post

[ 2019-04-12T20:43:31+08:00 ] 127.0.0.1 /index.php?m=homec=post&a=create
INFO: [ app_init ] --START--
INFO: Run Behavior\BuildLiteBehavior [ RunTime:0.000005s ]
INFO: [ app_init ] --END-- [ RunTime:0.000398s ]
ERR: 无法加载模块:Homec=post

[ 2019-04-12T20:43:32+08:00 ] 127.0.0.1 /index.php?m=homec=post&a=create
INFO: [ app_init ] --START--
INFO: Run Behavior\BuildLiteBehavior [ RunTime:0.000006s ]
INFO: [ app_init ] --END-- [ RunTime:0.000334s ]
ERR: 无法加载模块:Homec=post

[ 2019-04-12T20:43:54+08:00 ] 127.0.0.1 /Public/static/image/common/px.png
INFO: [ app_init ] --START--
INFO: Run Behavior\BuildLiteBehavior [ RunTime:0.000005s ]
INFO: [ app_init ] --END-- [ RunTime:0.000308s ]

[ 2019-04-12T20:43:58+08:00 ] 127.0.0.1 /Public/static/image/common/px.png
INFO: [ app_init ] --START--
INFO: Run Behavior\BuildLiteBehavior [ RunTime:0.000028s ]
INFO: [ app_init ] --END-- [ RunTime:0.000860s ]

[ 2019-04-12T20:44:06+08:00 ] 127.0.0.1 /Public/static/image/common/px.png
INFO: [ app_init ] --START--
INFO: Run Behavior\BuildLiteBehavior [ RunTime:0.000008s ]
INFO: [ app_init ] --END-- [ RunTime:0.000466s ]

[ 2019-04-12T20:49:52+08:00 ] 127.0.0.1 /post.html
INFO: [ app_init ] --START--
INFO: Run Behavior\BuildLiteBehavior [ RunTime:0.000007s ]
INFO: [ app_init ] --END-- [ RunTime:0.000364s ]
ERR: 无法加载模块:Post

[ 2019-04-12T20:50:14+08:00 ] 127.0.0.1 /post.html
INFO: [ app_init ] --START--
INFO: Run Behavior\BuildLiteBehavior [ RunTime:0.000006s ]
INFO: [ app_init ] --END-- [ RunTime:0.000329s ]
ERR: 无法加载模块:Post

