[ 2019-04-10T14:10:00+08:00 ] 192.168.215.8 /favicon.ico
INFO: [ app_init ] --START--
INFO: Run Behavior\BuildLiteBehavior [ RunTime:0.000008s ]
INFO: [ app_init ] --END-- [ RunTime:0.000421s ]

[ 2019-04-10T14:57:45+08:00 ] 127.0.0.1 /favicon.ico
INFO: [ app_init ] --START--
INFO: Run Behavior\BuildLiteBehavior [ RunTime:0.000007s ]
INFO: [ app_init ] --END-- [ RunTime:0.000336s ]

[ 2019-04-10T15:19:12+08:00 ] 192.168.215.8 /favicon.ico
INFO: [ app_init ] --START--
INFO: Run Behavior\BuildLiteBehavior [ RunTime:0.000012s ]
INFO: [ app_init ] --END-- [ RunTime:0.000358s ]

[ 2019-04-10T15:57:58+08:00 ] 127.0.0.1 /Public/Uploads/20190409/sm_sm_5cac59af1cfd5.jpg
INFO: [ app_init ] --START--
INFO: Run Behavior\BuildLiteBehavior [ RunTime:0.000006s ]
INFO: [ app_init ] --END-- [ RunTime:0.000430s ]

[ 2019-04-10T15:57:58+08:00 ] 127.0.0.1 /Public/Uploads/20190409/sm_sm_5cac571812959.jpg
INFO: [ app_init ] --START--
INFO: Run Behavior\BuildLiteBehavior [ RunTime:0.000005s ]
INFO: [ app_init ] --END-- [ RunTime:0.000401s ]

[ 2019-04-10T15:57:58+08:00 ] 127.0.0.1 /Public/Uploads/20190409/sm_sm_5cac4ea26321c.jpg
INFO: [ app_init ] --START--
INFO: Run Behavior\BuildLiteBehavior [ RunTime:0.000006s ]
INFO: [ app_init ] --END-- [ RunTime:0.000351s ]

[ 2019-04-10T15:58:13+08:00 ] 127.0.0.1 /Public/Uploads/20190410/sm_sm_5cad9f9953a78.jpg
INFO: [ app_init ] --START--
INFO: Run Behavior\BuildLiteBehavior [ RunTime:0.000006s ]
INFO: [ app_init ] --END-- [ RunTime:0.000339s ]

[ 2019-04-10T15:58:15+08:00 ] 127.0.0.1 /Public/Uploads/20190410/sm_sm_5cad9d9e3b1c4.jpg
INFO: [ app_init ] --START--
INFO: Run Behavior\BuildLiteBehavior [ RunTime:0.000006s ]
INFO: [ app_init ] --END-- [ RunTime:0.000316s ]

[ 2019-04-10T15:58:15+08:00 ] 127.0.0.1 /Public/Uploads/20190410/sm_sm_5cad9da7bd95e.jpg
INFO: [ app_init ] --START--
INFO: Run Behavior\BuildLiteBehavior [ RunTime:0.000007s ]
INFO: [ app_init ] --END-- [ RunTime:0.000341s ]

[ 2019-04-10T15:58:15+08:00 ] 127.0.0.1 /Public/Uploads/20190410/sm_sm_5cad9e81cd45f.jpg
INFO: [ app_init ] --START--
INFO: Run Behavior\BuildLiteBehavior [ RunTime:0.000007s ]
INFO: [ app_init ] --END-- [ RunTime:0.000350s ]

[ 2019-04-10T15:58:17+08:00 ] 127.0.0.1 /Public/Uploads/20190409/sm_sm_5cac4ea26321c.jpg
INFO: [ app_init ] --START--
INFO: Run Behavior\BuildLiteBehavior [ RunTime:0.000005s ]
INFO: [ app_init ] --END-- [ RunTime:0.000302s ]

[ 2019-04-10T15:58:17+08:00 ] 127.0.0.1 /Public/Uploads/20190409/sm_sm_5cac59af1cfd5.jpg
INFO: [ app_init ] --START--
INFO: Run Behavior\BuildLiteBehavior [ RunTime:0.000006s ]
INFO: [ app_init ] --END-- [ RunTime:0.000339s ]

[ 2019-04-10T15:58:17+08:00 ] 127.0.0.1 /Public/Uploads/20190409/sm_sm_5cac571812959.jpg
INFO: [ app_init ] --START--
INFO: Run Behavior\BuildLiteBehavior [ RunTime:0.000010s ]
INFO: [ app_init ] --END-- [ RunTime:0.002470s ]

[ 2019-04-10T15:58:18+08:00 ] 127.0.0.1 /Public/Uploads/20190409/sm_sm_5cac7df718813.jpg
INFO: [ app_init ] --START--
INFO: Run Behavior\BuildLiteBehavior [ RunTime:0.000007s ]
INFO: [ app_init ] --END-- [ RunTime:0.002853s ]

[ 2019-04-10T15:58:18+08:00 ] 127.0.0.1 /Public/Uploads/20190409/sm_sm_5cac59b4f1f78.jpg
INFO: [ app_init ] --START--
INFO: Run Behavior\BuildLiteBehavior [ RunTime:0.000010s ]
INFO: [ app_init ] --END-- [ RunTime:0.005907s ]

[ 2019-04-10T15:58:39+08:00 ] 127.0.0.1 /Public/Uploads/20190409/sm_sm_5cac4ea26321c.jpg
INFO: [ app_init ] --START--
INFO: Run Behavior\BuildLiteBehavior [ RunTime:0.000006s ]
INFO: [ app_init ] --END-- [ RunTime:0.000314s ]

[ 2019-04-10T15:58:39+08:00 ] 127.0.0.1 /Public/Uploads/20190409/sm_sm_5cac59af1cfd5.jpg
INFO: [ app_init ] --START--
INFO: Run Behavior\BuildLiteBehavior [ RunTime:0.000007s ]
INFO: [ app_init ] --END-- [ RunTime:0.000357s ]

[ 2019-04-10T15:58:39+08:00 ] 127.0.0.1 /Public/Uploads/20190409/sm_sm_5cac571812959.jpg
INFO: [ app_init ] --START--
INFO: Run Behavior\BuildLiteBehavior [ RunTime:0.000011s ]
INFO: [ app_init ] --END-- [ RunTime:0.000965s ]

[ 2019-04-10T15:58:42+08:00 ] 127.0.0.1 /Public/Uploads/20190409/sm_sm_5cac5edd942c7.jpg
INFO: [ app_init ] --START--
INFO: Run Behavior\BuildLiteBehavior [ RunTime:0.000007s ]
INFO: [ app_init ] --END-- [ RunTime:0.000341s ]

[ 2019-04-10T15:58:42+08:00 ] 127.0.0.1 /Public/Uploads/20190409/sm_sm_5cac59b4f1f78.jpg
INFO: [ app_init ] --START--
INFO: Run Behavior\BuildLiteBehavior [ RunTime:0.000007s ]
INFO: [ app_init ] --END-- [ RunTime:0.000355s ]

[ 2019-04-10T15:58:42+08:00 ] 127.0.0.1 /Public/Uploads/20190409/sm_sm_5cac7df718813.jpg
INFO: [ app_init ] --START--
INFO: Run Behavior\BuildLiteBehavior [ RunTime:0.000006s ]
INFO: [ app_init ] --END-- [ RunTime:0.000306s ]

[ 2019-04-10T15:58:42+08:00 ] 127.0.0.1 /Public/Uploads/20190410/sm_sm_5cad9d9e3b1c4.jpg
INFO: [ app_init ] --START--
INFO: Run Behavior\BuildLiteBehavior [ RunTime:0.000006s ]
INFO: [ app_init ] --END-- [ RunTime:0.000328s ]

[ 2019-04-10T15:58:42+08:00 ] 127.0.0.1 /Public/Uploads/20190410/sm_sm_5cad9da7bd95e.jpg
INFO: [ app_init ] --START--
INFO: Run Behavior\BuildLiteBehavior [ RunTime:0.000004s ]
INFO: [ app_init ] --END-- [ RunTime:0.000313s ]

[ 2019-04-10T15:58:42+08:00 ] 127.0.0.1 /Public/Uploads/20190410/sm_sm_5cad9e81cd45f.jpg
INFO: [ app_init ] --START--
INFO: Run Behavior\BuildLiteBehavior [ RunTime:0.000007s ]
INFO: [ app_init ] --END-- [ RunTime:0.000463s ]

[ 2019-04-10T15:58:43+08:00 ] 127.0.0.1 /Public/Uploads/20190410/sm_sm_5cada22c839f1.jpg
INFO: [ app_init ] --START--
INFO: Run Behavior\BuildLiteBehavior [ RunTime:0.000013s ]
INFO: [ app_init ] --END-- [ RunTime:0.000680s ]

[ 2019-04-10T15:58:43+08:00 ] 127.0.0.1 /Public/Uploads/20190410/sm_sm_5cad9f9953a78.jpg
INFO: [ app_init ] --START--
INFO: Run Behavior\BuildLiteBehavior [ RunTime:0.000040s ]
INFO: [ app_init ] --END-- [ RunTime:0.000848s ]

[ 2019-04-10T16:00:10+08:00 ] 127.0.0.1 /Public/Uploads/20190410/sm_sm_5cad9f9953a78.jpg
INFO: [ app_init ] --START--
INFO: Run Behavior\BuildLiteBehavior [ RunTime:0.000010s ]
INFO: [ app_init ] --END-- [ RunTime:0.000584s ]

[ 2019-04-10T16:00:10+08:00 ] 127.0.0.1 /Public/Uploads/20190410/sm_sm_5cada22c839f1.jpg
INFO: [ app_init ] --START--
INFO: Run Behavior\BuildLiteBehavior [ RunTime:0.000007s ]
INFO: [ app_init ] --END-- [ RunTime:0.000453s ]

[ 2019-04-10T16:00:10+08:00 ] 127.0.0.1 /Public/Uploads/20190410/sm_sm_5cad9f9953a78.jpg
INFO: [ app_init ] --START--
INFO: Run Behavior\BuildLiteBehavior [ RunTime:0.000007s ]
INFO: [ app_init ] --END-- [ RunTime:0.000344s ]

[ 2019-04-10T16:00:10+08:00 ] 127.0.0.1 /Public/Uploads/20190410/sm_sm_5cada22c839f1.jpg
INFO: [ app_init ] --START--
INFO: Run Behavior\BuildLiteBehavior [ RunTime:0.000006s ]
INFO: [ app_init ] --END-- [ RunTime:0.000314s ]

[ 2019-04-10T16:00:10+08:00 ] 127.0.0.1 /Public/Uploads/20190410/sm_sm_5cad9f9953a78.jpg
INFO: [ app_init ] --START--
INFO: Run Behavior\BuildLiteBehavior [ RunTime:0.000007s ]
INFO: [ app_init ] --END-- [ RunTime:0.000320s ]

[ 2019-04-10T16:00:10+08:00 ] 127.0.0.1 /Public/Uploads/20190410/sm_sm_5cada22c839f1.jpg
INFO: [ app_init ] --START--
INFO: Run Behavior\BuildLiteBehavior [ RunTime:0.000006s ]
INFO: [ app_init ] --END-- [ RunTime:0.000298s ]

[ 2019-04-10T16:00:10+08:00 ] 127.0.0.1 /Public/Uploads/20190410/sm_sm_5cada22c839f1.jpg
INFO: [ app_init ] --START--
INFO: Run Behavior\BuildLiteBehavior [ RunTime:0.000009s ]
INFO: [ app_init ] --END-- [ RunTime:0.000366s ]

[ 2019-04-10T16:00:10+08:00 ] 127.0.0.1 /Public/Uploads/20190410/sm_sm_5cad9f9953a78.jpg
INFO: [ app_init ] --START--
INFO: Run Behavior\BuildLiteBehavior [ RunTime:0.000008s ]
INFO: [ app_init ] --END-- [ RunTime:0.000412s ]

[ 2019-04-10T16:00:10+08:00 ] 127.0.0.1 /Public/Uploads/20190410/sm_sm_5cad9f9953a78.jpg
INFO: [ app_init ] --START--
INFO: Run Behavior\BuildLiteBehavior [ RunTime:0.000006s ]
INFO: [ app_init ] --END-- [ RunTime:0.000317s ]

[ 2019-04-10T16:00:10+08:00 ] 127.0.0.1 /Public/Uploads/20190410/sm_sm_5cada22c839f1.jpg
INFO: [ app_init ] --START--
INFO: Run Behavior\BuildLiteBehavior [ RunTime:0.000005s ]
INFO: [ app_init ] --END-- [ RunTime:0.000304s ]

[ 2019-04-10T16:00:10+08:00 ] 127.0.0.1 /Public/Uploads/20190410/sm_sm_5cada22c839f1.jpg
INFO: [ app_init ] --START--
INFO: Run Behavior\BuildLiteBehavior [ RunTime:0.000007s ]
INFO: [ app_init ] --END-- [ RunTime:0.000364s ]

[ 2019-04-10T16:00:10+08:00 ] 127.0.0.1 /Public/Uploads/20190410/sm_sm_5cad9f9953a78.jpg
INFO: [ app_init ] --START--
INFO: Run Behavior\BuildLiteBehavior [ RunTime:0.000008s ]
INFO: [ app_init ] --END-- [ RunTime:0.000739s ]

[ 2019-04-10T16:00:11+08:00 ] 127.0.0.1 /Public/Uploads/20190410/sm_sm_5cada22c839f1.jpg
INFO: [ app_init ] --START--
INFO: Run Behavior\BuildLiteBehavior [ RunTime:0.000009s ]
INFO: [ app_init ] --END-- [ RunTime:0.000373s ]

[ 2019-04-10T16:00:11+08:00 ] 127.0.0.1 /Public/Uploads/20190410/sm_sm_5cad9f9953a78.jpg
INFO: [ app_init ] --START--
INFO: Run Behavior\BuildLiteBehavior [ RunTime:0.000007s ]
INFO: [ app_init ] --END-- [ RunTime:0.000724s ]

[ 2019-04-10T16:00:11+08:00 ] 127.0.0.1 /Public/Uploads/20190410/sm_sm_5cada22c839f1.jpg
INFO: [ app_init ] --START--
INFO: Run Behavior\BuildLiteBehavior [ RunTime:0.000005s ]
INFO: [ app_init ] --END-- [ RunTime:0.000300s ]

[ 2019-04-10T16:01:53+08:00 ] 127.0.0.1 /g
INFO: [ app_init ] --START--
INFO: Run Behavior\BuildLiteBehavior [ RunTime:0.000007s ]
INFO: [ app_init ] --END-- [ RunTime:0.000356s ]
ERR: 无法加载模块:G

[ 2019-04-10T16:01:53+08:00 ] 127.0.0.1 /g
INFO: [ app_init ] --START--
INFO: Run Behavior\BuildLiteBehavior [ RunTime:0.000007s ]
INFO: [ app_init ] --END-- [ RunTime:0.000327s ]
ERR: 无法加载模块:G

[ 2019-04-10T16:01:54+08:00 ] 127.0.0.1 /g
INFO: [ app_init ] --START--
INFO: Run Behavior\BuildLiteBehavior [ RunTime:0.000007s ]
INFO: [ app_init ] --END-- [ RunTime:0.000341s ]
ERR: 无法加载模块:G

[ 2019-04-10T16:03:42+08:00 ] 127.0.0.1 /g
INFO: [ app_init ] --START--
INFO: Run Behavior\BuildLiteBehavior [ RunTime:0.000007s ]
INFO: [ app_init ] --END-- [ RunTime:0.000743s ]
ERR: 无法加载模块:G

[ 2019-04-10T16:03:43+08:00 ] 127.0.0.1 /g
INFO: [ app_init ] --START--
INFO: Run Behavior\BuildLiteBehavior [ RunTime:0.000008s ]
INFO: [ app_init ] --END-- [ RunTime:0.000386s ]
ERR: 无法加载模块:G

[ 2019-04-10T16:03:43+08:00 ] 127.0.0.1 /g
INFO: [ app_init ] --START--
INFO: Run Behavior\BuildLiteBehavior [ RunTime:0.000006s ]
INFO: [ app_init ] --END-- [ RunTime:0.000342s ]
ERR: 无法加载模块:G

[ 2019-04-10T16:03:49+08:00 ] 127.0.0.1 /g
INFO: [ app_init ] --START--
INFO: Run Behavior\BuildLiteBehavior [ RunTime:0.000007s ]
INFO: [ app_init ] --END-- [ RunTime:0.000360s ]
ERR: 无法加载模块:G

[ 2019-04-10T16:03:50+08:00 ] 127.0.0.1 /g
INFO: [ app_init ] --START--
INFO: Run Behavior\BuildLiteBehavior [ RunTime:0.000008s ]
INFO: [ app_init ] --END-- [ RunTime:0.000383s ]
ERR: 无法加载模块:G

[ 2019-04-10T16:03:50+08:00 ] 127.0.0.1 /g
INFO: [ app_init ] --START--
INFO: Run Behavior\BuildLiteBehavior [ RunTime:0.000007s ]
INFO: [ app_init ] --END-- [ RunTime:0.000320s ]
ERR: 无法加载模块:G

[ 2019-04-10T16:04:07+08:00 ] 127.0.0.1 /g
INFO: [ app_init ] --START--
INFO: Run Behavior\BuildLiteBehavior [ RunTime:0.000006s ]
INFO: [ app_init ] --END-- [ RunTime:0.000316s ]
ERR: 无法加载模块:G

[ 2019-04-10T16:04:08+08:00 ] 127.0.0.1 /g
INFO: [ app_init ] --START--
INFO: Run Behavior\BuildLiteBehavior [ RunTime:0.000006s ]
INFO: [ app_init ] --END-- [ RunTime:0.000316s ]
ERR: 无法加载模块:G

[ 2019-04-10T16:04:09+08:00 ] 127.0.0.1 /g
INFO: [ app_init ] --START--
INFO: Run Behavior\BuildLiteBehavior [ RunTime:0.000006s ]
INFO: [ app_init ] --END-- [ RunTime:0.000316s ]
ERR: 无法加载模块:G

[ 2019-04-10T16:05:19+08:00 ] 127.0.0.1 /g
INFO: [ app_init ] --START--
INFO: Run Behavior\BuildLiteBehavior [ RunTime:0.000007s ]
INFO: [ app_init ] --END-- [ RunTime:0.000356s ]
ERR: 无法加载模块:G

[ 2019-04-10T16:05:20+08:00 ] 127.0.0.1 /g
INFO: [ app_init ] --START--
INFO: Run Behavior\BuildLiteBehavior [ RunTime:0.000007s ]
INFO: [ app_init ] --END-- [ RunTime:0.000783s ]
ERR: 无法加载模块:G

[ 2019-04-10T16:05:20+08:00 ] 127.0.0.1 /g
INFO: [ app_init ] --START--
INFO: Run Behavior\BuildLiteBehavior [ RunTime:0.000024s ]
INFO: [ app_init ] --END-- [ RunTime:0.000333s ]
ERR: 无法加载模块:G

[ 2019-04-10T16:05:20+08:00 ] 127.0.0.1 /g
INFO: [ app_init ] --START--
INFO: Run Behavior\BuildLiteBehavior [ RunTime:0.000006s ]
INFO: [ app_init ] --END-- [ RunTime:0.000317s ]
ERR: 无法加载模块:G

[ 2019-04-10T16:05:20+08:00 ] 127.0.0.1 /g
INFO: [ app_init ] --START--
INFO: Run Behavior\BuildLiteBehavior [ RunTime:0.000009s ]
INFO: [ app_init ] --END-- [ RunTime:0.000583s ]
ERR: 无法加载模块:G

[ 2019-04-10T16:05:21+08:00 ] 127.0.0.1 /g
INFO: [ app_init ] --START--
INFO: Run Behavior\BuildLiteBehavior [ RunTime:0.000007s ]
INFO: [ app_init ] --END-- [ RunTime:0.000365s ]
ERR: 无法加载模块:G

[ 2019-04-10T16:05:21+08:00 ] 127.0.0.1 /g
INFO: [ app_init ] --START--
INFO: Run Behavior\BuildLiteBehavior [ RunTime:0.000007s ]
INFO: [ app_init ] --END-- [ RunTime:0.000350s ]
ERR: 无法加载模块:G

[ 2019-04-10T16:05:21+08:00 ] 127.0.0.1 /g
INFO: [ app_init ] --START--
INFO: Run Behavior\BuildLiteBehavior [ RunTime:0.000007s ]
INFO: [ app_init ] --END-- [ RunTime:0.000324s ]
ERR: 无法加载模块:G

[ 2019-04-10T16:05:21+08:00 ] 127.0.0.1 /g
INFO: [ app_init ] --START--
INFO: Run Behavior\BuildLiteBehavior [ RunTime:0.000006s ]
INFO: [ app_init ] --END-- [ RunTime:0.000361s ]
ERR: 无法加载模块:G

[ 2019-04-10T16:05:22+08:00 ] 127.0.0.1 /g
INFO: [ app_init ] --START--
INFO: Run Behavior\BuildLiteBehavior [ RunTime:0.000007s ]
INFO: [ app_init ] --END-- [ RunTime:0.000334s ]
ERR: 无法加载模块:G

[ 2019-04-10T16:06:14+08:00 ] 127.0.0.1 /g
INFO: [ app_init ] --START--
INFO: Run Behavior\BuildLiteBehavior [ RunTime:0.000008s ]
INFO: [ app_init ] --END-- [ RunTime:0.000504s ]
ERR: 无法加载模块:G

[ 2019-04-10T16:25:25+08:00 ] 127.0.0.1 /Public/Uploads/20190409/5cac4ea26321c.jpg
INFO: [ app_init ] --START--
INFO: Run Behavior\BuildLiteBehavior [ RunTime:0.000014s ]
INFO: [ app_init ] --END-- [ RunTime:0.000326s ]

[ 2019-04-10T16:25:45+08:00 ] 127.0.0.1 /d
INFO: [ app_init ] --START--
INFO: Run Behavior\BuildLiteBehavior [ RunTime:0.000014s ]
INFO: [ app_init ] --END-- [ RunTime:0.000439s ]
ERR: 无法加载模块:D

[ 2019-04-10T16:25:54+08:00 ] 127.0.0.1 /sm_
INFO: [ app_init ] --START--
INFO: Run Behavior\BuildLiteBehavior [ RunTime:0.000007s ]
INFO: [ app_init ] --END-- [ RunTime:0.000342s ]
ERR: 无法加载模块:Sm_

[ 2019-04-10T16:25:55+08:00 ] 127.0.0.1 /sm_
INFO: [ app_init ] --START--
INFO: Run Behavior\BuildLiteBehavior [ RunTime:0.000009s ]
INFO: [ app_init ] --END-- [ RunTime:0.000954s ]
ERR: 无法加载模块:Sm_

[ 2019-04-10T16:25:55+08:00 ] 127.0.0.1 /sm_
INFO: [ app_init ] --START--
INFO: Run Behavior\BuildLiteBehavior [ RunTime:0.000007s ]
INFO: [ app_init ] --END-- [ RunTime:0.000368s ]
ERR: 无法加载模块:Sm_

[ 2019-04-10T16:27:51+08:00 ] 127.0.0.1 /sm_
INFO: [ app_init ] --START--
INFO: Run Behavior\BuildLiteBehavior [ RunTime:0.000007s ]
INFO: [ app_init ] --END-- [ RunTime:0.000374s ]
ERR: 无法加载模块:Sm_

[ 2019-04-10T16:27:52+08:00 ] 127.0.0.1 /sm_
INFO: [ app_init ] --START--
INFO: Run Behavior\BuildLiteBehavior [ RunTime:0.000007s ]
INFO: [ app_init ] --END-- [ RunTime:0.000350s ]
ERR: 无法加载模块:Sm_

[ 2019-04-10T16:28:52+08:00 ] 127.0.0.1 /sm_
INFO: [ app_init ] --START--
INFO: Run Behavior\BuildLiteBehavior [ RunTime:0.000006s ]
INFO: [ app_init ] --END-- [ RunTime:0.000356s ]
ERR: 无法加载模块:Sm_

[ 2019-04-10T16:29:04+08:00 ] 127.0.0.1 /sm_
INFO: [ app_init ] --START--
INFO: Run Behavior\BuildLiteBehavior [ RunTime:0.000021s ]
INFO: [ app_init ] --END-- [ RunTime:0.000606s ]
ERR: 无法加载模块:Sm_

[ 2019-04-10T16:29:06+08:00 ] 127.0.0.1 /sm_
INFO: [ app_init ] --START--
INFO: Run Behavior\BuildLiteBehavior [ RunTime:0.000009s ]
INFO: [ app_init ] --END-- [ RunTime:0.000343s ]
ERR: 无法加载模块:Sm_

[ 2019-04-10T16:29:08+08:00 ] 127.0.0.1 /sm_
INFO: [ app_init ] --START--
INFO: Run Behavior\BuildLiteBehavior [ RunTime:0.000013s ]
INFO: [ app_init ] --END-- [ RunTime:0.000526s ]
ERR: 无法加载模块:Sm_

[ 2019-04-10T16:29:08+08:00 ] 127.0.0.1 /sm_
INFO: [ app_init ] --START--
INFO: Run Behavior\BuildLiteBehavior [ RunTime:0.000010s ]
INFO: [ app_init ] --END-- [ RunTime:0.000385s ]
ERR: 无法加载模块:Sm_

[ 2019-04-10T16:29:25+08:00 ] 127.0.0.1 /sm_
INFO: [ app_init ] --START--
INFO: Run Behavior\BuildLiteBehavior [ RunTime:0.000009s ]
INFO: [ app_init ] --END-- [ RunTime:0.000415s ]
ERR: 无法加载模块:Sm_

[ 2019-04-10T16:29:26+08:00 ] 127.0.0.1 /sm_
INFO: [ app_init ] --START--
INFO: Run Behavior\BuildLiteBehavior [ RunTime:0.000009s ]
INFO: [ app_init ] --END-- [ RunTime:0.000363s ]
ERR: 无法加载模块:Sm_

[ 2019-04-10T16:29:27+08:00 ] 127.0.0.1 /sm_
INFO: [ app_init ] --START--
INFO: Run Behavior\BuildLiteBehavior [ RunTime:0.000013s ]
INFO: [ app_init ] --END-- [ RunTime:0.000459s ]
ERR: 无法加载模块:Sm_

[ 2019-04-10T16:29:27+08:00 ] 127.0.0.1 /sm_
INFO: [ app_init ] --START--
INFO: Run Behavior\BuildLiteBehavior [ RunTime:0.000011s ]
INFO: [ app_init ] --END-- [ RunTime:0.000481s ]
ERR: 无法加载模块:Sm_

[ 2019-04-10T16:29:28+08:00 ] 127.0.0.1 /sm_
INFO: [ app_init ] --START--
INFO: Run Behavior\BuildLiteBehavior [ RunTime:0.000016s ]
INFO: [ app_init ] --END-- [ RunTime:0.000329s ]
ERR: 无法加载模块:Sm_

[ 2019-04-10T16:31:24+08:00 ] 127.0.0.1 /sm_
INFO: [ app_init ] --START--
INFO: Run Behavior\BuildLiteBehavior [ RunTime:0.000024s ]
INFO: [ app_init ] --END-- [ RunTime:0.000836s ]
ERR: 无法加载模块:Sm_

[ 2019-04-10T16:32:07+08:00 ] 127.0.0.1 /sm_
INFO: [ app_init ] --START--
INFO: Run Behavior\BuildLiteBehavior [ RunTime:0.000012s ]
INFO: [ app_init ] --END-- [ RunTime:0.000453s ]
ERR: 无法加载模块:Sm_

[ 2019-04-10T16:32:09+08:00 ] 127.0.0.1 /sm_
INFO: [ app_init ] --START--
INFO: Run Behavior\BuildLiteBehavior [ RunTime:0.000007s ]
INFO: [ app_init ] --END-- [ RunTime:0.000345s ]
ERR: 无法加载模块:Sm_

[ 2019-04-10T16:32:09+08:00 ] 127.0.0.1 /sm_
INFO: [ app_init ] --START--
INFO: Run Behavior\BuildLiteBehavior [ RunTime:0.000007s ]
INFO: [ app_init ] --END-- [ RunTime:0.000351s ]
ERR: 无法加载模块:Sm_

[ 2019-04-10T16:32:09+08:00 ] 127.0.0.1 /sm_
INFO: [ app_init ] --START--
INFO: Run Behavior\BuildLiteBehavior [ RunTime:0.000005s ]
INFO: [ app_init ] --END-- [ RunTime:0.000308s ]
ERR: 无法加载模块:Sm_

[ 2019-04-10T16:32:09+08:00 ] 127.0.0.1 /sm_
INFO: [ app_init ] --START--
INFO: Run Behavior\BuildLiteBehavior [ RunTime:0.000006s ]
INFO: [ app_init ] --END-- [ RunTime:0.000325s ]
ERR: 无法加载模块:Sm_

[ 2019-04-10T16:32:12+08:00 ] 127.0.0.1 /sm_
INFO: [ app_init ] --START--
INFO: Run Behavior\BuildLiteBehavior [ RunTime:0.000009s ]
INFO: [ app_init ] --END-- [ RunTime:0.000387s ]
ERR: 无法加载模块:Sm_

[ 2019-04-10T16:32:13+08:00 ] 127.0.0.1 /sm_
INFO: [ app_init ] --START--
INFO: Run Behavior\BuildLiteBehavior [ RunTime:0.000009s ]
INFO: [ app_init ] --END-- [ RunTime:0.000619s ]
ERR: 无法加载模块:Sm_

[ 2019-04-10T16:32:13+08:00 ] 127.0.0.1 /sm_
INFO: [ app_init ] --START--
INFO: Run Behavior\BuildLiteBehavior [ RunTime:0.000006s ]
INFO: [ app_init ] --END-- [ RunTime:0.000307s ]
ERR: 无法加载模块:Sm_

[ 2019-04-10T16:32:14+08:00 ] 127.0.0.1 /sm_
INFO: [ app_init ] --START--
INFO: Run Behavior\BuildLiteBehavior [ RunTime:0.000006s ]
INFO: [ app_init ] --END-- [ RunTime:0.000326s ]
ERR: 无法加载模块:Sm_

[ 2019-04-10T17:00:33+08:00 ] 127.0.0.1 /system.html
INFO: [ app_init ] --START--
INFO: Run Behavior\BuildLiteBehavior [ RunTime:0.000007s ]
INFO: [ app_init ] --END-- [ RunTime:0.000329s ]
ERR: 无法加载模块:System

[ 2019-04-10T17:04:03+08:00 ] 127.0.0.1 /system.html
INFO: [ app_init ] --START--
INFO: Run Behavior\BuildLiteBehavior [ RunTime:0.000007s ]
INFO: [ app_init ] --END-- [ RunTime:0.000422s ]
ERR: 无法加载模块:System

[ 2019-04-10T17:04:06+08:00 ] 127.0.0.1 /system.html
INFO: [ app_init ] --START--
INFO: Run Behavior\BuildLiteBehavior [ RunTime:0.000007s ]
INFO: [ app_init ] --END-- [ RunTime:0.000360s ]
ERR: 无法加载模块:System

[ 2019-04-10T17:05:40+08:00 ] 127.0.0.1 /system.html
INFO: [ app_init ] --START--
INFO: Run Behavior\BuildLiteBehavior [ RunTime:0.000011s ]
INFO: [ app_init ] --END-- [ RunTime:0.000712s ]
ERR: 无法加载模块:System

[ 2019-04-10T21:24:06+08:00 ] 127.0.0.1 /favicon.ico
INFO: [ app_init ] --START--
INFO: Run Behavior\BuildLiteBehavior [ RunTime:0.000007s ]
INFO: [ app_init ] --END-- [ RunTime:0.000439s ]

