[ 2019-04-15T08:59:11+08:00 ] 127.0.0.1 /index.php?m=admin&c=user&a=create
INFO: [ app_init ] --START--
INFO: Run Behavior\BuildLiteBehavior [ RunTime:0.000011s ]
INFO: [ app_init ] --END-- [ RunTime:0.000461s ]
INFO: [ app_begin ] --START--
INFO: Run Behavior\ReadHtmlCacheBehavior [ RunTime:0.000704s ]
INFO: [ app_begin ] --END-- [ RunTime:0.000730s ]
INFO: [ view_parse ] --START--
INFO: [ template_filter ] --START--
INFO: Run Behavior\ContentReplaceBehavior [ RunTime:0.000044s ]
INFO: [ template_filter ] --END-- [ RunTime:0.000068s ]
INFO: Run Behavior\ParseTemplateBehavior [ RunTime:0.007055s ]
INFO: [ view_parse ] --END-- [ RunTime:0.007095s ]
INFO: [ view_filter ] --START--
INFO: Run Behavior\WriteHtmlCacheBehavior [ RunTime:0.000434s ]
INFO: [ view_filter ] --END-- [ RunTime:0.000454s ]

[ 2019-04-15T08:59:14+08:00 ] 127.0.0.1 /index.php?m=admin&c=login&a=login
INFO: [ app_init ] --START--
INFO: Run Behavior\BuildLiteBehavior [ RunTime:0.000007s ]
INFO: [ app_init ] --END-- [ RunTime:0.000312s ]
INFO: [ app_begin ] --START--
INFO: Run Behavior\ReadHtmlCacheBehavior [ RunTime:0.000668s ]
INFO: [ app_begin ] --END-- [ RunTime:0.000714s ]
INFO: [ view_parse ] --START--
INFO: [ template_filter ] --START--
INFO: Run Behavior\ContentReplaceBehavior [ RunTime:0.000022s ]
INFO: [ template_filter ] --END-- [ RunTime:0.000048s ]
INFO: Run Behavior\ParseTemplateBehavior [ RunTime:0.004108s ]
INFO: [ view_parse ] --END-- [ RunTime:0.004157s ]
INFO: [ view_filter ] --START--
INFO: Run Behavior\WriteHtmlCacheBehavior [ RunTime:0.000612s ]
INFO: [ view_filter ] --END-- [ RunTime:0.000690s ]
INFO: [ app_end ] --START--
INFO: Run Behavior\ShowPageTraceBehavior [ RunTime:0.002398s ]
INFO: [ app_end ] --END-- [ RunTime:0.002498s ]

[ 2019-04-15T08:59:14+08:00 ] 127.0.0.1 /index.php?m=admin&c=login&a=code
INFO: [ app_init ] --START--
INFO: Run Behavior\BuildLiteBehavior [ RunTime:0.000010s ]
INFO: [ app_init ] --END-- [ RunTime:0.000535s ]
INFO: [ app_begin ] --START--
INFO: Run Behavior\ReadHtmlCacheBehavior [ RunTime:0.002188s ]
INFO: [ app_begin ] --END-- [ RunTime:0.002318s ]
INFO: [ app_end ] --START--
INFO: Run Behavior\ShowPageTraceBehavior [ RunTime:0.000449s ]
INFO: [ app_end ] --END-- [ RunTime:0.000475s ]

[ 2019-04-15T08:59:22+08:00 ] 127.0.0.1 /index.php?m=admin&c=login&a=dologin
INFO: [ app_init ] --START--
INFO: Run Behavior\BuildLiteBehavior [ RunTime:0.000008s ]
INFO: [ app_init ] --END-- [ RunTime:0.000500s ]
INFO: [ app_begin ] --START--
INFO: Run Behavior\ReadHtmlCacheBehavior [ RunTime:0.001019s ]
INFO: [ app_begin ] --END-- [ RunTime:0.001044s ]
SQL: SHOW COLUMNS FROM `bbs_user` [ RunTime:0.0746s ]
SQL: SELECT * FROM `bbs_user` WHERE ( uname='1' ) LIMIT 1   [ RunTime:0.0002s ]
INFO: [ view_parse ] --START--
INFO: [ template_filter ] --START--
INFO: Run Behavior\ContentReplaceBehavior [ RunTime:0.000019s ]
INFO: [ template_filter ] --END-- [ RunTime:0.000040s ]
INFO: Run Behavior\ParseTemplateBehavior [ RunTime:0.007977s ]
INFO: [ view_parse ] --END-- [ RunTime:0.008026s ]
INFO: [ view_filter ] --START--
INFO: Run Behavior\WriteHtmlCacheBehavior [ RunTime:0.000447s ]
INFO: [ view_filter ] --END-- [ RunTime:0.000464s ]
INFO: [ app_end ] --START--
INFO: Run Behavior\ShowPageTraceBehavior [ RunTime:0.000639s ]
INFO: [ app_end ] --END-- [ RunTime:0.000656s ]

[ 2019-04-15T08:59:24+08:00 ] 127.0.0.1 /index.php?m=admin&c=index&a=index
INFO: [ app_init ] --START--
INFO: Run Behavior\BuildLiteBehavior [ RunTime:0.000006s ]
INFO: [ app_init ] --END-- [ RunTime:0.000297s ]
INFO: [ app_begin ] --START--
INFO: Run Behavior\ReadHtmlCacheBehavior [ RunTime:0.000395s ]
INFO: [ app_begin ] --END-- [ RunTime:0.000416s ]
INFO: [ view_parse ] --START--
INFO: [ template_filter ] --START--
INFO: Run Behavior\ContentReplaceBehavior [ RunTime:0.000029s ]
INFO: [ template_filter ] --END-- [ RunTime:0.000055s ]
INFO: Run Behavior\ParseTemplateBehavior [ RunTime:0.005629s ]
INFO: [ view_parse ] --END-- [ RunTime:0.005657s ]
INFO: [ view_filter ] --START--
INFO: Run Behavior\WriteHtmlCacheBehavior [ RunTime:0.000249s ]
INFO: [ view_filter ] --END-- [ RunTime:0.000271s ]
INFO: [ app_end ] --START--
INFO: Run Behavior\ShowPageTraceBehavior [ RunTime:0.001416s ]
INFO: [ app_end ] --END-- [ RunTime:0.001487s ]

[ 2019-04-15T09:01:10+08:00 ] 127.0.0.1 /index.php?m=admin&c=index&a=index
INFO: [ app_init ] --START--
INFO: Run Behavior\BuildLiteBehavior [ RunTime:0.000008s ]
INFO: [ app_init ] --END-- [ RunTime:0.000402s ]
INFO: [ app_begin ] --START--
INFO: Run Behavior\ReadHtmlCacheBehavior [ RunTime:0.000653s ]
INFO: [ app_begin ] --END-- [ RunTime:0.000675s ]
INFO: [ view_parse ] --START--
INFO: [ template_filter ] --START--
INFO: Run Behavior\ContentReplaceBehavior [ RunTime:0.000034s ]
INFO: [ template_filter ] --END-- [ RunTime:0.000061s ]
INFO: Run Behavior\ParseTemplateBehavior [ RunTime:0.007292s ]
INFO: [ view_parse ] --END-- [ RunTime:0.007338s ]
INFO: [ view_filter ] --START--
INFO: Run Behavior\WriteHtmlCacheBehavior [ RunTime:0.000395s ]
INFO: [ view_filter ] --END-- [ RunTime:0.000411s ]
INFO: [ app_end ] --START--
INFO: Run Behavior\ShowPageTraceBehavior [ RunTime:0.000622s ]
INFO: [ app_end ] --END-- [ RunTime:0.000639s ]

[ 2019-04-15T09:01:12+08:00 ] 127.0.0.1 /index.php?m=admin&c=user&a=index
INFO: [ app_init ] --START--
INFO: Run Behavior\BuildLiteBehavior [ RunTime:0.000007s ]
INFO: [ app_init ] --END-- [ RunTime:0.000326s ]
INFO: [ app_begin ] --START--
INFO: Run Behavior\ReadHtmlCacheBehavior [ RunTime:0.000423s ]
INFO: [ app_begin ] --END-- [ RunTime:0.000449s ]
SQL: SHOW COLUMNS FROM `bbs_user` [ RunTime:0.0049s ]
SQL: SELECT COUNT(*) AS tp_count FROM `bbs_user` LIMIT 1   [ RunTime:0.0002s ]
SQL: SELECT * FROM `bbs_user` LIMIT 0,3   [ RunTime:0.0002s ]
INFO: [ view_parse ] --START--
INFO: [ template_filter ] --START--
INFO: Run Behavior\ContentReplaceBehavior [ RunTime:0.000030s ]
INFO: [ template_filter ] --END-- [ RunTime:0.000052s ]
INFO: Run Behavior\ParseTemplateBehavior [ RunTime:0.004584s ]
INFO: [ view_parse ] --END-- [ RunTime:0.004608s ]
INFO: [ view_filter ] --START--
INFO: Run Behavior\WriteHtmlCacheBehavior [ RunTime:0.000242s ]
INFO: [ view_filter ] --END-- [ RunTime:0.000259s ]
INFO: [ app_end ] --START--
INFO: Run Behavior\ShowPageTraceBehavior [ RunTime:0.000471s ]
INFO: [ app_end ] --END-- [ RunTime:0.000490s ]

[ 2019-04-15T09:01:14+08:00 ] 127.0.0.1 /index.php?m=admin&c=part&a=create
INFO: [ app_init ] --START--
INFO: Run Behavior\BuildLiteBehavior [ RunTime:0.000011s ]
INFO: [ app_init ] --END-- [ RunTime:0.000428s ]
INFO: [ app_begin ] --START--
INFO: Run Behavior\ReadHtmlCacheBehavior [ RunTime:0.000656s ]
INFO: [ app_begin ] --END-- [ RunTime:0.000680s ]
SQL: SHOW COLUMNS FROM `bbs_part` [ RunTime:0.0058s ]
SQL: SELECT * FROM `bbs_part`  [ RunTime:0.0001s ]
INFO: [ view_parse ] --START--
INFO: [ template_filter ] --START--
INFO: Run Behavior\ContentReplaceBehavior [ RunTime:0.000024s ]
INFO: [ template_filter ] --END-- [ RunTime:0.000047s ]
INFO: Run Behavior\ParseTemplateBehavior [ RunTime:0.006732s ]
INFO: [ view_parse ] --END-- [ RunTime:0.006762s ]
INFO: [ view_filter ] --START--
INFO: Run Behavior\WriteHtmlCacheBehavior [ RunTime:0.000608s ]
INFO: [ view_filter ] --END-- [ RunTime:0.000639s ]
INFO: [ app_end ] --START--
INFO: Run Behavior\ShowPageTraceBehavior [ RunTime:0.000706s ]
INFO: [ app_end ] --END-- [ RunTime:0.000729s ]

[ 2019-04-15T09:01:15+08:00 ] 127.0.0.1 /index.php?m=admin&c=part&a=index
INFO: [ app_init ] --START--
INFO: Run Behavior\BuildLiteBehavior [ RunTime:0.000006s ]
INFO: [ app_init ] --END-- [ RunTime:0.000305s ]
INFO: [ app_begin ] --START--
INFO: Run Behavior\ReadHtmlCacheBehavior [ RunTime:0.000411s ]
INFO: [ app_begin ] --END-- [ RunTime:0.000436s ]
SQL: SHOW COLUMNS FROM `bbs_part` [ RunTime:0.0041s ]
SQL: SELECT * FROM `bbs_part`  [ RunTime:0.0001s ]
INFO: [ view_parse ] --START--
INFO: [ template_filter ] --START--
INFO: Run Behavior\ContentReplaceBehavior [ RunTime:0.000028s ]
INFO: [ template_filter ] --END-- [ RunTime:0.000050s ]
INFO: Run Behavior\ParseTemplateBehavior [ RunTime:0.004017s ]
INFO: [ view_parse ] --END-- [ RunTime:0.004041s ]
INFO: [ view_filter ] --START--
INFO: Run Behavior\WriteHtmlCacheBehavior [ RunTime:0.000271s ]
INFO: [ view_filter ] --END-- [ RunTime:0.000296s ]
INFO: [ app_end ] --START--
INFO: Run Behavior\ShowPageTraceBehavior [ RunTime:0.000527s ]
INFO: [ app_end ] --END-- [ RunTime:0.000549s ]

[ 2019-04-15T09:01:16+08:00 ] 127.0.0.1 /index.php?m=admin&c=cate&a=create
INFO: [ app_init ] --START--
INFO: Run Behavior\BuildLiteBehavior [ RunTime:0.000007s ]
INFO: [ app_init ] --END-- [ RunTime:0.000318s ]
INFO: [ app_begin ] --START--
INFO: Run Behavior\ReadHtmlCacheBehavior [ RunTime:0.000452s ]
INFO: [ app_begin ] --END-- [ RunTime:0.000478s ]
SQL: SHOW COLUMNS FROM `bbs_part` [ RunTime:0.0038s ]
SQL: SELECT * FROM `bbs_part`  [ RunTime:0.0002s ]
SQL: SHOW COLUMNS FROM `bbs_user` [ RunTime:0.0034s ]
SQL: SELECT * FROM `bbs_user` WHERE ( auth<2 )  [ RunTime:0.0002s ]
INFO: [ view_parse ] --START--
INFO: [ template_filter ] --START--
INFO: Run Behavior\ContentReplaceBehavior [ RunTime:0.000027s ]
INFO: [ template_filter ] --END-- [ RunTime:0.000050s ]
INFO: Run Behavior\ParseTemplateBehavior [ RunTime:0.004351s ]
INFO: [ view_parse ] --END-- [ RunTime:0.004441s ]
INFO: [ view_filter ] --START--
INFO: Run Behavior\WriteHtmlCacheBehavior [ RunTime:0.006498s ]
INFO: [ view_filter ] --END-- [ RunTime:0.006527s ]
INFO: [ app_end ] --START--
INFO: Run Behavior\ShowPageTraceBehavior [ RunTime:0.000528s ]
INFO: [ app_end ] --END-- [ RunTime:0.000548s ]

[ 2019-04-15T09:01:18+08:00 ] 127.0.0.1 /index.php?m=admin&c=cate&a=index
INFO: [ app_init ] --START--
INFO: Run Behavior\BuildLiteBehavior [ RunTime:0.000007s ]
INFO: [ app_init ] --END-- [ RunTime:0.000324s ]
INFO: [ app_begin ] --START--
INFO: Run Behavior\ReadHtmlCacheBehavior [ RunTime:0.000739s ]
INFO: [ app_begin ] --END-- [ RunTime:0.000766s ]
SQL: SHOW COLUMNS FROM `bbs_cate` [ RunTime:0.0033s ]
SQL: SELECT * FROM `bbs_cate`  [ RunTime:0.0002s ]
SQL: SHOW COLUMNS FROM `bbs_part` [ RunTime:0.0031s ]
SQL: SELECT * FROM `bbs_part`  [ RunTime:0.0001s ]
SQL: SHOW COLUMNS FROM `bbs_user` [ RunTime:0.0032s ]
SQL: SELECT * FROM `bbs_user`  [ RunTime:0.0003s ]
INFO: [ view_parse ] --START--
INFO: [ template_filter ] --START--
INFO: Run Behavior\ContentReplaceBehavior [ RunTime:0.000029s ]
INFO: [ template_filter ] --END-- [ RunTime:0.000056s ]
INFO: Run Behavior\ParseTemplateBehavior [ RunTime:0.005851s ]
INFO: [ view_parse ] --END-- [ RunTime:0.005912s ]
INFO: [ view_filter ] --START--
INFO: Run Behavior\WriteHtmlCacheBehavior [ RunTime:0.000662s ]
INFO: [ view_filter ] --END-- [ RunTime:0.000751s ]
INFO: [ app_end ] --START--
INFO: Run Behavior\ShowPageTraceBehavior [ RunTime:0.000654s ]
INFO: [ app_end ] --END-- [ RunTime:0.000702s ]

