[ 2019-04-28T14:48:18+08:00 ] 127.0.0.1 /index.php?m=admin&c=login&a=login
INFO: [ app_init ] --START--
INFO: Run Behavior\BuildLiteBehavior [ RunTime:0.000005s ]
INFO: [ app_init ] --END-- [ RunTime:0.000282s ]
INFO: [ app_begin ] --START--
INFO: Run Behavior\ReadHtmlCacheBehavior [ RunTime:0.000786s ]
INFO: [ app_begin ] --END-- [ RunTime:0.000826s ]
INFO: [ view_parse ] --START--
INFO: [ template_filter ] --START--
INFO: Run Behavior\ContentReplaceBehavior [ RunTime:0.000018s ]
INFO: [ template_filter ] --END-- [ RunTime:0.000040s ]
INFO: Run Behavior\ParseTemplateBehavior [ RunTime:0.011053s ]
INFO: [ view_parse ] --END-- [ RunTime:0.011081s ]
INFO: [ view_filter ] --START--
INFO: Run Behavior\WriteHtmlCacheBehavior [ RunTime:0.000211s ]
INFO: [ view_filter ] --END-- [ RunTime:0.000225s ]
INFO: [ app_end ] --START--
INFO: Run Behavior\ShowPageTraceBehavior [ RunTime:0.000476s ]
INFO: [ app_end ] --END-- [ RunTime:0.000494s ]

[ 2019-04-28T14:48:18+08:00 ] 127.0.0.1 /index.php?m=admin&c=login&a=code
INFO: [ app_init ] --START--
INFO: Run Behavior\BuildLiteBehavior [ RunTime:0.000032s ]
INFO: [ app_init ] --END-- [ RunTime:0.000369s ]
INFO: [ app_begin ] --START--
INFO: Run Behavior\ReadHtmlCacheBehavior [ RunTime:0.000579s ]
INFO: [ app_begin ] --END-- [ RunTime:0.000612s ]
INFO: [ app_end ] --START--
INFO: Run Behavior\ShowPageTraceBehavior [ RunTime:0.002160s ]
INFO: [ app_end ] --END-- [ RunTime:0.002292s ]

[ 2019-04-28T14:48:26+08:00 ] 127.0.0.1 /index.php?m=admin&c=login&a=dologin
INFO: [ app_init ] --START--
INFO: Run Behavior\BuildLiteBehavior [ RunTime:0.000006s ]
INFO: [ app_init ] --END-- [ RunTime:0.000372s ]
INFO: [ app_begin ] --START--
INFO: Run Behavior\ReadHtmlCacheBehavior [ RunTime:0.000400s ]
INFO: [ app_begin ] --END-- [ RunTime:0.000432s ]
SQL: SHOW COLUMNS FROM `bbs_user` [ RunTime:0.0039s ]
SQL: SELECT * FROM `bbs_user` WHERE ( uname='123' ) LIMIT 1   [ RunTime:0.0003s ]
INFO: [ view_parse ] --START--
INFO: [ template_filter ] --START--
INFO: Run Behavior\ContentReplaceBehavior [ RunTime:0.000017s ]
INFO: [ template_filter ] --END-- [ RunTime:0.000035s ]
INFO: Run Behavior\ParseTemplateBehavior [ RunTime:0.015816s ]
INFO: [ view_parse ] --END-- [ RunTime:0.015861s ]
INFO: [ view_filter ] --START--
INFO: Run Behavior\WriteHtmlCacheBehavior [ RunTime:0.000431s ]
INFO: [ view_filter ] --END-- [ RunTime:0.000446s ]

[ 2019-04-28T14:48:36+08:00 ] 127.0.0.1 /index.php?m=admin&c=login&a=dologin
INFO: [ app_init ] --START--
INFO: Run Behavior\BuildLiteBehavior [ RunTime:0.000012s ]
INFO: [ app_init ] --END-- [ RunTime:0.000398s ]
INFO: [ app_begin ] --START--
INFO: Run Behavior\ReadHtmlCacheBehavior [ RunTime:0.000440s ]
INFO: [ app_begin ] --END-- [ RunTime:0.000494s ]
INFO: [ view_parse ] --START--
INFO: [ template_filter ] --START--
INFO: Run Behavior\ContentReplaceBehavior [ RunTime:0.000018s ]
INFO: [ template_filter ] --END-- [ RunTime:0.000042s ]
INFO: Run Behavior\ParseTemplateBehavior [ RunTime:0.008292s ]
INFO: [ view_parse ] --END-- [ RunTime:0.008320s ]
INFO: [ view_filter ] --START--
INFO: Run Behavior\WriteHtmlCacheBehavior [ RunTime:0.000449s ]
INFO: [ view_filter ] --END-- [ RunTime:0.000476s ]

[ 2019-04-28T14:48:43+08:00 ] 127.0.0.1 /index.php?m=admin&c=login&a=code&x=0.8303540177370328
INFO: [ app_init ] --START--
INFO: Run Behavior\BuildLiteBehavior [ RunTime:0.000008s ]
INFO: [ app_init ] --END-- [ RunTime:0.000794s ]
INFO: [ app_begin ] --START--
INFO: Run Behavior\ReadHtmlCacheBehavior [ RunTime:0.000401s ]
INFO: [ app_begin ] --END-- [ RunTime:0.000421s ]
INFO: [ app_end ] --START--
INFO: Run Behavior\ShowPageTraceBehavior [ RunTime:0.000548s ]
INFO: [ app_end ] --END-- [ RunTime:0.000571s ]

[ 2019-04-28T14:48:44+08:00 ] 127.0.0.1 /index.php?m=admin&c=login&a=code&x=0.14448897795619642
INFO: [ app_init ] --START--
INFO: Run Behavior\BuildLiteBehavior [ RunTime:0.000006s ]
INFO: [ app_init ] --END-- [ RunTime:0.000269s ]
INFO: [ app_begin ] --START--
INFO: Run Behavior\ReadHtmlCacheBehavior [ RunTime:0.000347s ]
INFO: [ app_begin ] --END-- [ RunTime:0.000365s ]
INFO: [ app_end ] --START--
INFO: Run Behavior\ShowPageTraceBehavior [ RunTime:0.000498s ]
INFO: [ app_end ] --END-- [ RunTime:0.000536s ]

[ 2019-04-28T14:48:50+08:00 ] 127.0.0.1 /index.php?m=admin&c=login&a=dologin
INFO: [ app_init ] --START--
INFO: Run Behavior\BuildLiteBehavior [ RunTime:0.000009s ]
INFO: [ app_init ] --END-- [ RunTime:0.000466s ]
INFO: [ app_begin ] --START--
INFO: Run Behavior\ReadHtmlCacheBehavior [ RunTime:0.000533s ]
INFO: [ app_begin ] --END-- [ RunTime:0.000562s ]
SQL: SHOW COLUMNS FROM `bbs_user` [ RunTime:0.0042s ]
SQL: SELECT * FROM `bbs_user` WHERE ( uname='1' ) LIMIT 1   [ RunTime:0.0004s ]
INFO: [ view_parse ] --START--
INFO: [ template_filter ] --START--
INFO: Run Behavior\ContentReplaceBehavior [ RunTime:0.000015s ]
INFO: [ template_filter ] --END-- [ RunTime:0.000035s ]
INFO: Run Behavior\ParseTemplateBehavior [ RunTime:0.004785s ]
INFO: [ view_parse ] --END-- [ RunTime:0.004858s ]
INFO: [ view_filter ] --START--
INFO: Run Behavior\WriteHtmlCacheBehavior [ RunTime:0.000260s ]
INFO: [ view_filter ] --END-- [ RunTime:0.000276s ]
INFO: [ app_end ] --START--
INFO: Run Behavior\ShowPageTraceBehavior [ RunTime:0.000414s ]
INFO: [ app_end ] --END-- [ RunTime:0.000429s ]

[ 2019-04-28T14:48:51+08:00 ] 127.0.0.1 /index.php?m=admin&c=index&a=index
INFO: [ app_init ] --START--
INFO: Run Behavior\BuildLiteBehavior [ RunTime:0.000008s ]
INFO: [ app_init ] --END-- [ RunTime:0.000409s ]
INFO: [ app_begin ] --START--
INFO: Run Behavior\ReadHtmlCacheBehavior [ RunTime:0.000939s ]
INFO: [ app_begin ] --END-- [ RunTime:0.000985s ]
INFO: [ view_parse ] --START--
INFO: [ template_filter ] --START--
INFO: Run Behavior\ContentReplaceBehavior [ RunTime:0.000026s ]
INFO: [ template_filter ] --END-- [ RunTime:0.000047s ]
INFO: Run Behavior\ParseTemplateBehavior [ RunTime:0.032297s ]
INFO: [ view_parse ] --END-- [ RunTime:0.032328s ]
INFO: [ view_filter ] --START--
INFO: Run Behavior\WriteHtmlCacheBehavior [ RunTime:0.000231s ]
INFO: [ view_filter ] --END-- [ RunTime:0.000245s ]
INFO: [ app_end ] --START--
INFO: Run Behavior\ShowPageTraceBehavior [ RunTime:0.000439s ]
INFO: [ app_end ] --END-- [ RunTime:0.000455s ]

[ 2019-04-28T14:49:04+08:00 ] 127.0.0.1 /index.php?m=admin&c=reply&a=index
INFO: [ app_init ] --START--
INFO: Run Behavior\BuildLiteBehavior [ RunTime:0.000006s ]
INFO: [ app_init ] --END-- [ RunTime:0.000314s ]
INFO: [ app_begin ] --START--
INFO: Run Behavior\ReadHtmlCacheBehavior [ RunTime:0.000515s ]
INFO: [ app_begin ] --END-- [ RunTime:0.000535s ]
SQL: SHOW COLUMNS FROM `bbs_reply` [ RunTime:0.0043s ]
SQL: SELECT COUNT(*) AS tp_count FROM `bbs_reply` LIMIT 1   [ RunTime:0.0274s ]
SQL: SELECT * FROM `bbs_reply` LIMIT 0,3   [ RunTime:0.0004s ]
SQL: SHOW COLUMNS FROM `bbs_user` [ RunTime:0.0042s ]
SQL: SELECT `uid`,`uname` FROM `bbs_user`  [ RunTime:0.0002s ]
SQL: SHOW COLUMNS FROM `bbs_post` [ RunTime:0.0042s ]
SQL: SELECT * FROM `bbs_post`  [ RunTime:0.0004s ]
INFO: [ view_parse ] --START--
INFO: [ template_filter ] --START--
INFO: Run Behavior\ContentReplaceBehavior [ RunTime:0.000038s ]
INFO: [ template_filter ] --END-- [ RunTime:0.000060s ]
NOTIC: [8] Undefined variable: users D:\xampp\htdocs\mybbs\Application\Runtime\Cache\Admin\31bc16b98e37d49b311547c94b22d82e.php 第 122 行.
NOTIC: [8] Undefined index: is_jing D:\xampp\htdocs\mybbs\Application\Runtime\Cache\Admin\31bc16b98e37d49b311547c94b22d82e.php 第 129 行.
NOTIC: [8] Undefined index: pid D:\xampp\htdocs\mybbs\Application\Runtime\Cache\Admin\31bc16b98e37d49b311547c94b22d82e.php 第 132 行.
NOTIC: [8] Undefined index: is_top D:\xampp\htdocs\mybbs\Application\Runtime\Cache\Admin\31bc16b98e37d49b311547c94b22d82e.php 第 137 行.
NOTIC: [8] Undefined index: pid D:\xampp\htdocs\mybbs\Application\Runtime\Cache\Admin\31bc16b98e37d49b311547c94b22d82e.php 第 140 行.
NOTIC: [8] Undefined index: is_display D:\xampp\htdocs\mybbs\Application\Runtime\Cache\Admin\31bc16b98e37d49b311547c94b22d82e.php 第 145 行.
NOTIC: [8] Undefined index: pid D:\xampp\htdocs\mybbs\Application\Runtime\Cache\Admin\31bc16b98e37d49b311547c94b22d82e.php 第 148 行.
NOTIC: [8] Undefined index: pid D:\xampp\htdocs\mybbs\Application\Runtime\Cache\Admin\31bc16b98e37d49b311547c94b22d82e.php 第 152 行.
NOTIC: [8] Undefined variable: users D:\xampp\htdocs\mybbs\Application\Runtime\Cache\Admin\31bc16b98e37d49b311547c94b22d82e.php 第 122 行.
NOTIC: [8] Undefined index: is_jing D:\xampp\htdocs\mybbs\Application\Runtime\Cache\Admin\31bc16b98e37d49b311547c94b22d82e.php 第 129 行.
NOTIC: [8] Undefined index: pid D:\xampp\htdocs\mybbs\Application\Runtime\Cache\Admin\31bc16b98e37d49b311547c94b22d82e.php 第 132 行.
NOTIC: [8] Undefined index: is_top D:\xampp\htdocs\mybbs\Application\Runtime\Cache\Admin\31bc16b98e37d49b311547c94b22d82e.php 第 137 行.
NOTIC: [8] Undefined index: pid D:\xampp\htdocs\mybbs\Application\Runtime\Cache\Admin\31bc16b98e37d49b311547c94b22d82e.php 第 140 行.
NOTIC: [8] Undefined index: is_display D:\xampp\htdocs\mybbs\Application\Runtime\Cache\Admin\31bc16b98e37d49b311547c94b22d82e.php 第 145 行.
NOTIC: [8] Undefined index: pid D:\xampp\htdocs\mybbs\Application\Runtime\Cache\Admin\31bc16b98e37d49b311547c94b22d82e.php 第 148 行.
NOTIC: [8] Undefined index: pid D:\xampp\htdocs\mybbs\Application\Runtime\Cache\Admin\31bc16b98e37d49b311547c94b22d82e.php 第 152 行.
NOTIC: [8] Undefined variable: users D:\xampp\htdocs\mybbs\Application\Runtime\Cache\Admin\31bc16b98e37d49b311547c94b22d82e.php 第 122 行.
NOTIC: [8] Undefined index: is_jing D:\xampp\htdocs\mybbs\Application\Runtime\Cache\Admin\31bc16b98e37d49b311547c94b22d82e.php 第 129 行.
NOTIC: [8] Undefined index: pid D:\xampp\htdocs\mybbs\Application\Runtime\Cache\Admin\31bc16b98e37d49b311547c94b22d82e.php 第 132 行.
NOTIC: [8] Undefined index: is_top D:\xampp\htdocs\mybbs\Application\Runtime\Cache\Admin\31bc16b98e37d49b311547c94b22d82e.php 第 137 行.
NOTIC: [8] Undefined index: pid D:\xampp\htdocs\mybbs\Application\Runtime\Cache\Admin\31bc16b98e37d49b311547c94b22d82e.php 第 140 行.
NOTIC: [8] Undefined index: is_display D:\xampp\htdocs\mybbs\Application\Runtime\Cache\Admin\31bc16b98e37d49b311547c94b22d82e.php 第 145 行.
NOTIC: [8] Undefined index: pid D:\xampp\htdocs\mybbs\Application\Runtime\Cache\Admin\31bc16b98e37d49b311547c94b22d82e.php 第 148 行.
NOTIC: [8] Undefined index: pid D:\xampp\htdocs\mybbs\Application\Runtime\Cache\Admin\31bc16b98e37d49b311547c94b22d82e.php 第 152 行.
INFO: Run Behavior\ParseTemplateBehavior [ RunTime:0.055829s ]
INFO: [ view_parse ] --END-- [ RunTime:0.055849s ]
INFO: [ view_filter ] --START--
INFO: Run Behavior\WriteHtmlCacheBehavior [ RunTime:0.000341s ]
INFO: [ view_filter ] --END-- [ RunTime:0.000356s ]
INFO: [ app_end ] --START--
INFO: Run Behavior\ShowPageTraceBehavior [ RunTime:0.001395s ]
INFO: [ app_end ] --END-- [ RunTime:0.001438s ]

[ 2019-04-28T14:49:34+08:00 ] 127.0.0.1 /index.php?m=admin&c=part&a=create
INFO: [ app_init ] --START--
INFO: Run Behavior\BuildLiteBehavior [ RunTime:0.000005s ]
INFO: [ app_init ] --END-- [ RunTime:0.000328s ]
INFO: [ app_begin ] --START--
INFO: Run Behavior\ReadHtmlCacheBehavior [ RunTime:0.000402s ]
INFO: [ app_begin ] --END-- [ RunTime:0.000420s ]
SQL: SHOW COLUMNS FROM `bbs_part` [ RunTime:0.0038s ]
SQL: SELECT * FROM `bbs_part`  [ RunTime:0.0008s ]
INFO: [ view_parse ] --START--
INFO: [ template_filter ] --START--
INFO: Run Behavior\ContentReplaceBehavior [ RunTime:0.000025s ]
INFO: [ template_filter ] --END-- [ RunTime:0.000046s ]
INFO: Run Behavior\ParseTemplateBehavior [ RunTime:0.019136s ]
INFO: [ view_parse ] --END-- [ RunTime:0.019166s ]
INFO: [ view_filter ] --START--
INFO: Run Behavior\WriteHtmlCacheBehavior [ RunTime:0.000214s ]
INFO: [ view_filter ] --END-- [ RunTime:0.000229s ]
INFO: [ app_end ] --START--
INFO: Run Behavior\ShowPageTraceBehavior [ RunTime:0.000411s ]
INFO: [ app_end ] --END-- [ RunTime:0.000427s ]

[ 2019-04-28T14:49:35+08:00 ] 127.0.0.1 /index.php?m=admin&c=part&a=index
INFO: [ app_init ] --START--
INFO: Run Behavior\BuildLiteBehavior [ RunTime:0.000006s ]
INFO: [ app_init ] --END-- [ RunTime:0.000311s ]
INFO: [ app_begin ] --START--
INFO: Run Behavior\ReadHtmlCacheBehavior [ RunTime:0.000379s ]
INFO: [ app_begin ] --END-- [ RunTime:0.000397s ]
SQL: SHOW COLUMNS FROM `bbs_part` [ RunTime:0.0037s ]
SQL: SELECT * FROM `bbs_part`  [ RunTime:0.0002s ]
INFO: [ view_parse ] --START--
INFO: [ template_filter ] --START--
INFO: Run Behavior\ContentReplaceBehavior [ RunTime:0.000029s ]
INFO: [ template_filter ] --END-- [ RunTime:0.000050s ]
INFO: Run Behavior\ParseTemplateBehavior [ RunTime:0.015681s ]
INFO: [ view_parse ] --END-- [ RunTime:0.015723s ]
INFO: [ view_filter ] --START--
INFO: Run Behavior\WriteHtmlCacheBehavior [ RunTime:0.000222s ]
INFO: [ view_filter ] --END-- [ RunTime:0.000237s ]
INFO: [ app_end ] --START--
INFO: Run Behavior\ShowPageTraceBehavior [ RunTime:0.000396s ]
INFO: [ app_end ] --END-- [ RunTime:0.000410s ]

[ 2019-04-28T14:49:44+08:00 ] 127.0.0.1 /index.php?m=admin&c=cate&a=create
INFO: [ app_init ] --START--
INFO: Run Behavior\BuildLiteBehavior [ RunTime:0.000006s ]
INFO: [ app_init ] --END-- [ RunTime:0.000285s ]
INFO: [ app_begin ] --START--
INFO: Run Behavior\ReadHtmlCacheBehavior [ RunTime:0.000523s ]
INFO: [ app_begin ] --END-- [ RunTime:0.000542s ]
SQL: SHOW COLUMNS FROM `bbs_part` [ RunTime:0.0056s ]
SQL: SELECT * FROM `bbs_part`  [ RunTime:0.0001s ]
SQL: SHOW COLUMNS FROM `bbs_user` [ RunTime:0.0032s ]
SQL: SELECT * FROM `bbs_user` WHERE ( auth<2 )  [ RunTime:0.0021s ]
INFO: [ view_parse ] --START--
INFO: [ template_filter ] --START--
INFO: Run Behavior\ContentReplaceBehavior [ RunTime:0.000027s ]
INFO: [ template_filter ] --END-- [ RunTime:0.000052s ]
INFO: Run Behavior\ParseTemplateBehavior [ RunTime:0.016842s ]
INFO: [ view_parse ] --END-- [ RunTime:0.016871s ]
INFO: [ view_filter ] --START--
INFO: Run Behavior\WriteHtmlCacheBehavior [ RunTime:0.000268s ]
INFO: [ view_filter ] --END-- [ RunTime:0.000284s ]
INFO: [ app_end ] --START--
INFO: Run Behavior\ShowPageTraceBehavior [ RunTime:0.000425s ]
INFO: [ app_end ] --END-- [ RunTime:0.000442s ]

[ 2019-04-28T14:49:45+08:00 ] 127.0.0.1 /index.php?m=admin&c=cate&a=index
INFO: [ app_init ] --START--
INFO: Run Behavior\BuildLiteBehavior [ RunTime:0.000020s ]
INFO: [ app_init ] --END-- [ RunTime:0.000330s ]
INFO: [ app_begin ] --START--
INFO: Run Behavior\ReadHtmlCacheBehavior [ RunTime:0.000428s ]
INFO: [ app_begin ] --END-- [ RunTime:0.000451s ]
SQL: SHOW COLUMNS FROM `bbs_cate` [ RunTime:0.0435s ]
SQL: SELECT * FROM `bbs_cate`  [ RunTime:0.0003s ]
SQL: SHOW COLUMNS FROM `bbs_part` [ RunTime:0.0049s ]
SQL: SELECT * FROM `bbs_part`  [ RunTime:0.0003s ]
SQL: SHOW COLUMNS FROM `bbs_user` [ RunTime:0.0034s ]
SQL: SELECT * FROM `bbs_user`  [ RunTime:0.0003s ]
INFO: [ view_parse ] --START--
INFO: [ template_filter ] --START--
INFO: Run Behavior\ContentReplaceBehavior [ RunTime:0.000030s ]
INFO: [ template_filter ] --END-- [ RunTime:0.000056s ]
INFO: Run Behavior\ParseTemplateBehavior [ RunTime:0.039567s ]
INFO: [ view_parse ] --END-- [ RunTime:0.039598s ]
INFO: [ view_filter ] --START--
INFO: Run Behavior\WriteHtmlCacheBehavior [ RunTime:0.000253s ]
INFO: [ view_filter ] --END-- [ RunTime:0.000288s ]
INFO: [ app_end ] --START--
INFO: Run Behavior\ShowPageTraceBehavior [ RunTime:0.000632s ]
INFO: [ app_end ] --END-- [ RunTime:0.000649s ]

[ 2019-04-28T14:50:10+08:00 ] 127.0.0.1 /index.php?m=admin&c=cate&a=create
INFO: [ app_init ] --START--
INFO: Run Behavior\BuildLiteBehavior [ RunTime:0.000006s ]
INFO: [ app_init ] --END-- [ RunTime:0.000315s ]
INFO: [ app_begin ] --START--
INFO: Run Behavior\ReadHtmlCacheBehavior [ RunTime:0.000383s ]
INFO: [ app_begin ] --END-- [ RunTime:0.000402s ]
SQL: SHOW COLUMNS FROM `bbs_part` [ RunTime:0.0036s ]
SQL: SELECT * FROM `bbs_part`  [ RunTime:0.0002s ]
SQL: SHOW COLUMNS FROM `bbs_user` [ RunTime:0.0040s ]
SQL: SELECT * FROM `bbs_user` WHERE ( auth<2 )  [ RunTime:0.0004s ]
INFO: [ view_parse ] --START--
INFO: [ template_filter ] --START--
INFO: Run Behavior\ContentReplaceBehavior [ RunTime:0.000030s ]
INFO: [ template_filter ] --END-- [ RunTime:0.000054s ]
INFO: Run Behavior\ParseTemplateBehavior [ RunTime:0.015592s ]
INFO: [ view_parse ] --END-- [ RunTime:0.015615s ]
INFO: [ view_filter ] --START--
INFO: Run Behavior\WriteHtmlCacheBehavior [ RunTime:0.000221s ]
INFO: [ view_filter ] --END-- [ RunTime:0.000236s ]
INFO: [ app_end ] --START--
INFO: Run Behavior\ShowPageTraceBehavior [ RunTime:0.000416s ]
INFO: [ app_end ] --END-- [ RunTime:0.000432s ]

[ 2019-04-28T14:50:11+08:00 ] 127.0.0.1 /index.php?m=admin&c=cate&a=index
INFO: [ app_init ] --START--
INFO: Run Behavior\BuildLiteBehavior [ RunTime:0.000018s ]
INFO: [ app_init ] --END-- [ RunTime:0.000344s ]
INFO: [ app_begin ] --START--
INFO: Run Behavior\ReadHtmlCacheBehavior [ RunTime:0.000519s ]
INFO: [ app_begin ] --END-- [ RunTime:0.000543s ]
SQL: SHOW COLUMNS FROM `bbs_cate` [ RunTime:0.0044s ]
SQL: SELECT * FROM `bbs_cate`  [ RunTime:0.0002s ]
SQL: SHOW COLUMNS FROM `bbs_part` [ RunTime:0.0030s ]
SQL: SELECT * FROM `bbs_part`  [ RunTime:0.0002s ]
SQL: SHOW COLUMNS FROM `bbs_user` [ RunTime:0.0039s ]
SQL: SELECT * FROM `bbs_user`  [ RunTime:0.0004s ]
INFO: [ view_parse ] --START--
INFO: [ template_filter ] --START--
INFO: Run Behavior\ContentReplaceBehavior [ RunTime:0.000027s ]
INFO: [ template_filter ] --END-- [ RunTime:0.000049s ]
INFO: Run Behavior\ParseTemplateBehavior [ RunTime:0.006107s ]
INFO: [ view_parse ] --END-- [ RunTime:0.006134s ]
INFO: [ view_filter ] --START--
INFO: Run Behavior\WriteHtmlCacheBehavior [ RunTime:0.000360s ]
INFO: [ view_filter ] --END-- [ RunTime:0.000496s ]
INFO: [ app_end ] --START--
INFO: Run Behavior\ShowPageTraceBehavior [ RunTime:0.000681s ]
INFO: [ app_end ] --END-- [ RunTime:0.000710s ]

[ 2019-04-28T14:52:56+08:00 ] 127.0.0.1 /index.php?m=admin&c=login&a=login
INFO: [ app_init ] --START--
INFO: Run Behavior\BuildLiteBehavior [ RunTime:0.000006s ]
INFO: [ app_init ] --END-- [ RunTime:0.000352s ]
INFO: [ app_begin ] --START--
INFO: Run Behavior\ReadHtmlCacheBehavior [ RunTime:0.000617s ]
INFO: [ app_begin ] --END-- [ RunTime:0.000635s ]
INFO: [ view_parse ] --START--
INFO: [ template_filter ] --START--
INFO: Run Behavior\ContentReplaceBehavior [ RunTime:0.000025s ]
INFO: [ template_filter ] --END-- [ RunTime:0.000056s ]
INFO: Run Behavior\ParseTemplateBehavior [ RunTime:0.008176s ]
INFO: [ view_parse ] --END-- [ RunTime:0.008200s ]
INFO: [ view_filter ] --START--
INFO: Run Behavior\WriteHtmlCacheBehavior [ RunTime:0.000369s ]
INFO: [ view_filter ] --END-- [ RunTime:0.000384s ]
INFO: [ app_end ] --START--
INFO: Run Behavior\ShowPageTraceBehavior [ RunTime:0.000638s ]
INFO: [ app_end ] --END-- [ RunTime:0.000653s ]

[ 2019-04-28T14:52:56+08:00 ] 127.0.0.1 /index.php?m=admin&c=login&a=code
INFO: [ app_init ] --START--
INFO: Run Behavior\BuildLiteBehavior [ RunTime:0.000011s ]
INFO: [ app_init ] --END-- [ RunTime:0.000551s ]
INFO: [ app_begin ] --START--
INFO: Run Behavior\ReadHtmlCacheBehavior [ RunTime:0.000544s ]
INFO: [ app_begin ] --END-- [ RunTime:0.000579s ]
INFO: [ app_end ] --START--
INFO: Run Behavior\ShowPageTraceBehavior [ RunTime:0.000764s ]
INFO: [ app_end ] --END-- [ RunTime:0.000811s ]

[ 2019-04-28T14:53:02+08:00 ] 127.0.0.1 /index.php?m=admin&c=reply&a=index
INFO: [ app_init ] --START--
INFO: Run Behavior\BuildLiteBehavior [ RunTime:0.000007s ]
INFO: [ app_init ] --END-- [ RunTime:0.000585s ]
INFO: [ app_begin ] --START--
INFO: Run Behavior\ReadHtmlCacheBehavior [ RunTime:0.000427s ]
INFO: [ app_begin ] --END-- [ RunTime:0.000446s ]
SQL: SHOW COLUMNS FROM `bbs_reply` [ RunTime:0.0042s ]
SQL: SELECT COUNT(*) AS tp_count FROM `bbs_reply` LIMIT 1   [ RunTime:0.0002s ]
SQL: SELECT * FROM `bbs_reply` LIMIT 0,3   [ RunTime:0.0002s ]
SQL: SHOW COLUMNS FROM `bbs_user` [ RunTime:0.0035s ]
SQL: SELECT `uid`,`uname` FROM `bbs_user`  [ RunTime:0.0002s ]
SQL: SHOW COLUMNS FROM `bbs_post` [ RunTime:0.0062s ]
SQL: SELECT * FROM `bbs_post`  [ RunTime:0.0004s ]
INFO: [ view_parse ] --START--
INFO: [ template_filter ] --START--
INFO: Run Behavior\ContentReplaceBehavior [ RunTime:0.000032s ]
INFO: [ template_filter ] --END-- [ RunTime:0.000055s ]
NOTIC: [8] Undefined variable: users D:\xampp\htdocs\mybbs\Application\Runtime\Cache\Admin\31bc16b98e37d49b311547c94b22d82e.php 第 122 行.
NOTIC: [8] Undefined index: is_jing D:\xampp\htdocs\mybbs\Application\Runtime\Cache\Admin\31bc16b98e37d49b311547c94b22d82e.php 第 129 行.
NOTIC: [8] Undefined index: pid D:\xampp\htdocs\mybbs\Application\Runtime\Cache\Admin\31bc16b98e37d49b311547c94b22d82e.php 第 132 行.
NOTIC: [8] Undefined index: is_top D:\xampp\htdocs\mybbs\Application\Runtime\Cache\Admin\31bc16b98e37d49b311547c94b22d82e.php 第 137 行.
NOTIC: [8] Undefined index: pid D:\xampp\htdocs\mybbs\Application\Runtime\Cache\Admin\31bc16b98e37d49b311547c94b22d82e.php 第 140 行.
NOTIC: [8] Undefined index: is_display D:\xampp\htdocs\mybbs\Application\Runtime\Cache\Admin\31bc16b98e37d49b311547c94b22d82e.php 第 145 行.
NOTIC: [8] Undefined index: pid D:\xampp\htdocs\mybbs\Application\Runtime\Cache\Admin\31bc16b98e37d49b311547c94b22d82e.php 第 148 行.
NOTIC: [8] Undefined index: pid D:\xampp\htdocs\mybbs\Application\Runtime\Cache\Admin\31bc16b98e37d49b311547c94b22d82e.php 第 152 行.
NOTIC: [8] Undefined variable: users D:\xampp\htdocs\mybbs\Application\Runtime\Cache\Admin\31bc16b98e37d49b311547c94b22d82e.php 第 122 行.
NOTIC: [8] Undefined index: is_jing D:\xampp\htdocs\mybbs\Application\Runtime\Cache\Admin\31bc16b98e37d49b311547c94b22d82e.php 第 129 行.
NOTIC: [8] Undefined index: pid D:\xampp\htdocs\mybbs\Application\Runtime\Cache\Admin\31bc16b98e37d49b311547c94b22d82e.php 第 132 行.
NOTIC: [8] Undefined index: is_top D:\xampp\htdocs\mybbs\Application\Runtime\Cache\Admin\31bc16b98e37d49b311547c94b22d82e.php 第 137 行.
NOTIC: [8] Undefined index: pid D:\xampp\htdocs\mybbs\Application\Runtime\Cache\Admin\31bc16b98e37d49b311547c94b22d82e.php 第 140 行.
NOTIC: [8] Undefined index: is_display D:\xampp\htdocs\mybbs\Application\Runtime\Cache\Admin\31bc16b98e37d49b311547c94b22d82e.php 第 145 行.
NOTIC: [8] Undefined index: pid D:\xampp\htdocs\mybbs\Application\Runtime\Cache\Admin\31bc16b98e37d49b311547c94b22d82e.php 第 148 行.
NOTIC: [8] Undefined index: pid D:\xampp\htdocs\mybbs\Application\Runtime\Cache\Admin\31bc16b98e37d49b311547c94b22d82e.php 第 152 行.
NOTIC: [8] Undefined variable: users D:\xampp\htdocs\mybbs\Application\Runtime\Cache\Admin\31bc16b98e37d49b311547c94b22d82e.php 第 122 行.
NOTIC: [8] Undefined index: is_jing D:\xampp\htdocs\mybbs\Application\Runtime\Cache\Admin\31bc16b98e37d49b311547c94b22d82e.php 第 129 行.
NOTIC: [8] Undefined index: pid D:\xampp\htdocs\mybbs\Application\Runtime\Cache\Admin\31bc16b98e37d49b311547c94b22d82e.php 第 132 行.
NOTIC: [8] Undefined index: is_top D:\xampp\htdocs\mybbs\Application\Runtime\Cache\Admin\31bc16b98e37d49b311547c94b22d82e.php 第 137 行.
NOTIC: [8] Undefined index: pid D:\xampp\htdocs\mybbs\Application\Runtime\Cache\Admin\31bc16b98e37d49b311547c94b22d82e.php 第 140 行.
NOTIC: [8] Undefined index: is_display D:\xampp\htdocs\mybbs\Application\Runtime\Cache\Admin\31bc16b98e37d49b311547c94b22d82e.php 第 145 行.
NOTIC: [8] Undefined index: pid D:\xampp\htdocs\mybbs\Application\Runtime\Cache\Admin\31bc16b98e37d49b311547c94b22d82e.php 第 148 行.
NOTIC: [8] Undefined index: pid D:\xampp\htdocs\mybbs\Application\Runtime\Cache\Admin\31bc16b98e37d49b311547c94b22d82e.php 第 152 行.
INFO: Run Behavior\ParseTemplateBehavior [ RunTime:0.005747s ]
INFO: [ view_parse ] --END-- [ RunTime:0.005770s ]
INFO: [ view_filter ] --START--
INFO: Run Behavior\WriteHtmlCacheBehavior [ RunTime:0.000315s ]
INFO: [ view_filter ] --END-- [ RunTime:0.000332s ]
INFO: [ app_end ] --START--
INFO: Run Behavior\ShowPageTraceBehavior [ RunTime:0.000644s ]
INFO: [ app_end ] --END-- [ RunTime:0.000677s ]

[ 2019-04-28T14:53:22+08:00 ] 127.0.0.1 /index.php?m=admin&c=part&a=create
INFO: [ app_init ] --START--
INFO: Run Behavior\BuildLiteBehavior [ RunTime:0.000005s ]
INFO: [ app_init ] --END-- [ RunTime:0.000310s ]
INFO: [ app_begin ] --START--
INFO: Run Behavior\ReadHtmlCacheBehavior [ RunTime:0.000357s ]
INFO: [ app_begin ] --END-- [ RunTime:0.000376s ]
SQL: SHOW COLUMNS FROM `bbs_part` [ RunTime:0.0041s ]
SQL: SELECT * FROM `bbs_part`  [ RunTime:0.0002s ]
INFO: [ view_parse ] --START--
INFO: [ template_filter ] --START--
INFO: Run Behavior\ContentReplaceBehavior [ RunTime:0.000023s ]
INFO: [ template_filter ] --END-- [ RunTime:0.000063s ]
INFO: Run Behavior\ParseTemplateBehavior [ RunTime:0.004211s ]
INFO: [ view_parse ] --END-- [ RunTime:0.004234s ]
INFO: [ view_filter ] --START--
INFO: Run Behavior\WriteHtmlCacheBehavior [ RunTime:0.000592s ]
INFO: [ view_filter ] --END-- [ RunTime:0.000657s ]
INFO: [ app_end ] --START--
INFO: Run Behavior\ShowPageTraceBehavior [ RunTime:0.001263s ]
INFO: [ app_end ] --END-- [ RunTime:0.001369s ]

[ 2019-04-28T14:53:23+08:00 ] 127.0.0.1 /index.php?m=admin&c=cate&a=create
INFO: [ app_init ] --START--
INFO: Run Behavior\BuildLiteBehavior [ RunTime:0.000005s ]
INFO: [ app_init ] --END-- [ RunTime:0.000301s ]
INFO: [ app_begin ] --START--
INFO: Run Behavior\ReadHtmlCacheBehavior [ RunTime:0.000365s ]
INFO: [ app_begin ] --END-- [ RunTime:0.000383s ]
SQL: SHOW COLUMNS FROM `bbs_part` [ RunTime:0.0035s ]
SQL: SELECT * FROM `bbs_part`  [ RunTime:0.0002s ]
SQL: SHOW COLUMNS FROM `bbs_user` [ RunTime:0.0039s ]
SQL: SELECT * FROM `bbs_user` WHERE ( auth<2 )  [ RunTime:0.0012s ]
INFO: [ view_parse ] --START--
INFO: [ template_filter ] --START--
INFO: Run Behavior\ContentReplaceBehavior [ RunTime:0.000027s ]
INFO: [ template_filter ] --END-- [ RunTime:0.000050s ]
INFO: Run Behavior\ParseTemplateBehavior [ RunTime:0.005116s ]
INFO: [ view_parse ] --END-- [ RunTime:0.005153s ]
INFO: [ view_filter ] --START--
INFO: Run Behavior\WriteHtmlCacheBehavior [ RunTime:0.000261s ]
INFO: [ view_filter ] --END-- [ RunTime:0.000277s ]
INFO: [ app_end ] --START--
INFO: Run Behavior\ShowPageTraceBehavior [ RunTime:0.000416s ]
INFO: [ app_end ] --END-- [ RunTime:0.000431s ]

[ 2019-04-28T14:53:24+08:00 ] 127.0.0.1 /index.php?m=admin&c=cate&a=index
INFO: [ app_init ] --START--
INFO: Run Behavior\BuildLiteBehavior [ RunTime:0.000007s ]
INFO: [ app_init ] --END-- [ RunTime:0.000353s ]
INFO: [ app_begin ] --START--
INFO: Run Behavior\ReadHtmlCacheBehavior [ RunTime:0.000647s ]
INFO: [ app_begin ] --END-- [ RunTime:0.000688s ]
SQL: SHOW COLUMNS FROM `bbs_cate` [ RunTime:0.0042s ]
SQL: SELECT * FROM `bbs_cate`  [ RunTime:0.0003s ]
SQL: SHOW COLUMNS FROM `bbs_part` [ RunTime:0.0052s ]
SQL: SELECT * FROM `bbs_part`  [ RunTime:0.0002s ]
SQL: SHOW COLUMNS FROM `bbs_user` [ RunTime:0.0035s ]
SQL: SELECT * FROM `bbs_user`  [ RunTime:0.0005s ]
INFO: [ view_parse ] --START--
INFO: [ template_filter ] --START--
INFO: Run Behavior\ContentReplaceBehavior [ RunTime:0.000027s ]
INFO: [ template_filter ] --END-- [ RunTime:0.000048s ]
INFO: Run Behavior\ParseTemplateBehavior [ RunTime:0.004279s ]
INFO: [ view_parse ] --END-- [ RunTime:0.004312s ]
INFO: [ view_filter ] --START--
INFO: Run Behavior\WriteHtmlCacheBehavior [ RunTime:0.000212s ]
INFO: [ view_filter ] --END-- [ RunTime:0.000226s ]
INFO: [ app_end ] --START--
INFO: Run Behavior\ShowPageTraceBehavior [ RunTime:0.000483s ]
INFO: [ app_end ] --END-- [ RunTime:0.000503s ]

[ 2019-04-28T14:54:51+08:00 ] 127.0.0.1 /index.php?m=admin&c=reply&a=index
INFO: [ app_init ] --START--
INFO: Run Behavior\BuildLiteBehavior [ RunTime:0.000006s ]
INFO: [ app_init ] --END-- [ RunTime:0.000304s ]
INFO: [ app_begin ] --START--
INFO: Run Behavior\ReadHtmlCacheBehavior [ RunTime:0.000656s ]
INFO: [ app_begin ] --END-- [ RunTime:0.000679s ]
SQL: SHOW COLUMNS FROM `bbs_reply` [ RunTime:0.0041s ]
SQL: SELECT COUNT(*) AS tp_count FROM `bbs_reply` LIMIT 1   [ RunTime:0.0017s ]
SQL: SELECT * FROM `bbs_reply` LIMIT 0,3   [ RunTime:0.0003s ]
SQL: SHOW COLUMNS FROM `bbs_user` [ RunTime:0.0034s ]
SQL: SELECT `uid`,`uname` FROM `bbs_user`  [ RunTime:0.0004s ]
SQL: SHOW COLUMNS FROM `bbs_post` [ RunTime:0.0817s ]
SQL: SELECT * FROM `bbs_post`  [ RunTime:0.0008s ]
INFO: [ view_parse ] --START--
INFO: [ template_filter ] --START--
INFO: Run Behavior\ContentReplaceBehavior [ RunTime:0.000079s ]
INFO: [ template_filter ] --END-- [ RunTime:0.000145s ]
NOTIC: [8] Undefined variable: users D:\xampp\htdocs\mybbs\Application\Runtime\Cache\Admin\31bc16b98e37d49b311547c94b22d82e.php 第 122 行.
NOTIC: [8] Undefined index: is_jing D:\xampp\htdocs\mybbs\Application\Runtime\Cache\Admin\31bc16b98e37d49b311547c94b22d82e.php 第 129 行.
NOTIC: [8] Undefined index: pid D:\xampp\htdocs\mybbs\Application\Runtime\Cache\Admin\31bc16b98e37d49b311547c94b22d82e.php 第 132 行.
NOTIC: [8] Undefined index: is_top D:\xampp\htdocs\mybbs\Application\Runtime\Cache\Admin\31bc16b98e37d49b311547c94b22d82e.php 第 137 行.
NOTIC: [8] Undefined index: pid D:\xampp\htdocs\mybbs\Application\Runtime\Cache\Admin\31bc16b98e37d49b311547c94b22d82e.php 第 140 行.
NOTIC: [8] Undefined index: is_display D:\xampp\htdocs\mybbs\Application\Runtime\Cache\Admin\31bc16b98e37d49b311547c94b22d82e.php 第 145 行.
NOTIC: [8] Undefined index: pid D:\xampp\htdocs\mybbs\Application\Runtime\Cache\Admin\31bc16b98e37d49b311547c94b22d82e.php 第 148 行.
NOTIC: [8] Undefined index: pid D:\xampp\htdocs\mybbs\Application\Runtime\Cache\Admin\31bc16b98e37d49b311547c94b22d82e.php 第 152 行.
NOTIC: [8] Undefined variable: users D:\xampp\htdocs\mybbs\Application\Runtime\Cache\Admin\31bc16b98e37d49b311547c94b22d82e.php 第 122 行.
NOTIC: [8] Undefined index: is_jing D:\xampp\htdocs\mybbs\Application\Runtime\Cache\Admin\31bc16b98e37d49b311547c94b22d82e.php 第 129 行.
NOTIC: [8] Undefined index: pid D:\xampp\htdocs\mybbs\Application\Runtime\Cache\Admin\31bc16b98e37d49b311547c94b22d82e.php 第 132 行.
NOTIC: [8] Undefined index: is_top D:\xampp\htdocs\mybbs\Application\Runtime\Cache\Admin\31bc16b98e37d49b311547c94b22d82e.php 第 137 行.
NOTIC: [8] Undefined index: pid D:\xampp\htdocs\mybbs\Application\Runtime\Cache\Admin\31bc16b98e37d49b311547c94b22d82e.php 第 140 行.
NOTIC: [8] Undefined index: is_display D:\xampp\htdocs\mybbs\Application\Runtime\Cache\Admin\31bc16b98e37d49b311547c94b22d82e.php 第 145 行.
NOTIC: [8] Undefined index: pid D:\xampp\htdocs\mybbs\Application\Runtime\Cache\Admin\31bc16b98e37d49b311547c94b22d82e.php 第 148 行.
NOTIC: [8] Undefined index: pid D:\xampp\htdocs\mybbs\Application\Runtime\Cache\Admin\31bc16b98e37d49b311547c94b22d82e.php 第 152 行.
NOTIC: [8] Undefined variable: users D:\xampp\htdocs\mybbs\Application\Runtime\Cache\Admin\31bc16b98e37d49b311547c94b22d82e.php 第 122 行.
NOTIC: [8] Undefined index: is_jing D:\xampp\htdocs\mybbs\Application\Runtime\Cache\Admin\31bc16b98e37d49b311547c94b22d82e.php 第 129 行.
NOTIC: [8] Undefined index: pid D:\xampp\htdocs\mybbs\Application\Runtime\Cache\Admin\31bc16b98e37d49b311547c94b22d82e.php 第 132 行.
NOTIC: [8] Undefined index: is_top D:\xampp\htdocs\mybbs\Application\Runtime\Cache\Admin\31bc16b98e37d49b311547c94b22d82e.php 第 137 行.
NOTIC: [8] Undefined index: pid D:\xampp\htdocs\mybbs\Application\Runtime\Cache\Admin\31bc16b98e37d49b311547c94b22d82e.php 第 140 行.
NOTIC: [8] Undefined index: is_display D:\xampp\htdocs\mybbs\Application\Runtime\Cache\Admin\31bc16b98e37d49b311547c94b22d82e.php 第 145 行.
NOTIC: [8] Undefined index: pid D:\xampp\htdocs\mybbs\Application\Runtime\Cache\Admin\31bc16b98e37d49b311547c94b22d82e.php 第 148 行.
NOTIC: [8] Undefined index: pid D:\xampp\htdocs\mybbs\Application\Runtime\Cache\Admin\31bc16b98e37d49b311547c94b22d82e.php 第 152 行.
INFO: Run Behavior\ParseTemplateBehavior [ RunTime:0.013823s ]
INFO: [ view_parse ] --END-- [ RunTime:0.013870s ]
INFO: [ view_filter ] --START--
INFO: Run Behavior\WriteHtmlCacheBehavior [ RunTime:0.000993s ]
INFO: [ view_filter ] --END-- [ RunTime:0.001037s ]
INFO: [ app_end ] --START--
INFO: Run Behavior\ShowPageTraceBehavior [ RunTime:0.001444s ]
INFO: [ app_end ] --END-- [ RunTime:0.001489s ]

[ 2019-04-28T14:57:02+08:00 ] 127.0.0.1 /index.php?m=admin&c=reply&a=index
INFO: [ app_init ] --START--
INFO: Run Behavior\BuildLiteBehavior [ RunTime:0.000005s ]
INFO: [ app_init ] --END-- [ RunTime:0.000450s ]
INFO: [ app_begin ] --START--
INFO: Run Behavior\ReadHtmlCacheBehavior [ RunTime:0.000690s ]
INFO: [ app_begin ] --END-- [ RunTime:0.000738s ]
SQL: SHOW COLUMNS FROM `bbs_reply` [ RunTime:0.0040s ]
SQL: SELECT COUNT(*) AS tp_count FROM `bbs_reply` LIMIT 1   [ RunTime:0.0002s ]
SQL: SELECT * FROM `bbs_reply` LIMIT 0,3   [ RunTime:0.0002s ]
SQL: SHOW COLUMNS FROM `bbs_user` [ RunTime:0.0035s ]
SQL: SELECT `uid`,`uname` FROM `bbs_user`  [ RunTime:0.0002s ]
SQL: SHOW COLUMNS FROM `bbs_post` [ RunTime:0.0055s ]
SQL: SELECT * FROM `bbs_post`  [ RunTime:0.0004s ]
INFO: [ view_parse ] --START--
INFO: [ template_filter ] --START--
INFO: Run Behavior\ContentReplaceBehavior [ RunTime:0.000031s ]
INFO: [ template_filter ] --END-- [ RunTime:0.000066s ]
NOTIC: [8] Undefined variable: users D:\xampp\htdocs\mybbs\Application\Runtime\Cache\Admin\31bc16b98e37d49b311547c94b22d82e.php 第 122 行.
NOTIC: [8] Undefined index: is_jing D:\xampp\htdocs\mybbs\Application\Runtime\Cache\Admin\31bc16b98e37d49b311547c94b22d82e.php 第 129 行.
NOTIC: [8] Undefined index: pid D:\xampp\htdocs\mybbs\Application\Runtime\Cache\Admin\31bc16b98e37d49b311547c94b22d82e.php 第 132 行.
NOTIC: [8] Undefined index: is_top D:\xampp\htdocs\mybbs\Application\Runtime\Cache\Admin\31bc16b98e37d49b311547c94b22d82e.php 第 137 行.
NOTIC: [8] Undefined index: pid D:\xampp\htdocs\mybbs\Application\Runtime\Cache\Admin\31bc16b98e37d49b311547c94b22d82e.php 第 140 行.
NOTIC: [8] Undefined index: is_display D:\xampp\htdocs\mybbs\Application\Runtime\Cache\Admin\31bc16b98e37d49b311547c94b22d82e.php 第 145 行.
NOTIC: [8] Undefined index: pid D:\xampp\htdocs\mybbs\Application\Runtime\Cache\Admin\31bc16b98e37d49b311547c94b22d82e.php 第 148 行.
NOTIC: [8] Undefined index: pid D:\xampp\htdocs\mybbs\Application\Runtime\Cache\Admin\31bc16b98e37d49b311547c94b22d82e.php 第 152 行.
NOTIC: [8] Undefined variable: users D:\xampp\htdocs\mybbs\Application\Runtime\Cache\Admin\31bc16b98e37d49b311547c94b22d82e.php 第 122 行.
NOTIC: [8] Undefined index: is_jing D:\xampp\htdocs\mybbs\Application\Runtime\Cache\Admin\31bc16b98e37d49b311547c94b22d82e.php 第 129 行.
NOTIC: [8] Undefined index: pid D:\xampp\htdocs\mybbs\Application\Runtime\Cache\Admin\31bc16b98e37d49b311547c94b22d82e.php 第 132 行.
NOTIC: [8] Undefined index: is_top D:\xampp\htdocs\mybbs\Application\Runtime\Cache\Admin\31bc16b98e37d49b311547c94b22d82e.php 第 137 行.
NOTIC: [8] Undefined index: pid D:\xampp\htdocs\mybbs\Application\Runtime\Cache\Admin\31bc16b98e37d49b311547c94b22d82e.php 第 140 行.
NOTIC: [8] Undefined index: is_display D:\xampp\htdocs\mybbs\Application\Runtime\Cache\Admin\31bc16b98e37d49b311547c94b22d82e.php 第 145 行.
NOTIC: [8] Undefined index: pid D:\xampp\htdocs\mybbs\Application\Runtime\Cache\Admin\31bc16b98e37d49b311547c94b22d82e.php 第 148 行.
NOTIC: [8] Undefined index: pid D:\xampp\htdocs\mybbs\Application\Runtime\Cache\Admin\31bc16b98e37d49b311547c94b22d82e.php 第 152 行.
NOTIC: [8] Undefined variable: users D:\xampp\htdocs\mybbs\Application\Runtime\Cache\Admin\31bc16b98e37d49b311547c94b22d82e.php 第 122 行.
NOTIC: [8] Undefined index: is_jing D:\xampp\htdocs\mybbs\Application\Runtime\Cache\Admin\31bc16b98e37d49b311547c94b22d82e.php 第 129 行.
NOTIC: [8] Undefined index: pid D:\xampp\htdocs\mybbs\Application\Runtime\Cache\Admin\31bc16b98e37d49b311547c94b22d82e.php 第 132 行.
NOTIC: [8] Undefined index: is_top D:\xampp\htdocs\mybbs\Application\Runtime\Cache\Admin\31bc16b98e37d49b311547c94b22d82e.php 第 137 行.
NOTIC: [8] Undefined index: pid D:\xampp\htdocs\mybbs\Application\Runtime\Cache\Admin\31bc16b98e37d49b311547c94b22d82e.php 第 140 行.
NOTIC: [8] Undefined index: is_display D:\xampp\htdocs\mybbs\Application\Runtime\Cache\Admin\31bc16b98e37d49b311547c94b22d82e.php 第 145 行.
NOTIC: [8] Undefined index: pid D:\xampp\htdocs\mybbs\Application\Runtime\Cache\Admin\31bc16b98e37d49b311547c94b22d82e.php 第 148 行.
NOTIC: [8] Undefined index: pid D:\xampp\htdocs\mybbs\Application\Runtime\Cache\Admin\31bc16b98e37d49b311547c94b22d82e.php 第 152 行.
INFO: Run Behavior\ParseTemplateBehavior [ RunTime:0.005875s ]
INFO: [ view_parse ] --END-- [ RunTime:0.005892s ]
INFO: [ view_filter ] --START--
INFO: Run Behavior\WriteHtmlCacheBehavior [ RunTime:0.000419s ]
INFO: [ view_filter ] --END-- [ RunTime:0.000434s ]
INFO: [ app_end ] --START--
INFO: Run Behavior\ShowPageTraceBehavior [ RunTime:0.000795s ]
INFO: [ app_end ] --END-- [ RunTime:0.000813s ]

[ 2019-04-28T14:57:02+08:00 ] 127.0.0.1 /index.php?m=admin&c=reply&a=index
INFO: [ app_init ] --START--
INFO: Run Behavior\BuildLiteBehavior [ RunTime:0.000005s ]
INFO: [ app_init ] --END-- [ RunTime:0.000309s ]
INFO: [ app_begin ] --START--
INFO: Run Behavior\ReadHtmlCacheBehavior [ RunTime:0.000672s ]
INFO: [ app_begin ] --END-- [ RunTime:0.000763s ]
SQL: SHOW COLUMNS FROM `bbs_reply` [ RunTime:0.0038s ]
SQL: SELECT COUNT(*) AS tp_count FROM `bbs_reply` LIMIT 1   [ RunTime:0.0002s ]
SQL: SELECT * FROM `bbs_reply` LIMIT 0,3   [ RunTime:0.0002s ]
SQL: SHOW COLUMNS FROM `bbs_user` [ RunTime:0.0038s ]
SQL: SELECT `uid`,`uname` FROM `bbs_user`  [ RunTime:0.0002s ]
SQL: SHOW COLUMNS FROM `bbs_post` [ RunTime:0.0033s ]
SQL: SELECT * FROM `bbs_post`  [ RunTime:0.0018s ]
INFO: [ view_parse ] --START--
INFO: [ template_filter ] --START--
INFO: Run Behavior\ContentReplaceBehavior [ RunTime:0.000030s ]
INFO: [ template_filter ] --END-- [ RunTime:0.000050s ]
NOTIC: [8] Undefined variable: users D:\xampp\htdocs\mybbs\Application\Runtime\Cache\Admin\31bc16b98e37d49b311547c94b22d82e.php 第 122 行.
NOTIC: [8] Undefined index: is_jing D:\xampp\htdocs\mybbs\Application\Runtime\Cache\Admin\31bc16b98e37d49b311547c94b22d82e.php 第 129 行.
NOTIC: [8] Undefined index: pid D:\xampp\htdocs\mybbs\Application\Runtime\Cache\Admin\31bc16b98e37d49b311547c94b22d82e.php 第 132 行.
NOTIC: [8] Undefined index: is_top D:\xampp\htdocs\mybbs\Application\Runtime\Cache\Admin\31bc16b98e37d49b311547c94b22d82e.php 第 137 行.
NOTIC: [8] Undefined index: pid D:\xampp\htdocs\mybbs\Application\Runtime\Cache\Admin\31bc16b98e37d49b311547c94b22d82e.php 第 140 行.
NOTIC: [8] Undefined index: is_display D:\xampp\htdocs\mybbs\Application\Runtime\Cache\Admin\31bc16b98e37d49b311547c94b22d82e.php 第 145 行.
NOTIC: [8] Undefined index: pid D:\xampp\htdocs\mybbs\Application\Runtime\Cache\Admin\31bc16b98e37d49b311547c94b22d82e.php 第 148 行.
NOTIC: [8] Undefined index: pid D:\xampp\htdocs\mybbs\Application\Runtime\Cache\Admin\31bc16b98e37d49b311547c94b22d82e.php 第 152 行.
NOTIC: [8] Undefined variable: users D:\xampp\htdocs\mybbs\Application\Runtime\Cache\Admin\31bc16b98e37d49b311547c94b22d82e.php 第 122 行.
NOTIC: [8] Undefined index: is_jing D:\xampp\htdocs\mybbs\Application\Runtime\Cache\Admin\31bc16b98e37d49b311547c94b22d82e.php 第 129 行.
NOTIC: [8] Undefined index: pid D:\xampp\htdocs\mybbs\Application\Runtime\Cache\Admin\31bc16b98e37d49b311547c94b22d82e.php 第 132 行.
NOTIC: [8] Undefined index: is_top D:\xampp\htdocs\mybbs\Application\Runtime\Cache\Admin\31bc16b98e37d49b311547c94b22d82e.php 第 137 行.
NOTIC: [8] Undefined index: pid D:\xampp\htdocs\mybbs\Application\Runtime\Cache\Admin\31bc16b98e37d49b311547c94b22d82e.php 第 140 行.
NOTIC: [8] Undefined index: is_display D:\xampp\htdocs\mybbs\Application\Runtime\Cache\Admin\31bc16b98e37d49b311547c94b22d82e.php 第 145 行.
NOTIC: [8] Undefined index: pid D:\xampp\htdocs\mybbs\Application\Runtime\Cache\Admin\31bc16b98e37d49b311547c94b22d82e.php 第 148 行.
NOTIC: [8] Undefined index: pid D:\xampp\htdocs\mybbs\Application\Runtime\Cache\Admin\31bc16b98e37d49b311547c94b22d82e.php 第 152 行.
NOTIC: [8] Undefined variable: users D:\xampp\htdocs\mybbs\Application\Runtime\Cache\Admin\31bc16b98e37d49b311547c94b22d82e.php 第 122 行.
NOTIC: [8] Undefined index: is_jing D:\xampp\htdocs\mybbs\Application\Runtime\Cache\Admin\31bc16b98e37d49b311547c94b22d82e.php 第 129 行.
NOTIC: [8] Undefined index: pid D:\xampp\htdocs\mybbs\Application\Runtime\Cache\Admin\31bc16b98e37d49b311547c94b22d82e.php 第 132 行.
NOTIC: [8] Undefined index: is_top D:\xampp\htdocs\mybbs\Application\Runtime\Cache\Admin\31bc16b98e37d49b311547c94b22d82e.php 第 137 行.
NOTIC: [8] Undefined index: pid D:\xampp\htdocs\mybbs\Application\Runtime\Cache\Admin\31bc16b98e37d49b311547c94b22d82e.php 第 140 行.
NOTIC: [8] Undefined index: is_display D:\xampp\htdocs\mybbs\Application\Runtime\Cache\Admin\31bc16b98e37d49b311547c94b22d82e.php 第 145 行.
NOTIC: [8] Undefined index: pid D:\xampp\htdocs\mybbs\Application\Runtime\Cache\Admin\31bc16b98e37d49b311547c94b22d82e.php 第 148 行.
NOTIC: [8] Undefined index: pid D:\xampp\htdocs\mybbs\Application\Runtime\Cache\Admin\31bc16b98e37d49b311547c94b22d82e.php 第 152 行.
INFO: Run Behavior\ParseTemplateBehavior [ RunTime:0.004877s ]
INFO: [ view_parse ] --END-- [ RunTime:0.004926s ]
INFO: [ view_filter ] --START--
INFO: Run Behavior\WriteHtmlCacheBehavior [ RunTime:0.000570s ]
INFO: [ view_filter ] --END-- [ RunTime:0.000589s ]
INFO: [ app_end ] --START--
INFO: Run Behavior\ShowPageTraceBehavior [ RunTime:0.000580s ]
INFO: [ app_end ] --END-- [ RunTime:0.000616s ]

[ 2019-04-28T14:57:02+08:00 ] 127.0.0.1 /index.php?m=admin&c=reply&a=index
INFO: [ app_init ] --START--
INFO: Run Behavior\BuildLiteBehavior [ RunTime:0.000005s ]
INFO: [ app_init ] --END-- [ RunTime:0.000274s ]
INFO: [ app_begin ] --START--
INFO: Run Behavior\ReadHtmlCacheBehavior [ RunTime:0.000423s ]
INFO: [ app_begin ] --END-- [ RunTime:0.000440s ]
SQL: SHOW COLUMNS FROM `bbs_reply` [ RunTime:0.0043s ]
SQL: SELECT COUNT(*) AS tp_count FROM `bbs_reply` LIMIT 1   [ RunTime:0.0002s ]
SQL: SELECT * FROM `bbs_reply` LIMIT 0,3   [ RunTime:0.0002s ]
SQL: SHOW COLUMNS FROM `bbs_user` [ RunTime:0.0031s ]
SQL: SELECT `uid`,`uname` FROM `bbs_user`  [ RunTime:0.0002s ]
SQL: SHOW COLUMNS FROM `bbs_post` [ RunTime:0.0231s ]
SQL: SELECT * FROM `bbs_post`  [ RunTime:0.0004s ]
INFO: [ view_parse ] --START--
INFO: [ template_filter ] --START--
INFO: Run Behavior\ContentReplaceBehavior [ RunTime:0.000031s ]
INFO: [ template_filter ] --END-- [ RunTime:0.000053s ]
NOTIC: [8] Undefined variable: users D:\xampp\htdocs\mybbs\Application\Runtime\Cache\Admin\31bc16b98e37d49b311547c94b22d82e.php 第 122 行.
NOTIC: [8] Undefined index: is_jing D:\xampp\htdocs\mybbs\Application\Runtime\Cache\Admin\31bc16b98e37d49b311547c94b22d82e.php 第 129 行.
NOTIC: [8] Undefined index: pid D:\xampp\htdocs\mybbs\Application\Runtime\Cache\Admin\31bc16b98e37d49b311547c94b22d82e.php 第 132 行.
NOTIC: [8] Undefined index: is_top D:\xampp\htdocs\mybbs\Application\Runtime\Cache\Admin\31bc16b98e37d49b311547c94b22d82e.php 第 137 行.
NOTIC: [8] Undefined index: pid D:\xampp\htdocs\mybbs\Application\Runtime\Cache\Admin\31bc16b98e37d49b311547c94b22d82e.php 第 140 行.
NOTIC: [8] Undefined index: is_display D:\xampp\htdocs\mybbs\Application\Runtime\Cache\Admin\31bc16b98e37d49b311547c94b22d82e.php 第 145 行.
NOTIC: [8] Undefined index: pid D:\xampp\htdocs\mybbs\Application\Runtime\Cache\Admin\31bc16b98e37d49b311547c94b22d82e.php 第 148 行.
NOTIC: [8] Undefined index: pid D:\xampp\htdocs\mybbs\Application\Runtime\Cache\Admin\31bc16b98e37d49b311547c94b22d82e.php 第 152 行.
NOTIC: [8] Undefined variable: users D:\xampp\htdocs\mybbs\Application\Runtime\Cache\Admin\31bc16b98e37d49b311547c94b22d82e.php 第 122 行.
NOTIC: [8] Undefined index: is_jing D:\xampp\htdocs\mybbs\Application\Runtime\Cache\Admin\31bc16b98e37d49b311547c94b22d82e.php 第 129 行.
NOTIC: [8] Undefined index: pid D:\xampp\htdocs\mybbs\Application\Runtime\Cache\Admin\31bc16b98e37d49b311547c94b22d82e.php 第 132 行.
NOTIC: [8] Undefined index: is_top D:\xampp\htdocs\mybbs\Application\Runtime\Cache\Admin\31bc16b98e37d49b311547c94b22d82e.php 第 137 行.
NOTIC: [8] Undefined index: pid D:\xampp\htdocs\mybbs\Application\Runtime\Cache\Admin\31bc16b98e37d49b311547c94b22d82e.php 第 140 行.
NOTIC: [8] Undefined index: is_display D:\xampp\htdocs\mybbs\Application\Runtime\Cache\Admin\31bc16b98e37d49b311547c94b22d82e.php 第 145 行.
NOTIC: [8] Undefined index: pid D:\xampp\htdocs\mybbs\Application\Runtime\Cache\Admin\31bc16b98e37d49b311547c94b22d82e.php 第 148 行.
NOTIC: [8] Undefined index: pid D:\xampp\htdocs\mybbs\Application\Runtime\Cache\Admin\31bc16b98e37d49b311547c94b22d82e.php 第 152 行.
NOTIC: [8] Undefined variable: users D:\xampp\htdocs\mybbs\Application\Runtime\Cache\Admin\31bc16b98e37d49b311547c94b22d82e.php 第 122 行.
NOTIC: [8] Undefined index: is_jing D:\xampp\htdocs\mybbs\Application\Runtime\Cache\Admin\31bc16b98e37d49b311547c94b22d82e.php 第 129 行.
NOTIC: [8] Undefined index: pid D:\xampp\htdocs\mybbs\Application\Runtime\Cache\Admin\31bc16b98e37d49b311547c94b22d82e.php 第 132 行.
NOTIC: [8] Undefined index: is_top D:\xampp\htdocs\mybbs\Application\Runtime\Cache\Admin\31bc16b98e37d49b311547c94b22d82e.php 第 137 行.
NOTIC: [8] Undefined index: pid D:\xampp\htdocs\mybbs\Application\Runtime\Cache\Admin\31bc16b98e37d49b311547c94b22d82e.php 第 140 行.
NOTIC: [8] Undefined index: is_display D:\xampp\htdocs\mybbs\Application\Runtime\Cache\Admin\31bc16b98e37d49b311547c94b22d82e.php 第 145 行.
NOTIC: [8] Undefined index: pid D:\xampp\htdocs\mybbs\Application\Runtime\Cache\Admin\31bc16b98e37d49b311547c94b22d82e.php 第 148 行.
NOTIC: [8] Undefined index: pid D:\xampp\htdocs\mybbs\Application\Runtime\Cache\Admin\31bc16b98e37d49b311547c94b22d82e.php 第 152 行.
INFO: Run Behavior\ParseTemplateBehavior [ RunTime:0.005186s ]
INFO: [ view_parse ] --END-- [ RunTime:0.005203s ]
INFO: [ view_filter ] --START--
INFO: Run Behavior\WriteHtmlCacheBehavior [ RunTime:0.000207s ]
INFO: [ view_filter ] --END-- [ RunTime:0.000220s ]
INFO: [ app_end ] --START--
INFO: Run Behavior\ShowPageTraceBehavior [ RunTime:0.000610s ]
INFO: [ app_end ] --END-- [ RunTime:0.000647s ]

[ 2019-04-28T14:57:04+08:00 ] 127.0.0.1 /index.php/Admin/Reply/index/p/2.html
INFO: [ app_init ] --START--
INFO: Run Behavior\BuildLiteBehavior [ RunTime:0.000005s ]
INFO: [ app_init ] --END-- [ RunTime:0.000305s ]
INFO: [ app_begin ] --START--
INFO: Run Behavior\ReadHtmlCacheBehavior [ RunTime:0.000466s ]
INFO: [ app_begin ] --END-- [ RunTime:0.000491s ]
SQL: SHOW COLUMNS FROM `bbs_reply` [ RunTime:0.0038s ]
SQL: SELECT COUNT(*) AS tp_count FROM `bbs_reply` LIMIT 1   [ RunTime:0.0002s ]
SQL: SELECT * FROM `bbs_reply` LIMIT 3,3   [ RunTime:0.0002s ]
SQL: SHOW COLUMNS FROM `bbs_user` [ RunTime:0.0034s ]
SQL: SELECT `uid`,`uname` FROM `bbs_user`  [ RunTime:0.0002s ]
SQL: SHOW COLUMNS FROM `bbs_post` [ RunTime:0.0032s ]
SQL: SELECT * FROM `bbs_post`  [ RunTime:0.0003s ]
INFO: [ view_parse ] --START--
INFO: [ template_filter ] --START--
INFO: Run Behavior\ContentReplaceBehavior [ RunTime:0.000031s ]
INFO: [ template_filter ] --END-- [ RunTime:0.000051s ]
NOTIC: [8] Undefined variable: users D:\xampp\htdocs\mybbs\Application\Runtime\Cache\Admin\31bc16b98e37d49b311547c94b22d82e.php 第 122 行.
NOTIC: [8] Undefined index: is_jing D:\xampp\htdocs\mybbs\Application\Runtime\Cache\Admin\31bc16b98e37d49b311547c94b22d82e.php 第 129 行.
NOTIC: [8] Undefined index: pid D:\xampp\htdocs\mybbs\Application\Runtime\Cache\Admin\31bc16b98e37d49b311547c94b22d82e.php 第 132 行.
NOTIC: [8] Undefined index: is_top D:\xampp\htdocs\mybbs\Application\Runtime\Cache\Admin\31bc16b98e37d49b311547c94b22d82e.php 第 137 行.
NOTIC: [8] Undefined index: pid D:\xampp\htdocs\mybbs\Application\Runtime\Cache\Admin\31bc16b98e37d49b311547c94b22d82e.php 第 140 行.
NOTIC: [8] Undefined index: is_display D:\xampp\htdocs\mybbs\Application\Runtime\Cache\Admin\31bc16b98e37d49b311547c94b22d82e.php 第 145 行.
NOTIC: [8] Undefined index: pid D:\xampp\htdocs\mybbs\Application\Runtime\Cache\Admin\31bc16b98e37d49b311547c94b22d82e.php 第 148 行.
NOTIC: [8] Undefined index: pid D:\xampp\htdocs\mybbs\Application\Runtime\Cache\Admin\31bc16b98e37d49b311547c94b22d82e.php 第 152 行.
INFO: Run Behavior\ParseTemplateBehavior [ RunTime:0.004744s ]
INFO: [ view_parse ] --END-- [ RunTime:0.004761s ]
INFO: [ view_filter ] --START--
INFO: Run Behavior\WriteHtmlCacheBehavior [ RunTime:0.000220s ]
INFO: [ view_filter ] --END-- [ RunTime:0.000237s ]
INFO: [ app_end ] --START--
INFO: Run Behavior\ShowPageTraceBehavior [ RunTime:0.000581s ]
INFO: [ app_end ] --END-- [ RunTime:0.000600s ]

[ 2019-04-28T14:57:06+08:00 ] 127.0.0.1 /index.php?m=admin&c=reply&a=index
INFO: [ app_init ] --START--
INFO: Run Behavior\BuildLiteBehavior [ RunTime:0.000010s ]
INFO: [ app_init ] --END-- [ RunTime:0.000310s ]
INFO: [ app_begin ] --START--
INFO: Run Behavior\ReadHtmlCacheBehavior [ RunTime:0.000478s ]
INFO: [ app_begin ] --END-- [ RunTime:0.000514s ]
SQL: SHOW COLUMNS FROM `bbs_reply` [ RunTime:0.0039s ]
SQL: SELECT COUNT(*) AS tp_count FROM `bbs_reply` LIMIT 1   [ RunTime:0.0002s ]
SQL: SELECT * FROM `bbs_reply` LIMIT 0,3   [ RunTime:0.0011s ]
SQL: SHOW COLUMNS FROM `bbs_user` [ RunTime:0.0036s ]
SQL: SELECT `uid`,`uname` FROM `bbs_user`  [ RunTime:0.0003s ]
SQL: SHOW COLUMNS FROM `bbs_post` [ RunTime:0.0041s ]
SQL: SELECT * FROM `bbs_post`  [ RunTime:0.0004s ]
INFO: [ view_parse ] --START--
INFO: [ template_filter ] --START--
INFO: Run Behavior\ContentReplaceBehavior [ RunTime:0.000113s ]
INFO: [ template_filter ] --END-- [ RunTime:0.000180s ]
NOTIC: [8] Undefined variable: users D:\xampp\htdocs\mybbs\Application\Runtime\Cache\Admin\31bc16b98e37d49b311547c94b22d82e.php 第 122 行.
NOTIC: [8] Undefined index: is_jing D:\xampp\htdocs\mybbs\Application\Runtime\Cache\Admin\31bc16b98e37d49b311547c94b22d82e.php 第 129 行.
NOTIC: [8] Undefined index: pid D:\xampp\htdocs\mybbs\Application\Runtime\Cache\Admin\31bc16b98e37d49b311547c94b22d82e.php 第 132 行.
NOTIC: [8] Undefined index: is_top D:\xampp\htdocs\mybbs\Application\Runtime\Cache\Admin\31bc16b98e37d49b311547c94b22d82e.php 第 137 行.
NOTIC: [8] Undefined index: pid D:\xampp\htdocs\mybbs\Application\Runtime\Cache\Admin\31bc16b98e37d49b311547c94b22d82e.php 第 140 行.
NOTIC: [8] Undefined index: is_display D:\xampp\htdocs\mybbs\Application\Runtime\Cache\Admin\31bc16b98e37d49b311547c94b22d82e.php 第 145 行.
NOTIC: [8] Undefined index: pid D:\xampp\htdocs\mybbs\Application\Runtime\Cache\Admin\31bc16b98e37d49b311547c94b22d82e.php 第 148 行.
NOTIC: [8] Undefined index: pid D:\xampp\htdocs\mybbs\Application\Runtime\Cache\Admin\31bc16b98e37d49b311547c94b22d82e.php 第 152 行.
NOTIC: [8] Undefined variable: users D:\xampp\htdocs\mybbs\Application\Runtime\Cache\Admin\31bc16b98e37d49b311547c94b22d82e.php 第 122 行.
NOTIC: [8] Undefined index: is_jing D:\xampp\htdocs\mybbs\Application\Runtime\Cache\Admin\31bc16b98e37d49b311547c94b22d82e.php 第 129 行.
NOTIC: [8] Undefined index: pid D:\xampp\htdocs\mybbs\Application\Runtime\Cache\Admin\31bc16b98e37d49b311547c94b22d82e.php 第 132 行.
NOTIC: [8] Undefined index: is_top D:\xampp\htdocs\mybbs\Application\Runtime\Cache\Admin\31bc16b98e37d49b311547c94b22d82e.php 第 137 行.
NOTIC: [8] Undefined index: pid D:\xampp\htdocs\mybbs\Application\Runtime\Cache\Admin\31bc16b98e37d49b311547c94b22d82e.php 第 140 行.
NOTIC: [8] Undefined index: is_display D:\xampp\htdocs\mybbs\Application\Runtime\Cache\Admin\31bc16b98e37d49b311547c94b22d82e.php 第 145 行.
NOTIC: [8] Undefined index: pid D:\xampp\htdocs\mybbs\Application\Runtime\Cache\Admin\31bc16b98e37d49b311547c94b22d82e.php 第 148 行.
NOTIC: [8] Undefined index: pid D:\xampp\htdocs\mybbs\Application\Runtime\Cache\Admin\31bc16b98e37d49b311547c94b22d82e.php 第 152 行.
NOTIC: [8] Undefined variable: users D:\xampp\htdocs\mybbs\Application\Runtime\Cache\Admin\31bc16b98e37d49b311547c94b22d82e.php 第 122 行.
NOTIC: [8] Undefined index: is_jing D:\xampp\htdocs\mybbs\Application\Runtime\Cache\Admin\31bc16b98e37d49b311547c94b22d82e.php 第 129 行.
NOTIC: [8] Undefined index: pid D:\xampp\htdocs\mybbs\Application\Runtime\Cache\Admin\31bc16b98e37d49b311547c94b22d82e.php 第 132 行.
NOTIC: [8] Undefined index: is_top D:\xampp\htdocs\mybbs\Application\Runtime\Cache\Admin\31bc16b98e37d49b311547c94b22d82e.php 第 137 行.
NOTIC: [8] Undefined index: pid D:\xampp\htdocs\mybbs\Application\Runtime\Cache\Admin\31bc16b98e37d49b311547c94b22d82e.php 第 140 行.
NOTIC: [8] Undefined index: is_display D:\xampp\htdocs\mybbs\Application\Runtime\Cache\Admin\31bc16b98e37d49b311547c94b22d82e.php 第 145 行.
NOTIC: [8] Undefined index: pid D:\xampp\htdocs\mybbs\Application\Runtime\Cache\Admin\31bc16b98e37d49b311547c94b22d82e.php 第 148 行.
NOTIC: [8] Undefined index: pid D:\xampp\htdocs\mybbs\Application\Runtime\Cache\Admin\31bc16b98e37d49b311547c94b22d82e.php 第 152 行.
INFO: Run Behavior\ParseTemplateBehavior [ RunTime:0.013026s ]
INFO: [ view_parse ] --END-- [ RunTime:0.013045s ]
INFO: [ view_filter ] --START--
INFO: Run Behavior\WriteHtmlCacheBehavior [ RunTime:0.000250s ]
INFO: [ view_filter ] --END-- [ RunTime:0.000265s ]
INFO: [ app_end ] --START--
INFO: Run Behavior\ShowPageTraceBehavior [ RunTime:0.000620s ]
INFO: [ app_end ] --END-- [ RunTime:0.000638s ]

[ 2019-04-28T14:57:07+08:00 ] 127.0.0.1 /index.php?m=admin&c=reply&a=index
INFO: [ app_init ] --START--
INFO: Run Behavior\BuildLiteBehavior [ RunTime:0.000006s ]
INFO: [ app_init ] --END-- [ RunTime:0.000318s ]
INFO: [ app_begin ] --START--
INFO: Run Behavior\ReadHtmlCacheBehavior [ RunTime:0.000375s ]
INFO: [ app_begin ] --END-- [ RunTime:0.000395s ]
SQL: SHOW COLUMNS FROM `bbs_reply` [ RunTime:0.0033s ]
SQL: SELECT COUNT(*) AS tp_count FROM `bbs_reply` LIMIT 1   [ RunTime:0.0002s ]
SQL: SELECT * FROM `bbs_reply` LIMIT 0,3   [ RunTime:0.0003s ]
SQL: SHOW COLUMNS FROM `bbs_user` [ RunTime:0.0045s ]
SQL: SELECT `uid`,`uname` FROM `bbs_user`  [ RunTime:0.0008s ]
SQL: SHOW COLUMNS FROM `bbs_post` [ RunTime:0.0048s ]
SQL: SELECT * FROM `bbs_post`  [ RunTime:0.0004s ]
INFO: [ view_parse ] --START--
INFO: [ template_filter ] --START--
INFO: Run Behavior\ContentReplaceBehavior [ RunTime:0.000030s ]
INFO: [ template_filter ] --END-- [ RunTime:0.000051s ]
NOTIC: [8] Undefined variable: users D:\xampp\htdocs\mybbs\Application\Runtime\Cache\Admin\31bc16b98e37d49b311547c94b22d82e.php 第 122 行.
NOTIC: [8] Undefined index: is_jing D:\xampp\htdocs\mybbs\Application\Runtime\Cache\Admin\31bc16b98e37d49b311547c94b22d82e.php 第 129 行.
NOTIC: [8] Undefined index: pid D:\xampp\htdocs\mybbs\Application\Runtime\Cache\Admin\31bc16b98e37d49b311547c94b22d82e.php 第 132 行.
NOTIC: [8] Undefined index: is_top D:\xampp\htdocs\mybbs\Application\Runtime\Cache\Admin\31bc16b98e37d49b311547c94b22d82e.php 第 137 行.
NOTIC: [8] Undefined index: pid D:\xampp\htdocs\mybbs\Application\Runtime\Cache\Admin\31bc16b98e37d49b311547c94b22d82e.php 第 140 行.
NOTIC: [8] Undefined index: is_display D:\xampp\htdocs\mybbs\Application\Runtime\Cache\Admin\31bc16b98e37d49b311547c94b22d82e.php 第 145 行.
NOTIC: [8] Undefined index: pid D:\xampp\htdocs\mybbs\Application\Runtime\Cache\Admin\31bc16b98e37d49b311547c94b22d82e.php 第 148 行.
NOTIC: [8] Undefined index: pid D:\xampp\htdocs\mybbs\Application\Runtime\Cache\Admin\31bc16b98e37d49b311547c94b22d82e.php 第 152 行.
NOTIC: [8] Undefined variable: users D:\xampp\htdocs\mybbs\Application\Runtime\Cache\Admin\31bc16b98e37d49b311547c94b22d82e.php 第 122 行.
NOTIC: [8] Undefined index: is_jing D:\xampp\htdocs\mybbs\Application\Runtime\Cache\Admin\31bc16b98e37d49b311547c94b22d82e.php 第 129 行.
NOTIC: [8] Undefined index: pid D:\xampp\htdocs\mybbs\Application\Runtime\Cache\Admin\31bc16b98e37d49b311547c94b22d82e.php 第 132 行.
NOTIC: [8] Undefined index: is_top D:\xampp\htdocs\mybbs\Application\Runtime\Cache\Admin\31bc16b98e37d49b311547c94b22d82e.php 第 137 行.
NOTIC: [8] Undefined index: pid D:\xampp\htdocs\mybbs\Application\Runtime\Cache\Admin\31bc16b98e37d49b311547c94b22d82e.php 第 140 行.
NOTIC: [8] Undefined index: is_display D:\xampp\htdocs\mybbs\Application\Runtime\Cache\Admin\31bc16b98e37d49b311547c94b22d82e.php 第 145 行.
NOTIC: [8] Undefined index: pid D:\xampp\htdocs\mybbs\Application\Runtime\Cache\Admin\31bc16b98e37d49b311547c94b22d82e.php 第 148 行.
NOTIC: [8] Undefined index: pid D:\xampp\htdocs\mybbs\Application\Runtime\Cache\Admin\31bc16b98e37d49b311547c94b22d82e.php 第 152 行.
NOTIC: [8] Undefined variable: users D:\xampp\htdocs\mybbs\Application\Runtime\Cache\Admin\31bc16b98e37d49b311547c94b22d82e.php 第 122 行.
NOTIC: [8] Undefined index: is_jing D:\xampp\htdocs\mybbs\Application\Runtime\Cache\Admin\31bc16b98e37d49b311547c94b22d82e.php 第 129 行.
NOTIC: [8] Undefined index: pid D:\xampp\htdocs\mybbs\Application\Runtime\Cache\Admin\31bc16b98e37d49b311547c94b22d82e.php 第 132 行.
NOTIC: [8] Undefined index: is_top D:\xampp\htdocs\mybbs\Application\Runtime\Cache\Admin\31bc16b98e37d49b311547c94b22d82e.php 第 137 行.
NOTIC: [8] Undefined index: pid D:\xampp\htdocs\mybbs\Application\Runtime\Cache\Admin\31bc16b98e37d49b311547c94b22d82e.php 第 140 行.
NOTIC: [8] Undefined index: is_display D:\xampp\htdocs\mybbs\Application\Runtime\Cache\Admin\31bc16b98e37d49b311547c94b22d82e.php 第 145 行.
NOTIC: [8] Undefined index: pid D:\xampp\htdocs\mybbs\Application\Runtime\Cache\Admin\31bc16b98e37d49b311547c94b22d82e.php 第 148 行.
NOTIC: [8] Undefined index: pid D:\xampp\htdocs\mybbs\Application\Runtime\Cache\Admin\31bc16b98e37d49b311547c94b22d82e.php 第 152 行.
INFO: Run Behavior\ParseTemplateBehavior [ RunTime:0.013887s ]
INFO: [ view_parse ] --END-- [ RunTime:0.013903s ]
INFO: [ view_filter ] --START--
INFO: Run Behavior\WriteHtmlCacheBehavior [ RunTime:0.000297s ]
INFO: [ view_filter ] --END-- [ RunTime:0.000312s ]
INFO: [ app_end ] --START--
INFO: Run Behavior\ShowPageTraceBehavior [ RunTime:0.001635s ]
INFO: [ app_end ] --END-- [ RunTime:0.001754s ]

[ 2019-04-28T14:57:08+08:00 ] 127.0.0.1 /index.php/Admin/Reply/index/p/2.html
INFO: [ app_init ] --START--
INFO: Run Behavior\BuildLiteBehavior [ RunTime:0.000015s ]
INFO: [ app_init ] --END-- [ RunTime:0.000376s ]
INFO: [ app_begin ] --START--
INFO: Run Behavior\ReadHtmlCacheBehavior [ RunTime:0.000552s ]
INFO: [ app_begin ] --END-- [ RunTime:0.000583s ]
SQL: SHOW COLUMNS FROM `bbs_reply` [ RunTime:0.0818s ]
SQL: SELECT COUNT(*) AS tp_count FROM `bbs_reply` LIMIT 1   [ RunTime:0.0001s ]
SQL: SELECT * FROM `bbs_reply` LIMIT 3,3   [ RunTime:0.0001s ]
SQL: SHOW COLUMNS FROM `bbs_user` [ RunTime:0.0032s ]
SQL: SELECT `uid`,`uname` FROM `bbs_user`  [ RunTime:0.0002s ]
SQL: SHOW COLUMNS FROM `bbs_post` [ RunTime:0.0045s ]
SQL: SELECT * FROM `bbs_post`  [ RunTime:0.0003s ]
INFO: [ view_parse ] --START--
INFO: [ template_filter ] --START--
INFO: Run Behavior\ContentReplaceBehavior [ RunTime:0.000030s ]
INFO: [ template_filter ] --END-- [ RunTime:0.000049s ]
NOTIC: [8] Undefined variable: users D:\xampp\htdocs\mybbs\Application\Runtime\Cache\Admin\31bc16b98e37d49b311547c94b22d82e.php 第 122 行.
NOTIC: [8] Undefined index: is_jing D:\xampp\htdocs\mybbs\Application\Runtime\Cache\Admin\31bc16b98e37d49b311547c94b22d82e.php 第 129 行.
NOTIC: [8] Undefined index: pid D:\xampp\htdocs\mybbs\Application\Runtime\Cache\Admin\31bc16b98e37d49b311547c94b22d82e.php 第 132 行.
NOTIC: [8] Undefined index: is_top D:\xampp\htdocs\mybbs\Application\Runtime\Cache\Admin\31bc16b98e37d49b311547c94b22d82e.php 第 137 行.
NOTIC: [8] Undefined index: pid D:\xampp\htdocs\mybbs\Application\Runtime\Cache\Admin\31bc16b98e37d49b311547c94b22d82e.php 第 140 行.
NOTIC: [8] Undefined index: is_display D:\xampp\htdocs\mybbs\Application\Runtime\Cache\Admin\31bc16b98e37d49b311547c94b22d82e.php 第 145 行.
NOTIC: [8] Undefined index: pid D:\xampp\htdocs\mybbs\Application\Runtime\Cache\Admin\31bc16b98e37d49b311547c94b22d82e.php 第 148 行.
NOTIC: [8] Undefined index: pid D:\xampp\htdocs\mybbs\Application\Runtime\Cache\Admin\31bc16b98e37d49b311547c94b22d82e.php 第 152 行.
INFO: Run Behavior\ParseTemplateBehavior [ RunTime:0.004311s ]
INFO: [ view_parse ] --END-- [ RunTime:0.004326s ]
INFO: [ view_filter ] --START--
INFO: Run Behavior\WriteHtmlCacheBehavior [ RunTime:0.000246s ]
INFO: [ view_filter ] --END-- [ RunTime:0.000260s ]
INFO: [ app_end ] --START--
INFO: Run Behavior\ShowPageTraceBehavior [ RunTime:0.000536s ]
INFO: [ app_end ] --END-- [ RunTime:0.000567s ]

[ 2019-04-28T15:04:24+08:00 ] 127.0.0.1 /index.php?m=admin&c=reply&a=index
INFO: [ app_init ] --START--
INFO: Run Behavior\BuildLiteBehavior [ RunTime:0.000007s ]
INFO: [ app_init ] --END-- [ RunTime:0.000478s ]
INFO: [ app_begin ] --START--
INFO: Run Behavior\ReadHtmlCacheBehavior [ RunTime:0.000916s ]
INFO: [ app_begin ] --END-- [ RunTime:0.000948s ]
SQL: SHOW COLUMNS FROM `bbs_reply` [ RunTime:0.0045s ]
SQL: SELECT COUNT(*) AS tp_count FROM `bbs_reply` LIMIT 1   [ RunTime:0.0003s ]
SQL: SELECT * FROM `bbs_reply` LIMIT 0,3   [ RunTime:0.0013s ]
SQL: SHOW COLUMNS FROM `bbs_user` [ RunTime:0.0043s ]
SQL: SELECT `uid`,`uname` FROM `bbs_user`  [ RunTime:0.0002s ]
SQL: SHOW COLUMNS FROM `bbs_post` [ RunTime:0.0944s ]
SQL: SELECT * FROM `bbs_post`  [ RunTime:0.0012s ]
INFO: [ view_parse ] --START--
INFO: [ template_filter ] --START--
INFO: Run Behavior\ContentReplaceBehavior [ RunTime:0.000067s ]
INFO: [ template_filter ] --END-- [ RunTime:0.000108s ]
NOTIC: [8] Undefined variable: users D:\xampp\htdocs\mybbs\Application\Runtime\Cache\Admin\31bc16b98e37d49b311547c94b22d82e.php 第 122 行.
NOTIC: [8] Undefined index: is_jing D:\xampp\htdocs\mybbs\Application\Runtime\Cache\Admin\31bc16b98e37d49b311547c94b22d82e.php 第 129 行.
NOTIC: [8] Undefined index: pid D:\xampp\htdocs\mybbs\Application\Runtime\Cache\Admin\31bc16b98e37d49b311547c94b22d82e.php 第 132 行.
NOTIC: [8] Undefined index: is_top D:\xampp\htdocs\mybbs\Application\Runtime\Cache\Admin\31bc16b98e37d49b311547c94b22d82e.php 第 137 行.
NOTIC: [8] Undefined index: pid D:\xampp\htdocs\mybbs\Application\Runtime\Cache\Admin\31bc16b98e37d49b311547c94b22d82e.php 第 140 行.
NOTIC: [8] Undefined index: is_display D:\xampp\htdocs\mybbs\Application\Runtime\Cache\Admin\31bc16b98e37d49b311547c94b22d82e.php 第 145 行.
NOTIC: [8] Undefined index: pid D:\xampp\htdocs\mybbs\Application\Runtime\Cache\Admin\31bc16b98e37d49b311547c94b22d82e.php 第 148 行.
NOTIC: [8] Undefined index: pid D:\xampp\htdocs\mybbs\Application\Runtime\Cache\Admin\31bc16b98e37d49b311547c94b22d82e.php 第 152 行.
NOTIC: [8] Undefined variable: users D:\xampp\htdocs\mybbs\Application\Runtime\Cache\Admin\31bc16b98e37d49b311547c94b22d82e.php 第 122 行.
NOTIC: [8] Undefined index: is_jing D:\xampp\htdocs\mybbs\Application\Runtime\Cache\Admin\31bc16b98e37d49b311547c94b22d82e.php 第 129 行.
NOTIC: [8] Undefined index: pid D:\xampp\htdocs\mybbs\Application\Runtime\Cache\Admin\31bc16b98e37d49b311547c94b22d82e.php 第 132 行.
NOTIC: [8] Undefined index: is_top D:\xampp\htdocs\mybbs\Application\Runtime\Cache\Admin\31bc16b98e37d49b311547c94b22d82e.php 第 137 行.
NOTIC: [8] Undefined index: pid D:\xampp\htdocs\mybbs\Application\Runtime\Cache\Admin\31bc16b98e37d49b311547c94b22d82e.php 第 140 行.
NOTIC: [8] Undefined index: is_display D:\xampp\htdocs\mybbs\Application\Runtime\Cache\Admin\31bc16b98e37d49b311547c94b22d82e.php 第 145 行.
NOTIC: [8] Undefined index: pid D:\xampp\htdocs\mybbs\Application\Runtime\Cache\Admin\31bc16b98e37d49b311547c94b22d82e.php 第 148 行.
NOTIC: [8] Undefined index: pid D:\xampp\htdocs\mybbs\Application\Runtime\Cache\Admin\31bc16b98e37d49b311547c94b22d82e.php 第 152 行.
NOTIC: [8] Undefined variable: users D:\xampp\htdocs\mybbs\Application\Runtime\Cache\Admin\31bc16b98e37d49b311547c94b22d82e.php 第 122 行.
NOTIC: [8] Undefined index: is_jing D:\xampp\htdocs\mybbs\Application\Runtime\Cache\Admin\31bc16b98e37d49b311547c94b22d82e.php 第 129 行.
NOTIC: [8] Undefined index: pid D:\xampp\htdocs\mybbs\Application\Runtime\Cache\Admin\31bc16b98e37d49b311547c94b22d82e.php 第 132 行.
NOTIC: [8] Undefined index: is_top D:\xampp\htdocs\mybbs\Application\Runtime\Cache\Admin\31bc16b98e37d49b311547c94b22d82e.php 第 137 行.
NOTIC: [8] Undefined index: pid D:\xampp\htdocs\mybbs\Application\Runtime\Cache\Admin\31bc16b98e37d49b311547c94b22d82e.php 第 140 行.
NOTIC: [8] Undefined index: is_display D:\xampp\htdocs\mybbs\Application\Runtime\Cache\Admin\31bc16b98e37d49b311547c94b22d82e.php 第 145 行.
NOTIC: [8] Undefined index: pid D:\xampp\htdocs\mybbs\Application\Runtime\Cache\Admin\31bc16b98e37d49b311547c94b22d82e.php 第 148 行.
NOTIC: [8] Undefined index: pid D:\xampp\htdocs\mybbs\Application\Runtime\Cache\Admin\31bc16b98e37d49b311547c94b22d82e.php 第 152 行.
INFO: Run Behavior\ParseTemplateBehavior [ RunTime:0.019289s ]
INFO: [ view_parse ] --END-- [ RunTime:0.019334s ]
INFO: [ view_filter ] --START--
INFO: Run Behavior\WriteHtmlCacheBehavior [ RunTime:0.000669s ]
INFO: [ view_filter ] --END-- [ RunTime:0.000695s ]
INFO: [ app_end ] --START--
INFO: Run Behavior\ShowPageTraceBehavior [ RunTime:0.001014s ]
INFO: [ app_end ] --END-- [ RunTime:0.001047s ]

